#
# There is insufficient memory for the Java Runtime Environment to continue.
# Native memory allocation (malloc) failed to allocate 44040192 bytes for committing reserved memory.
# Possible reasons:
#   The system is out of physical RAM or swap space
#   In 32 bit mode, the process size limit was hit
# Possible solutions:
#   Reduce memory load on the system
#   Increase physical memory or swap space
#   Check if swap backing store is full
#   Use 64 bit Java on a 64 bit OS
#   Decrease Java heap size (-Xmx/-Xms)
#   Decrease number of Java threads
#   Decrease Java thread stack sizes (-Xss)
#   Set larger code cache with -XX:ReservedCodeCacheSize=
# This output file may be truncated or incomplete.
#
#  Out of Memory Error (os_linux.cpp:2756), pid=15319, tid=1817922368
#
# JRE version: Java(TM) SE Runtime Environment (7.0_79-b15) (build 1.7.0_79-b15)
# Java VM: Java HotSpot(TM) Server VM (24.79-b02 mixed mode linux-x86 )
# Failed to write core dump. Core dumps have been disabled. To enable core dumping, try "ulimit -c unlimited" before starting Java again
#

---------------  T H R E A D  ---------------

Current thread (0x6c410400):  VMThread [stack: 0x6c534000,0x6c5b5000] [id=15351]

Stack: [0x6c534000,0x6c5b5000],  sp=0x6c5b3820,  free space=510k
Native frames: (J=compiled Java code, j=interpreted, Vv=VM code, C=native code)
V  [libjvm.so+0x7eab16]  VMError::report_and_die()+0x1a6
V  [libjvm.so+0x33e222]  report_vm_out_of_memory(char const*, int, unsigned int, char const*)+0x72
V  [libjvm.so+0x686a41]  os::Linux::commit_memory_impl(char*, unsigned int, bool)+0xe1
V  [libjvm.so+0x686f08]  os::pd_commit_memory(char*, unsigned int, unsigned int, bool)+0x28
V  [libjvm.so+0x68064c]  os::commit_memory(char*, unsigned int, unsigned int, bool)+0x2c
V  [libjvm.so+0x6eae98]  PSVirtualSpace::expand_by(unsigned int)+0x48
V  [libjvm.so+0x6ebf9a]  PSYoungGen::resize_generation(unsigned int, unsigned int)+0xda
V  [libjvm.so+0x6eb2d9]  PSYoungGen::resize(unsigned int, unsigned int)+0x19
V  [libjvm.so+0x6e8c09]  PSScavenge::invoke_no_policy()+0xcf9
V  [libjvm.so+0x6e9468]  PSScavenge::invoke()+0x28
V  [libjvm.so+0x6a6fea]  ParallelScavengeHeap::failed_mem_allocate(unsigned int)+0x5a
V  [libjvm.so+0x7ec3aa]  VM_ParallelGCFailedAllocation::doit()+0x7a
V  [libjvm.so+0x7f51c7]  VM_Operation::evaluate()+0x47
V  [libjvm.so+0x7f3263]  VMThread::evaluate_operation(VM_Operation*)+0xb3
V  [libjvm.so+0x7f3600]  VMThread::loop()+0x1b0
V  [libjvm.so+0x7f3a65]  VMThread::run()+0x85
V  [libjvm.so+0x688d19]  java_start(Thread*)+0x119
C  [libpthread.so.0+0x6f70]  start_thread+0xd0

VM_Operation (0x6bd638d4): ParallelGCFailedAllocation, mode: safepoint, requested by thread 0x6c4ae400


---------------  P R O C E S S  ---------------

Java Threads: ( => current thread )
  0x6c4bb400 JavaThread "pool-1-thread-4" [_thread_blocked, id=15388, stack(0x6bc72000,0x6bcc3000)]
  0x6c4af000 JavaThread "pool-1-thread-3" [_thread_blocked, id=15387, stack(0x6bcc3000,0x6bd14000)]
  0x6c4ae400 JavaThread "pool-1-thread-2" [_thread_blocked, id=15384, stack(0x6bd14000,0x6bd65000)]
  0x6c4ab400 JavaThread "pool-2-thread-1" [_thread_blocked, id=15381, stack(0x6bd65000,0x6bdb6000)]
  0x6c4a9000 JavaThread "pool-1-thread-1" [_thread_blocked, id=15379, stack(0x6bdb6000,0x6be07000)]
  0x6c42b000 JavaThread "Service Thread" daemon [_thread_blocked, id=15373, stack(0x6be88000,0x6bed9000)]
  0x6c429400 JavaThread "C2 CompilerThread1" daemon [_thread_blocked, id=15371, stack(0x6bed9000,0x6bf5a000)]
  0x6c427400 JavaThread "C2 CompilerThread0" daemon [_thread_blocked, id=15369, stack(0x6bf5a000,0x6bfdb000)]
  0x6c425c00 JavaThread "Signal Dispatcher" daemon [_thread_blocked, id=15367, stack(0x6bfdb000,0x6c02c000)]
  0x6c414800 JavaThread "Finalizer" daemon [_thread_blocked, id=15354, stack(0x6c35e000,0x6c3af000)]
  0x6c413000 JavaThread "Reference Handler" daemon [_thread_blocked, id=15352, stack(0x6c3af000,0x6c400000)]
  0xb6607800 JavaThread "main" [_thread_blocked, id=15343, stack(0xb6787000,0xb67d8000)]

Other Threads:
=>0x6c410400 VMThread [stack: 0x6c534000,0x6c5b5000] [id=15351]
  0x6c42d000 WatcherThread [stack: 0x6be07000,0x6be88000] [id=15375]

VM state:at safepoint (normal execution)

VM Mutex/Monitor currently owned by a thread:  ([mutex/lock_event])
[0xb6605110] Threads_lock - owner thread: 0x6c410400
[0xb6605520] Heap_lock - owner thread: 0x6c4ae400

Heap
 PSYoungGen      total 34816K, used 2544K [0x9df80000, 0xa0400000, 0xb3500000)
  eden space 32256K, 0% used [0x9df80000,0x9df80000,0x9ff00000)
  from space 2560K, 99% used [0x9ff00000,0xa017c3a8,0xa0180000)
  to   space 2560K, 0% used [0xa0180000,0xa0180000,0xa0400000)
 ParOldGen       total 42240K, used 13879K [0x73500000, 0x75e40000, 0x9df80000)
  object space 42240K, 32% used [0x73500000,0x7428dc78,0x75e40000)
 PSPermGen       total 16384K, used 3927K [0x6f500000, 0x70500000, 0x73500000)
  object space 16384K, 23% used [0x6f500000,0x6f8d5cd8,0x70500000)

Card table byte_map: [0x6f2df000,0x6f500000] byte_map_base: 0x6ef64800

Polling page: 0xb771c000

Code Cache  [0xb35e8000, 0xb3828000, 0xb65e8000)
 total_blobs=360 nmethods=238 adapters=76 free_code_cache=48345Kb largest_free_block=49476928

Compilation events (10 events):
Event: 21,554 Thread 0x6c429400 nmethod 231 0xb3631e88 code [0xb3631f60, 0xb3631fb0]
Event: 21,554 Thread 0x6c429400  232             com.android.dx.rop.code.PlainInsn::<init> (73 bytes)
Event: 21,555 Thread 0x6c429400 nmethod 232 0xb36a8ec8 code [0xb36a8fc0, 0xb36a90d0]
Event: 21,555 Thread 0x6c429400  233             com.android.dx.rop.cst.CstType::compareTo0 (25 bytes)
Event: 21,556 Thread 0x6c429400 nmethod 233 0xb36a8b48 code [0xb36a8c40, 0xb36a8d70]
Event: 21,556 Thread 0x6c429400  234             com.android.dx.rop.code.Rop::isCallLike (5 bytes)
Event: 21,556 Thread 0x6c429400 nmethod 234 0xb36abb48 code [0xb36abc20, 0xb36abc70]
Event: 21,556 Thread 0x6c429400  236             com.android.dx.ssa.SsaMethod::updateOneDefinition (70 bytes)
Event: 21,556 Thread 0x6c429400 nmethod 236 0xb36a8988 code [0xb36a8a80, 0xb36a8af0]
Event: 21,556 Thread 0x6c429400  237             com.android.dx.ssa.SsaInsn::mapRegisters (35 bytes)

GC Heap History (9 events):
Event: 17,267 GC heap before
{Heap before GC invocations=1 (full 0):
 PSYoungGen      total 18688K, used 16128K [0x9df80000, 0x9f440000, 0xb3500000)
  eden space 16128K, 100% used [0x9df80000,0x9ef40000,0x9ef40000)
  from space 2560K, 0% used [0x9f1c0000,0x9f1c0000,0x9f440000)
  to   space 2560K, 0% used [0x9ef40000,0x9ef40000,0x9f1c0000)
 ParOldGen       total 42240K, used 0K [0x73500000, 0x75e40000, 0x9df80000)
  object space 42240K, 0% used [0x73500000,0x73500000,0x75e40000)
 PSPermGen       total 16384K, used 3720K [0x6f500000, 0x70500000, 0x73500000)
  object space 16384K, 22% used [0x6f500000,0x6f8a2280,0x70500000)
Event: 17,275 GC heap after
Heap after GC invocations=1 (full 0):
 PSYoungGen      total 18688K, used 2549K [0x9df80000, 0x9f440000, 0xb3500000)
  eden space 16128K, 0% used [0x9df80000,0x9df80000,0x9ef40000)
  from space 2560K, 99% used [0x9ef40000,0x9f1bd6c8,0x9f1c0000)
  to   space 2560K, 0% used [0x9f1c0000,0x9f1c0000,0x9f440000)
 ParOldGen       total 42240K, used 1097K [0x73500000, 0x75e40000, 0x9df80000)
  object space 42240K, 2% used [0x73500000,0x73612568,0x75e40000)
 PSPermGen       total 16384K, used 3720K [0x6f500000, 0x70500000, 0x73500000)
  object space 16384K, 22% used [0x6f500000,0x6f8a2280,0x70500000)
}
Event: 18,096 GC heap before
{Heap before GC invocations=2 (full 0):
 PSYoungGen      total 18688K, used 18677K [0x9df80000, 0x9f440000, 0xb3500000)
  eden space 16128K, 100% used [0x9df80000,0x9ef40000,0x9ef40000)
  from space 2560K, 99% used [0x9ef40000,0x9f1bd6c8,0x9f1c0000)
  to   space 2560K, 0% used [0x9f1c0000,0x9f1c0000,0x9f440000)
 ParOldGen       total 42240K, used 1097K [0x73500000, 0x75e40000, 0x9df80000)
  object space 42240K, 2% used [0x73500000,0x73612568,0x75e40000)
 PSPermGen       total 16384K, used 3861K [0x6f500000, 0x70500000, 0x73500000)
  object space 16384K, 23% used [0x6f500000,0x6f8c56d0,0x70500000)
Event: 18,148 GC heap after
Heap after GC invocations=2 (full 0):
 PSYoungGen      total 18688K, used 2546K [0x9df80000, 0xa0400000, 0xb3500000)
  eden space 16128K, 0% used [0x9df80000,0x9df80000,0x9ef40000)
  from space 2560K, 99% used [0x9f1c0000,0x9f43ca00,0x9f440000)
  to   space 2560K, 0% used [0x9ef40000,0x9ef40000,0x9f1c0000)
 ParOldGen       total 42240K, used 3257K [0x73500000, 0x75e40000, 0x9df80000)
  object space 42240K, 7% used [0x73500000,0x7382e488,0x75e40000)
 PSPermGen       total 16384K, used 3861K [0x6f500000, 0x70500000, 0x73500000)
  object space 16384K, 23% used [0x6f500000,0x6f8c56d0,0x70500000)
}
Event: 18,839 GC heap before
{Heap before GC invocations=3 (full 0):
 PSYoungGen      total 18688K, used 18674K [0x9df80000, 0xa0400000, 0xb3500000)
  eden space 16128K, 100% used [0x9df80000,0x9ef40000,0x9ef40000)
  from space 2560K, 99% used [0x9f1c0000,0x9f43ca00,0x9f440000)
  to   space 2560K, 0% used [0x9ef40000,0x9ef40000,0x9f1c0000)
 ParOldGen       total 42240K, used 3257K [0x73500000, 0x75e40000, 0x9df80000)
  object space 42240K, 7% used [0x73500000,0x7382e488,0x75e40000)
 PSPermGen       total 16384K, used 3895K [0x6f500000, 0x70500000, 0x73500000)
  object space 16384K, 23% used [0x6f500000,0x6f8cde20,0x70500000)
Event: 18,978 GC heap after
Heap after GC invocations=3 (full 0):
 PSYoungGen      total 18688K, used 2546K [0x9df80000, 0xa0400000, 0xb3500000)
  eden space 16128K, 0% used [0x9df80000,0x9df80000,0x9ef40000)
  from space 2560K, 99% used [0x9ef40000,0x9f1bc8f8,0x9f1c0000)
  to   space 2560K, 0% used [0xa0180000,0xa0180000,0xa0400000)
 ParOldGen       total 42240K, used 6055K [0x73500000, 0x75e40000, 0x9df80000)
  object space 42240K, 14% used [0x73500000,0x73ae9c60,0x75e40000)
 PSPermGen       total 16384K, used 3895K [0x6f500000, 0x70500000, 0x73500000)
  object space 16384K, 23% used [0x6f500000,0x6f8cde20,0x70500000)
}
Event: 19,929 GC heap before
{Heap before GC invocations=4 (full 0):
 PSYoungGen      total 18688K, used 18674K [0x9df80000, 0xa0400000, 0xb3500000)
  eden space 16128K, 100% used [0x9df80000,0x9ef40000,0x9ef40000)
  from space 2560K, 99% used [0x9ef40000,0x9f1bc8f8,0x9f1c0000)
  to   space 2560K, 0% used [0xa0180000,0xa0180000,0xa0400000)
 ParOldGen       total 42240K, used 6055K [0x73500000, 0x75e40000, 0x9df80000)
  object space 42240K, 14% used [0x73500000,0x73ae9c60,0x75e40000)
 PSPermGen       total 16384K, used 3913K [0x6f500000, 0x70500000, 0x73500000)
  object space 16384K, 23% used [0x6f500000,0x6f8d2688,0x70500000)
Event: 20,012 GC heap after
Heap after GC invocations=4 (full 0):
 PSYoungGen      total 34816K, used 2552K [0x9df80000, 0xa0400000, 0xb3500000)
  eden space 32256K, 0% used [0x9df80000,0x9df80000,0x9ff00000)
  from space 2560K, 99% used [0xa0180000,0xa03fe050,0xa0400000)
  to   space 2560K, 0% used [0x9ff00000,0x9ff00000,0xa0180000)
 ParOldGen       total 42240K, used 8642K [0x73500000, 0x75e40000, 0x9df80000)
  object space 42240K, 20% used [0x73500000,0x73d709b0,0x75e40000)
 PSPermGen       total 16384K, used 3913K [0x6f500000, 0x70500000, 0x73500000)
  object space 16384K, 23% used [0x6f500000,0x6f8d2688,0x70500000)
}
Event: 21,594 GC heap before
{Heap before GC invocations=5 (full 0):
 PSYoungGen      total 34816K, used 34808K [0x9df80000, 0xa0400000, 0xb3500000)
  eden space 32256K, 100% used [0x9df80000,0x9ff00000,0x9ff00000)
  from space 2560K, 99% used [0xa0180000,0xa03fe050,0xa0400000)
  to   space 2560K, 0% used [0x9ff00000,0x9ff00000,0xa0180000)
 ParOldGen       total 42240K, used 8642K [0x73500000, 0x75e40000, 0x9df80000)
  object space 42240K, 20% used [0x73500000,0x73d709b0,0x75e40000)
 PSPermGen       total 16384K, used 3927K [0x6f500000, 0x70500000, 0x73500000)
  object space 16384K, 23% used [0x6f500000,0x6f8d5cd8,0x70500000)

Deoptimization events (4 events):
Event: 17,666 Thread 0xb6607800 Uncommon trap: reason=unreached action=reinterpret pc=0xb3654554 method=com.android.dx.rop.cst.Constant.compareTo(Lcom/android/dx/rop/cst/Constant;)I @ 12
Event: 17,917 Thread 0x6c4a9000 Uncommon trap: reason=null_check action=make_not_entrant pc=0xb36598c0 method=com.android.dx.rop.type.Type.equals(Ljava/lang/Object;)Z @ 8
Event: 20,780 Thread 0xb6607800 Uncommon trap: reason=null_check action=make_not_entrant pc=0xb3693b1c method=com.android.dx.ssa.SsaRenamer.getLocalForNewReg(I)Lcom/android/dx/rop/code/LocalItem; @ 19
Event: 21,202 Thread 0xb6607800 Uncommon trap: reason=null_check action=make_not_entrant pc=0xb368a648 method=com.android.dx.rop.type.Type.putIntern(Lcom/android/dx/rop/type/Type;)Lcom/android/dx/rop/type/Type; @ 18

Internal exceptions (10 events):
Event: 17,300 Thread 0x6c4a9000 Threw 0x9df9de18 at /HUDSON/workspace/7u-2-build-linux-i586/jdk7u79/2331/hotspot/src/share/vm/prims/jvm.cpp:1304
Event: 17,300 Thread 0x6c4a9000 Threw 0x9dfa3410 at /HUDSON/workspace/7u-2-build-linux-i586/jdk7u79/2331/hotspot/src/share/vm/prims/jvm.cpp:1304
Event: 17,301 Thread 0x6c4a9000 Threw 0x9dfa8730 at /HUDSON/workspace/7u-2-build-linux-i586/jdk7u79/2331/hotspot/src/share/vm/prims/jvm.cpp:1304
Event: 17,309 Thread 0xb6607800 Threw 0x9e0c96c0 at /HUDSON/workspace/7u-2-build-linux-i586/jdk7u79/2331/hotspot/src/share/vm/prims/jvm.cpp:1304
Event: 17,376 Thread 0x6c4a9000 Threw 0x9e1d8df0 at /HUDSON/workspace/7u-2-build-linux-i586/jdk7u79/2331/hotspot/src/share/vm/prims/jvm.cpp:1304
Event: 17,917 Thread 0x6c4a9000 Implicit null exception at 0xb365982b to 0xb36598b1
Event: 18,490 Thread 0x6c4bb400 Threw 0x9e5be398 at /HUDSON/workspace/7u-2-build-linux-i586/jdk7u79/2331/hotspot/src/share/vm/prims/jvm.cpp:1304
Event: 20,780 Thread 0xb6607800 Implicit null exception at 0xb3692397 to 0xb3693b0d
Event: 20,780 Thread 0xb6607800 Threw 0x9eef86d8 at /HUDSON/workspace/7u-2-build-linux-i586/jdk7u79/2331/hotspot/src/share/vm/prims/jvm.cpp:1304
Event: 21,202 Thread 0xb6607800 Implicit null exception at 0xb368a06a to 0xb368a639

Events (10 events):
Event: 20,012 Executing VM operation: ParallelGCFailedAllocation done
Event: 20,780 Thread 0xb6607800 Uncommon trap: trap_request=0xfffffff4 fr.pc=0xb3693b1c
Event: 20,780 Thread 0xb6607800 DEOPT PACKING pc=0xb3693b1c sp=0xb67d67a0
Event: 20,780 Thread 0xb6607800 DEOPT UNPACKING pc=0xb3614bc8 sp=0xb67d6694 mode 2
Event: 20,780 loading class 0x6f003cc8
Event: 20,780 loading class 0x6f003cc8 done
Event: 21,202 Thread 0xb6607800 Uncommon trap: trap_request=0xfffffff4 fr.pc=0xb368a648
Event: 21,202 Thread 0xb6607800 DEOPT PACKING pc=0xb368a648 sp=0xb67d69f0
Event: 21,202 Thread 0xb6607800 DEOPT UNPACKING pc=0xb3614bc8 sp=0xb67d6988 mode 2
Event: 21,568 Executing VM operation: ParallelGCFailedAllocation


Dynamic libraries:
08048000-08049000 r-xp 00000000 08:05 3021055    /home/birhanu/Software/jdk1.7.0_79/bin/java
08049000-0804a000 rw-p 00000000 08:05 3021055    /home/birhanu/Software/jdk1.7.0_79/bin/java
0899f000-08ec5000 rw-p 00000000 00:00 0          [heap]
6b500000-6b5fe000 rw-p 00000000 00:00 0 
6b5fe000-6b600000 ---p 00000000 00:00 0 
6b600000-6b62c000 rw-p 00000000 00:00 0 
6b62c000-6b700000 ---p 00000000 00:00 0 
6b700000-6b7f6000 rw-p 00000000 00:00 0 
6b7f6000-6b800000 ---p 00000000 00:00 0 
6b800000-6b8b7000 rw-p 00000000 00:00 0 
6b8b7000-6b900000 ---p 00000000 00:00 0 
6b900000-6b9f5000 rw-p 00000000 00:00 0 
6b9f5000-6ba00000 ---p 00000000 00:00 0 
6bb00000-6bbfb000 rw-p 00000000 00:00 0 
6bbfb000-6bc00000 ---p 00000000 00:00 0 
6bc72000-6bc75000 ---p 00000000 00:00 0 
6bc75000-6bcc3000 rw-p 00000000 00:00 0          [stack:15388]
6bcc3000-6bcc6000 ---p 00000000 00:00 0 
6bcc6000-6bd14000 rw-p 00000000 00:00 0          [stack:15387]
6bd14000-6bd17000 ---p 00000000 00:00 0 
6bd17000-6bd65000 rw-p 00000000 00:00 0          [stack:15384]
6bd65000-6bd68000 ---p 00000000 00:00 0 
6bd68000-6bdb6000 rw-p 00000000 00:00 0          [stack:15381]
6bdb6000-6bdb9000 ---p 00000000 00:00 0 
6bdb9000-6be07000 rw-p 00000000 00:00 0          [stack:15379]
6be07000-6be08000 ---p 00000000 00:00 0 
6be08000-6be88000 rw-p 00000000 00:00 0          [stack:15375]
6be88000-6be8b000 ---p 00000000 00:00 0 
6be8b000-6bed9000 rw-p 00000000 00:00 0          [stack:15373]
6bed9000-6bedc000 ---p 00000000 00:00 0 
6bedc000-6bf5a000 rw-p 00000000 00:00 0          [stack:15371]
6bf5a000-6bf5d000 ---p 00000000 00:00 0 
6bf5d000-6bfdb000 rw-p 00000000 00:00 0          [stack:15369]
6bfdb000-6bfde000 ---p 00000000 00:00 0 
6bfde000-6c02c000 rw-p 00000000 00:00 0          [stack:15367]
6c02c000-6c15e000 r--p 002c8000 08:05 3809940    /usr/lib/locale/locale-archive
6c15e000-6c35e000 r--p 00000000 08:05 3809940    /usr/lib/locale/locale-archive
6c35e000-6c361000 ---p 00000000 00:00 0 
6c361000-6c3af000 rw-p 00000000 00:00 0          [stack:15354]
6c3af000-6c3b2000 ---p 00000000 00:00 0 
6c3b2000-6c400000 rw-p 00000000 00:00 0          [stack:15352]
6c400000-6c4fb000 rw-p 00000000 00:00 0 
6c4fb000-6c500000 ---p 00000000 00:00 0 
6c50f000-6c524000 r-xp 00000000 08:05 3021551    /home/birhanu/Software/jdk1.7.0_79/jre/lib/i386/libnet.so
6c524000-6c525000 rw-p 00014000 08:05 3021551    /home/birhanu/Software/jdk1.7.0_79/jre/lib/i386/libnet.so
6c525000-6c533000 r-xp 00000000 08:05 3021560    /home/birhanu/Software/jdk1.7.0_79/jre/lib/i386/libnio.so
6c533000-6c534000 rw-p 0000e000 08:05 3021560    /home/birhanu/Software/jdk1.7.0_79/jre/lib/i386/libnio.so
6c534000-6c535000 ---p 00000000 00:00 0 
6c535000-6c600000 rw-p 00000000 00:00 0          [stack:15351]
6c600000-6c7c0000 r--s 039f7000 08:05 3021068    /home/birhanu/Software/jdk1.7.0_79/jre/lib/rt.jar
6c7c0000-6ee00000 rw-p 00000000 00:00 0 
6ee00000-6eefd000 rw-p 00000000 00:00 0 
6eefd000-6ef00000 ---p 00000000 00:00 0 
6ef0a000-6ef7f000 rw-p 00000000 00:00 0 
6ef7f000-6ef80000 ---p 00000000 00:00 0 
6ef80000-6f000000 rw-p 00000000 00:00 0          [stack:15346]
6f000000-6f021000 rw-p 00000000 00:00 0 
6f021000-6f100000 ---p 00000000 00:00 0 
6f108000-6f109000 ---p 00000000 00:00 0 
6f109000-6f19e000 rw-p 00000000 00:00 0          [stack:15345]
6f19e000-6f2df000 rw-p 00000000 00:00 0 
6f2df000-6f2e7000 rw-p 00000000 00:00 0 
6f2e7000-6f2ff000 rw-p 00000000 00:00 0 
6f2ff000-6f314000 rw-p 00000000 00:00 0 
6f314000-6f454000 rw-p 00000000 00:00 0 
6f454000-6f467000 rw-p 00000000 00:00 0 
6f467000-6f4ff000 rw-p 00000000 00:00 0 
6f4ff000-70500000 rw-p 00000000 00:00 0 
70500000-73500000 rw-p 00000000 00:00 0 
73500000-75e40000 rw-p 00000000 00:00 0 
75e40000-9df80000 rw-p 00000000 00:00 0 
9df80000-a0400000 rw-p 00000000 00:00 0 
a2be4000-a2e00000 rw-p 00000000 00:00 0 
a2e00000-b3500000 rw-p 00000000 00:00 0 
b3508000-b3510000 rw-p 00000000 00:00 0 
b3510000-b3528000 rw-p 00000000 00:00 0 
b3528000-b3531000 rw-p 00000000 00:00 0 
b3531000-b35e8000 rw-p 00000000 00:00 0 
b35e8000-b3828000 rwxp 00000000 00:00 0 
b3828000-b65e8000 rw-p 00000000 00:00 0 
b65e8000-b65ff000 r-xp 00000000 08:05 3021573    /home/birhanu/Software/jdk1.7.0_79/jre/lib/i386/libzip.so
b65ff000-b6600000 rw-p 00017000 08:05 3021573    /home/birhanu/Software/jdk1.7.0_79/jre/lib/i386/libzip.so
b6600000-b66f3000 rw-p 00000000 00:00 0 
b66f3000-b6700000 ---p 00000000 00:00 0 
b670a000-b670b000 rw-p 00000000 00:00 0 
b670b000-b6710000 r--s 00039000 08:05 1715163    /home/birhanu/AndroidStudioProjects/MyApplication/app/build/intermediates/exploded-aar/com.android.support/design/23.1.1/jars/classes.jar
b6710000-b671b000 r-xp 00000000 08:05 4195497    /lib/i386-linux-gnu/libnss_files-2.19.so
b671b000-b671c000 r--p 0000a000 08:05 4195497    /lib/i386-linux-gnu/libnss_files-2.19.so
b671c000-b671d000 rw-p 0000b000 08:05 4195497    /lib/i386-linux-gnu/libnss_files-2.19.so
b671d000-b6727000 r-xp 00000000 08:05 4195507    /lib/i386-linux-gnu/libnss_nis-2.19.so
b6727000-b6728000 r--p 00009000 08:05 4195507    /lib/i386-linux-gnu/libnss_nis-2.19.so
b6728000-b6729000 rw-p 0000a000 08:05 4195507    /lib/i386-linux-gnu/libnss_nis-2.19.so
b6729000-b673e000 r-xp 00000000 08:05 4195491    /lib/i386-linux-gnu/libnsl-2.19.so
b673e000-b673f000 r--p 00015000 08:05 4195491    /lib/i386-linux-gnu/libnsl-2.19.so
b673f000-b6740000 rw-p 00016000 08:05 4195491    /lib/i386-linux-gnu/libnsl-2.19.so
b6740000-b6743000 rw-p 00000000 00:00 0 
b6743000-b6752000 r--s 000df000 08:05 1850569    /home/birhanu/Android/Sdk/build-tools/23.0.2/lib/dx.jar
b6752000-b675a000 rw-s 00000000 08:05 4466484    /tmp/hsperfdata_birhanu/15319
b675a000-b677d000 r-xp 00000000 08:05 3021536    /home/birhanu/Software/jdk1.7.0_79/jre/lib/i386/libjava.so
b677d000-b677e000 rw-p 00023000 08:05 3021536    /home/birhanu/Software/jdk1.7.0_79/jre/lib/i386/libjava.so
b677e000-b6785000 r-xp 00000000 08:05 4195550    /lib/i386-linux-gnu/librt-2.19.so
b6785000-b6786000 r--p 00006000 08:05 4195550    /lib/i386-linux-gnu/librt-2.19.so
b6786000-b6787000 rw-p 00007000 08:05 4195550    /lib/i386-linux-gnu/librt-2.19.so
b6787000-b678a000 ---p 00000000 00:00 0 
b678a000-b67d8000 rw-p 00000000 00:00 0          [stack:15343]
b67d8000-b681c000 r-xp 00000000 08:05 4195472    /lib/i386-linux-gnu/libm-2.19.so
b681c000-b681d000 r--p 00043000 08:05 4195472    /lib/i386-linux-gnu/libm-2.19.so
b681d000-b681e000 rw-p 00044000 08:05 4195472    /lib/i386-linux-gnu/libm-2.19.so
b681e000-b70a5000 r-xp 00000000 08:05 3021572    /home/birhanu/Software/jdk1.7.0_79/jre/lib/i386/server/libjvm.so
b70a5000-b710a000 rw-p 00886000 08:05 3021572    /home/birhanu/Software/jdk1.7.0_79/jre/lib/i386/server/libjvm.so
b710a000-b752d000 rw-p 00000000 00:00 0 
b752d000-b76d5000 r-xp 00000000 08:05 4195421    /lib/i386-linux-gnu/libc-2.19.so
b76d5000-b76d7000 r--p 001a8000 08:05 4195421    /lib/i386-linux-gnu/libc-2.19.so
b76d7000-b76d8000 rw-p 001aa000 08:05 4195421    /lib/i386-linux-gnu/libc-2.19.so
b76d8000-b76db000 rw-p 00000000 00:00 0 
b76db000-b76de000 r-xp 00000000 08:05 4195438    /lib/i386-linux-gnu/libdl-2.19.so
b76de000-b76df000 r--p 00002000 08:05 4195438    /lib/i386-linux-gnu/libdl-2.19.so
b76df000-b76e0000 rw-p 00003000 08:05 4195438    /lib/i386-linux-gnu/libdl-2.19.so
b76e0000-b76e1000 rw-p 00000000 00:00 0 
b76e1000-b76f4000 r-xp 00000000 08:05 3019748    /home/birhanu/Software/jdk1.7.0_79/lib/i386/jli/libjli.so
b76f4000-b76f5000 rw-p 00012000 08:05 3019748    /home/birhanu/Software/jdk1.7.0_79/lib/i386/jli/libjli.so
b76f5000-b770d000 r-xp 00000000 08:05 4195542    /lib/i386-linux-gnu/libpthread-2.19.so
b770d000-b770e000 r--p 00018000 08:05 4195542    /lib/i386-linux-gnu/libpthread-2.19.so
b770e000-b770f000 rw-p 00019000 08:05 4195542    /lib/i386-linux-gnu/libpthread-2.19.so
b770f000-b7711000 rw-p 00000000 00:00 0 
b7711000-b7712000 r--p 002c5000 08:05 3809940    /usr/lib/locale/locale-archive
b7712000-b7719000 r-xp 00000000 08:05 4195493    /lib/i386-linux-gnu/libnss_compat-2.19.so
b7719000-b771a000 r--p 00006000 08:05 4195493    /lib/i386-linux-gnu/libnss_compat-2.19.so
b771a000-b771b000 rw-p 00007000 08:05 4195493    /lib/i386-linux-gnu/libnss_compat-2.19.so
b771b000-b771c000 rw-p 00000000 00:00 0 
b771c000-b771d000 ---p 00000000 00:00 0 
b771d000-b7728000 r-xp 00000000 08:05 3021518    /home/birhanu/Software/jdk1.7.0_79/jre/lib/i386/libverify.so
b7728000-b7729000 rw-p 0000b000 08:05 3021518    /home/birhanu/Software/jdk1.7.0_79/jre/lib/i386/libverify.so
b7729000-b772b000 rw-p 00000000 00:00 0 
b772b000-b772c000 r-xp 00000000 00:00 0          [vdso]
b772c000-b772e000 r--p 00000000 00:00 0          [vvar]
b772e000-b774e000 r-xp 00000000 08:05 4195395    /lib/i386-linux-gnu/ld-2.19.so
b774e000-b774f000 r--p 0001f000 08:05 4195395    /lib/i386-linux-gnu/ld-2.19.so
b774f000-b7750000 rw-p 00020000 08:05 4195395    /lib/i386-linux-gnu/ld-2.19.so
bfa60000-bfa61000 rwxp 00000000 00:00 0 
bfa93000-bfab4000 rw-p 00000000 00:00 0          [stack]

VM Arguments:
jvm_args: -Djava.awt.headless=true -Xmx1024M -Dfile.encoding=UTF-8 -Duser.country=US -Duser.language=en -Duser.variant 
java_command: com.android.dx.command.Main --dex --num-threads=4 --output /home/birhanu/AndroidStudioProjects/MyApplication/app/build/intermediates/pre-dexed/debug/com.android.support-design-23.1.1_d7eaab67a1ec73025fb35219848941258788e23d.jar /home/birhanu/AndroidStudioProjects/MyApplication/app/build/intermediates/exploded-aar/com.android.support/design/23.1.1/jars/classes.jar
Launcher Type: SUN_STANDARD

Environment Variables:
PATH=/home/birhanu/Software/android-studio/bin/:/home/birhanu/Software/jdk1.7.0_79/bin:/usr/local/heroku/bin:/home/birhanu/.rvm/gems/ruby-2.2.0/bin:/home/birhanu/.rvm/gems/ruby-2.2.0@global/bin:/home/birhanu/.rvm/rubies/ruby-2.2.0/bin:/usr/local/sbin:/usr/local/bin:/usr/sbin:/usr/bin:/sbin:/bin:/usr/games:/usr/local/games:/home/birhanu/.rvm/bin:/home/birhanu/.rvm/bin:/home/birhanu/.rvm/bin:/home/birhanu/.rvm/bin:/home/birhanu/.rvm/bin:/home/birhanu/.rvm/bin:/home/birhanu/.rvm/bin:/home/birhanu/.rvm/bin
USERNAME=birhanu
LD_LIBRARY_PATH=.:
SHELL=/usr/bin/zsh
DISPLAY=:0.0

Signal Handlers:
SIGSEGV: [libjvm.so+0x7eb620], sa_mask[0]=0x7ffbfeff, sa_flags=0x10000004
SIGBUS: [libjvm.so+0x7eb620], sa_mask[0]=0x7ffbfeff, sa_flags=0x10000004
SIGFPE: [libjvm.so+0x6835c0], sa_mask[0]=0x7ffbfeff, sa_flags=0x10000004
SIGPIPE: [libjvm.so+0x6835c0], sa_mask[0]=0x7ffbfeff, sa_flags=0x10000004
SIGXFSZ: [libjvm.so+0x6835c0], sa_mask[0]=0x7ffbfeff, sa_flags=0x10000004
SIGILL: [libjvm.so+0x6835c0], sa_mask[0]=0x7ffbfeff, sa_flags=0x10000004
SIGUSR1: SIG_DFL, sa_mask[0]=0x00000000, sa_flags=0x00000000
SIGUSR2: [libjvm.so+0x684dc0], sa_mask[0]=0x00000004, sa_flags=0x10000004
SIGHUP: [libjvm.so+0x6860f0], sa_mask[0]=0x7ffbfeff, sa_flags=0x10000004
SIGINT: [libjvm.so+0x6860f0], sa_mask[0]=0x7ffbfeff, sa_flags=0x10000004
SIGTERM: [libjvm.so+0x6860f0], sa_mask[0]=0x7ffbfeff, sa_flags=0x10000004
SIGQUIT: [libjvm.so+0x6860f0], sa_mask[0]=0x7ffbfeff, sa_flags=0x10000004


---------------  S Y S T E M  ---------------

OS:jessie/sid

uname:Linux 3.16.0-38-generic #52~14.04.1-Ubuntu SMP Fri May 8 09:44:48 UTC 2015 i686
libc:glibc 2.19 NPTL 2.19 
rlimit: STACK 8192k, CORE 0k, NPROC 31546, NOFILE 4096, AS infinity
load average:14,81 9,10 4,31

/proc/meminfo:
MemTotal:        4066476 kB
MemFree:          245356 kB
MemAvailable:     171264 kB
Buffers:             980 kB
Cached:           177556 kB
SwapCached:        17316 kB
Active:          2642060 kB
Inactive:         900240 kB
Active(anon):    2633416 kB
Inactive(anon):   890716 kB
Active(file):       8644 kB
Inactive(file):     9524 kB
Unevictable:         184 kB
Mlocked:             184 kB
HighTotal:       3202756 kB
HighFree:          81292 kB
LowTotal:         863720 kB
LowFree:          164064 kB
SwapTotal:        764924 kB
SwapFree:              0 kB
Dirty:                96 kB
Writeback:             0 kB
AnonPages:       3346976 kB
Mapped:           140536 kB
Shmem:            160240 kB
Slab:              43900 kB
SReclaimable:      21664 kB
SUnreclaim:        22236 kB
KernelStack:        6144 kB
PageTables:        34100 kB
NFS_Unstable:          0 kB
Bounce:              148 kB
WritebackTmp:          0 kB
CommitLimit:     2798160 kB
Committed_AS:   14240668 kB
VmallocTotal:     122880 kB
VmallocUsed:       18688 kB
VmallocChunk:      64852 kB
AnonHugePages:   1447936 kB
HugePages_Total:       0
HugePages_Free:        0
HugePages_Rsvd:        0
HugePages_Surp:        0
Hugepagesize:       2048 kB
DirectMap4k:       16376 kB
DirectMap2M:      892928 kB


CPU:total 2 (2 cores per cpu, 1 threads per core) family 6 model 23 stepping 10, cmov, cx8, fxsr, mmx, sse, sse2, sse3, ssse3, sse4.1, tsc

/proc/cpuinfo:
processor	: 0
vendor_id	: GenuineIntel
cpu family	: 6
model		: 23
model name	: Intel(R) Core(TM)2 Duo CPU     E8400  @ 3.00GHz
stepping	: 10
microcode	: 0xa0b
cpu MHz		: 3000.000
cache size	: 6144 KB
physical id	: 0
siblings	: 2
core id		: 0
cpu cores	: 2
apicid		: 0
initial apicid	: 0
fdiv_bug	: no
f00f_bug	: no
coma_bug	: no
fpu		: yes
fpu_exception	: yes
cpuid level	: 13
wp		: yes
flags		: fpu vme de pse tsc msr pae mce cx8 apic sep mtrr pge mca cmov pat pse36 clflush dts acpi mmx fxsr sse sse2 ss ht tm pbe nx lm constant_tsc arch_perfmon pebs bts aperfmperf pni dtes64 monitor ds_cpl vmx smx est tm2 ssse3 cx16 xtpr pdcm sse4_1 xsave lahf_lm dtherm tpr_shadow vnmi flexpriority
bogomips	: 5985.02
clflush size	: 64
cache_alignment	: 64
address sizes	: 36 bits physical, 48 bits virtual
power management:

processor	: 1
vendor_id	: GenuineIntel
cpu family	: 6
model		: 23
model name	: Intel(R) Core(TM)2 Duo CPU     E8400  @ 3.00GHz
stepping	: 10
microcode	: 0xa0b
cpu MHz		: 3000.000
cache size	: 6144 KB
physical id	: 0
siblings	: 2
core id		: 1
cpu cores	: 2
apicid		: 1
initial apicid	: 1
fdiv_bug	: no
f00f_bug	: no
coma_bug	: no
fpu		: yes
fpu_exception	: yes
cpuid level	: 13
wp		: yes
flags		: fpu vme de pse tsc msr pae mce cx8 apic sep mtrr pge mca cmov pat pse36 clflush dts acpi mmx fxsr sse sse2 ss ht tm pbe nx lm constant_tsc arch_perfmon pebs bts aperfmperf pni dtes64 monitor ds_cpl vmx smx est tm2 ssse3 cx16 xtpr pdcm sse4_1 xsave lahf_lm dtherm tpr_shadow vnmi flexpriority
bogomips	: 5985.02
clflush size	: 64
cache_alignment	: 64
address sizes	: 36 bits physical, 48 bits virtual
power management:



Memory: 4k page, physical 4066476k(245356k free), swap 764924k(0k free)

vm_info: Java HotSpot(TM) Server VM (24.79-b02) for linux-x86 JRE (1.7.0_79-b15), built on Apr 10 2015 11:52:49 by "java_re" with gcc 4.3.0 20080428 (Red Hat 4.3.0-8)

time: Sat Dec  5 14:22:29 2015
elapsed time: 22 seconds

