#
# There is insufficient memory for the Java Runtime Environment to continue.
# Native memory allocation (malloc) failed to allocate 74973184 bytes for committing reserved memory.
# Possible reasons:
#   The system is out of physical RAM or swap space
#   In 32 bit mode, the process size limit was hit
# Possible solutions:
#   Reduce memory load on the system
#   Increase physical memory or swap space
#   Check if swap backing store is full
#   Use 64 bit Java on a 64 bit OS
#   Decrease Java heap size (-Xmx/-Xms)
#   Decrease number of Java threads
#   Decrease Java thread stack sizes (-Xss)
#   Set larger code cache with -XX:ReservedCodeCacheSize=
# This output file may be truncated or incomplete.
#
#  Out of Memory Error (os_linux.cpp:2756), pid=14514, tid=1817922368
#
# JRE version: Java(TM) SE Runtime Environment (7.0_79-b15) (build 1.7.0_79-b15)
# Java VM: Java HotSpot(TM) Server VM (24.79-b02 mixed mode linux-x86 )
# Failed to write core dump. Core dumps have been disabled. To enable core dumping, try "ulimit -c unlimited" before starting Java again
#

---------------  T H R E A D  ---------------

Current thread (0x6c410400):  VMThread [stack: 0x6c534000,0x6c5b5000] [id=14521]

Stack: [0x6c534000,0x6c5b5000],  sp=0x6c5b3aa0,  free space=510k
Native frames: (J=compiled Java code, j=interpreted, Vv=VM code, C=native code)
V  [libjvm.so+0x7eab16]  VMError::report_and_die()+0x1a6
V  [libjvm.so+0x33e222]  report_vm_out_of_memory(char const*, int, unsigned int, char const*)+0x72
V  [libjvm.so+0x686a41]  os::Linux::commit_memory_impl(char*, unsigned int, bool)+0xe1
V  [libjvm.so+0x686f08]  os::pd_commit_memory(char*, unsigned int, unsigned int, bool)+0x28
V  [libjvm.so+0x68064c]  os::commit_memory(char*, unsigned int, unsigned int, bool)+0x2c
V  [libjvm.so+0x6eae98]  PSVirtualSpace::expand_by(unsigned int)+0x48
V  [libjvm.so+0x6ebf9a]  PSYoungGen::resize_generation(unsigned int, unsigned int)+0xda
V  [libjvm.so+0x6eb2d9]  PSYoungGen::resize(unsigned int, unsigned int)+0x19
V  [libjvm.so+0x6e8c09]  PSScavenge::invoke_no_policy()+0xcf9
V  [libjvm.so+0x6e9468]  PSScavenge::invoke()+0x28
V  [libjvm.so+0x6a6fea]  ParallelScavengeHeap::failed_mem_allocate(unsigned int)+0x5a
V  [libjvm.so+0x7ec3aa]  VM_ParallelGCFailedAllocation::doit()+0x7a
V  [libjvm.so+0x7f51c7]  VM_Operation::evaluate()+0x47
V  [libjvm.so+0x7f3263]  VMThread::evaluate_operation(VM_Operation*)+0xb3
V  [libjvm.so+0x7f3600]  VMThread::loop()+0x1b0
V  [libjvm.so+0x7f3a65]  VMThread::run()+0x85
V  [libjvm.so+0x688d19]  java_start(Thread*)+0x119
C  [libpthread.so.0+0x6f70]  start_thread+0xd0

VM_Operation (0x6be05a04): ParallelGCFailedAllocation, mode: safepoint, requested by thread 0x6c4ad400


---------------  P R O C E S S  ---------------

Java Threads: ( => current thread )
  0x6c4b3000 JavaThread "pool-1-thread-4" [_thread_blocked, id=14534, stack(0x6bc72000,0x6bcc3000)]
  0x6c4b2000 JavaThread "pool-1-thread-3" [_thread_blocked, id=14533, stack(0x6bcc3000,0x6bd14000)]
  0x6c4b0c00 JavaThread "pool-1-thread-2" [_thread_blocked, id=14531, stack(0x6bd14000,0x6bd65000)]
  0x6c4afc00 JavaThread "pool-2-thread-1" [_thread_blocked, id=14530, stack(0x6bd65000,0x6bdb6000)]
  0x6c4ad400 JavaThread "pool-1-thread-1" [_thread_blocked, id=14529, stack(0x6bdb6000,0x6be07000)]
  0x6c42b400 JavaThread "Service Thread" daemon [_thread_blocked, id=14527, stack(0x6be88000,0x6bed9000)]
  0x6c429800 JavaThread "C2 CompilerThread1" daemon [_thread_blocked, id=14526, stack(0x6bed9000,0x6bf5a000)]
  0x6c427400 JavaThread "C2 CompilerThread0" daemon [_thread_blocked, id=14525, stack(0x6bf5a000,0x6bfdb000)]
  0x6c425c00 JavaThread "Signal Dispatcher" daemon [_thread_blocked, id=14524, stack(0x6bfdb000,0x6c02c000)]
  0x6c414800 JavaThread "Finalizer" daemon [_thread_blocked, id=14523, stack(0x6c35e000,0x6c3af000)]
  0x6c413000 JavaThread "Reference Handler" daemon [_thread_blocked, id=14522, stack(0x6c3af000,0x6c400000)]
  0xb6607800 JavaThread "main" [_thread_blocked, id=14518, stack(0xb67d8000,0xb6829000)]

Other Threads:
=>0x6c410400 VMThread [stack: 0x6c534000,0x6c5b5000] [id=14521]
  0x6c42d000 WatcherThread [stack: 0x6be07000,0x6be88000] [id=14528]

VM state:at safepoint (normal execution)

VM Mutex/Monitor currently owned by a thread:  ([mutex/lock_event])
[0xb6605120] Threads_lock - owner thread: 0x6c410400
[0xb6605530] Heap_lock - owner thread: 0x6c4ad400

Heap
 PSYoungGen      total 72960K, used 9215K [0x9dfc0000, 0xa30c0000, 0xb3540000)
  eden space 63744K, 0% used [0x9dfc0000,0x9dfc0000,0xa1e00000)
  from space 9216K, 99% used [0xa1e00000,0xa26ffe90,0xa2700000)
  to   space 8448K, 0% used [0xa2700000,0xa2700000,0xa2f40000)
 ParOldGen       total 42240K, used 20810K [0x73540000, 0x75e80000, 0x9dfc0000)
  object space 42240K, 49% used [0x73540000,0x749928e8,0x75e80000)
 PSPermGen       total 16384K, used 3967K [0x6f540000, 0x70540000, 0x73540000)
  object space 16384K, 24% used [0x6f540000,0x6f91fc38,0x70540000)

Card table byte_map: [0x6f31f000,0x6f540000] byte_map_base: 0x6efa4600

Polling page: 0xb776d000

Code Cache  [0xb3600000, 0xb3840000, 0xb6600000)
 total_blobs=412 nmethods=290 adapters=76 free_code_cache=48012Kb largest_free_block=49123008

Compilation events (10 events):
Event: 12,127 Thread 0x6c429800 nmethod 285 0xb36e1488 code [0xb36e1580, 0xb36e1690]
Event: 12,127 Thread 0x6c429800  286             com.android.dx.ssa.back.SsaToRop::convertInsns (53 bytes)
Event: 12,147 Thread 0x6c429800 nmethod 286 0xb36e0b88 code [0xb36e0cc0, 0xb36e1010]
Event: 12,147 Thread 0x6c429800  287             com.android.dx.ssa.SsaMethod::forEachBlockDepthFirstDom (128 bytes)
Event: 12,320 Thread 0x6c427400 nmethod 279 0xb3722788 code [0xb3722b00, 0xb3723fec]
Event: 12,320 Thread 0x6c427400  288             java.util.Collections$UnmodifiableCollection::iterator (9 bytes)
Event: 12,335 Thread 0x6c427400 nmethod 288 0xb36e4008 code [0xb36e4120, 0xb36e4350]
Event: 12,335 Thread 0x6c427400  289             java.util.Collections$UnmodifiableCollection$1::<init> (26 bytes)
Event: 12,352 Thread 0x6c427400 nmethod 289 0xb36e3b08 code [0xb36e3c20, 0xb36e3e10]
Event: 12,352 Thread 0x6c427400  290             com.android.dx.ssa.back.SsaToRop::removePhiFunctions (83 bytes)

GC Heap History (10 events):
Event: 2,671 GC heap after
Heap after GC invocations=2 (full 0):
 PSYoungGen      total 18688K, used 2547K [0x9dfc0000, 0xa0440000, 0xb3540000)
  eden space 16128K, 0% used [0x9dfc0000,0x9dfc0000,0x9ef80000)
  from space 2560K, 99% used [0x9f200000,0x9f47cc80,0x9f480000)
  to   space 2560K, 0% used [0x9ef80000,0x9ef80000,0x9f200000)
 ParOldGen       total 42240K, used 2598K [0x73540000, 0x75e80000, 0x9dfc0000)
  object space 42240K, 6% used [0x73540000,0x737c9aa8,0x75e80000)
 PSPermGen       total 16384K, used 3859K [0x6f540000, 0x70540000, 0x73540000)
  object space 16384K, 23% used [0x6f540000,0x6f904f48,0x70540000)
}
Event: 4,595 GC heap before
{Heap before GC invocations=3 (full 0):
 PSYoungGen      total 18688K, used 18675K [0x9dfc0000, 0xa0440000, 0xb3540000)
  eden space 16128K, 100% used [0x9dfc0000,0x9ef80000,0x9ef80000)
  from space 2560K, 99% used [0x9f200000,0x9f47cc80,0x9f480000)
  to   space 2560K, 0% used [0x9ef80000,0x9ef80000,0x9f200000)
 ParOldGen       total 42240K, used 2598K [0x73540000, 0x75e80000, 0x9dfc0000)
  object space 42240K, 6% used [0x73540000,0x737c9aa8,0x75e80000)
 PSPermGen       total 16384K, used 3886K [0x6f540000, 0x70540000, 0x73540000)
  object space 16384K, 23% used [0x6f540000,0x6f90b978,0x70540000)
Event: 4,655 GC heap after
Heap after GC invocations=3 (full 0):
 PSYoungGen      total 18688K, used 2555K [0x9dfc0000, 0xa0440000, 0xb3540000)
  eden space 16128K, 0% used [0x9dfc0000,0x9dfc0000,0x9ef80000)
  from space 2560K, 99% used [0x9ef80000,0x9f1fec70,0x9f200000)
  to   space 2560K, 0% used [0xa01c0000,0xa01c0000,0xa0440000)
 ParOldGen       total 42240K, used 5010K [0x73540000, 0x75e80000, 0x9dfc0000)
  object space 42240K, 11% used [0x73540000,0x73a24a28,0x75e80000)
 PSPermGen       total 16384K, used 3886K [0x6f540000, 0x70540000, 0x73540000)
  object space 16384K, 23% used [0x6f540000,0x6f90b978,0x70540000)
}
Event: 5,423 GC heap before
{Heap before GC invocations=4 (full 0):
 PSYoungGen      total 18688K, used 18683K [0x9dfc0000, 0xa0440000, 0xb3540000)
  eden space 16128K, 100% used [0x9dfc0000,0x9ef80000,0x9ef80000)
  from space 2560K, 99% used [0x9ef80000,0x9f1fec70,0x9f200000)
  to   space 2560K, 0% used [0xa01c0000,0xa01c0000,0xa0440000)
 ParOldGen       total 42240K, used 5010K [0x73540000, 0x75e80000, 0x9dfc0000)
  object space 42240K, 11% used [0x73540000,0x73a24a28,0x75e80000)
 PSPermGen       total 16384K, used 3908K [0x6f540000, 0x70540000, 0x73540000)
  object space 16384K, 23% used [0x6f540000,0x6f911340,0x70540000)
Event: 5,508 GC heap after
Heap after GC invocations=4 (full 0):
 PSYoungGen      total 34816K, used 2555K [0x9dfc0000, 0xa0440000, 0xb3540000)
  eden space 32256K, 0% used [0x9dfc0000,0x9dfc0000,0x9ff40000)
  from space 2560K, 99% used [0xa01c0000,0xa043ec70,0xa0440000)
  to   space 2560K, 0% used [0x9ff40000,0x9ff40000,0xa01c0000)
 ParOldGen       total 42240K, used 8085K [0x73540000, 0x75e80000, 0x9dfc0000)
  object space 42240K, 19% used [0x73540000,0x73d25520,0x75e80000)
 PSPermGen       total 16384K, used 3908K [0x6f540000, 0x70540000, 0x73540000)
  object space 16384K, 23% used [0x6f540000,0x6f911340,0x70540000)
}
Event: 8,267 GC heap before
{Heap before GC invocations=5 (full 0):
 PSYoungGen      total 34816K, used 34811K [0x9dfc0000, 0xa0440000, 0xb3540000)
  eden space 32256K, 100% used [0x9dfc0000,0x9ff40000,0x9ff40000)
  from space 2560K, 99% used [0xa01c0000,0xa043ec70,0xa0440000)
  to   space 2560K, 0% used [0x9ff40000,0x9ff40000,0xa01c0000)
 ParOldGen       total 42240K, used 8085K [0x73540000, 0x75e80000, 0x9dfc0000)
  object space 42240K, 19% used [0x73540000,0x73d25520,0x75e80000)
 PSPermGen       total 16384K, used 3932K [0x6f540000, 0x70540000, 0x73540000)
  object space 16384K, 24% used [0x6f540000,0x6f9172a0,0x70540000)
Event: 8,415 GC heap after
Heap after GC invocations=5 (full 0):
 PSYoungGen      total 34816K, used 2551K [0x9dfc0000, 0xa2f40000, 0xb3540000)
  eden space 32256K, 0% used [0x9dfc0000,0x9dfc0000,0x9ff40000)
  from space 2560K, 99% used [0x9ff40000,0xa01bdfa8,0xa01c0000)
  to   space 8448K, 0% used [0xa2700000,0xa2700000,0xa2f40000)
 ParOldGen       total 42240K, used 13451K [0x73540000, 0x75e80000, 0x9dfc0000)
  object space 42240K, 31% used [0x73540000,0x74262cc0,0x75e80000)
 PSPermGen       total 16384K, used 3932K [0x6f540000, 0x70540000, 0x73540000)
  object space 16384K, 24% used [0x6f540000,0x6f9172a0,0x70540000)
}
Event: 9,463 GC heap before
{Heap before GC invocations=6 (full 0):
 PSYoungGen      total 34816K, used 34807K [0x9dfc0000, 0xa2f40000, 0xb3540000)
  eden space 32256K, 100% used [0x9dfc0000,0x9ff40000,0x9ff40000)
  from space 2560K, 99% used [0x9ff40000,0xa01bdfa8,0xa01c0000)
  to   space 8448K, 0% used [0xa2700000,0xa2700000,0xa2f40000)
 ParOldGen       total 42240K, used 13451K [0x73540000, 0x75e80000, 0x9dfc0000)
  object space 42240K, 31% used [0x73540000,0x74262cc0,0x75e80000)
 PSPermGen       total 16384K, used 3942K [0x6f540000, 0x70540000, 0x73540000)
  object space 16384K, 24% used [0x6f540000,0x6f919848,0x70540000)
Event: 10,267 GC heap after
Heap after GC invocations=6 (full 0):
 PSYoungGen      total 72192K, used 7716K [0x9dfc0000, 0xa30c0000, 0xb3540000)
  eden space 63744K, 0% used [0x9dfc0000,0x9dfc0000,0xa1e00000)
  from space 8448K, 91% used [0xa2700000,0xa2e89228,0xa2f40000)
  to   space 9216K, 0% used [0xa1e00000,0xa1e00000,0xa2700000)
 ParOldGen       total 42240K, used 13451K [0x73540000, 0x75e80000, 0x9dfc0000)
  object space 42240K, 31% used [0x73540000,0x74262cc0,0x75e80000)
 PSPermGen       total 16384K, used 3942K [0x6f540000, 0x70540000, 0x73540000)
  object space 16384K, 24% used [0x6f540000,0x6f919848,0x70540000)
}
Event: 12,401 GC heap before
{Heap before GC invocations=7 (full 0):
 PSYoungGen      total 72192K, used 71460K [0x9dfc0000, 0xa30c0000, 0xb3540000)
  eden space 63744K, 100% used [0x9dfc0000,0xa1e00000,0xa1e00000)
  from space 8448K, 91% used [0xa2700000,0xa2e89228,0xa2f40000)
  to   space 9216K, 0% used [0xa1e00000,0xa1e00000,0xa2700000)
 ParOldGen       total 42240K, used 13451K [0x73540000, 0x75e80000, 0x9dfc0000)
  object space 42240K, 31% used [0x73540000,0x74262cc0,0x75e80000)
 PSPermGen       total 16384K, used 3967K [0x6f540000, 0x70540000, 0x73540000)
  object space 16384K, 24% used [0x6f540000,0x6f91fc38,0x70540000)

Deoptimization events (9 events):
Event: 3,300 Thread 0xb6607800 Uncommon trap: reason=unreached action=reinterpret pc=0xb365edd4 method=com.android.dx.rop.cst.Constant.compareTo(Lcom/android/dx/rop/cst/Constant;)I @ 12
Event: 4,522 Thread 0xb6607800 Uncommon trap: reason=null_check action=make_not_entrant pc=0xb368958c method=com.android.dx.rop.type.Type.putIntern(Lcom/android/dx/rop/type/Type;)Lcom/android/dx/rop/type/Type; @ 18
Event: 4,567 Thread 0x6c4b0c00 Uncommon trap: reason=null_check action=make_not_entrant pc=0xb36a8ea4 method=com.android.dx.ssa.SsaRenamer.getLocalForNewReg(I)Lcom/android/dx/rop/code/LocalItem; @ 19
Event: 4,993 Thread 0xb6607800 Uncommon trap: reason=bimorphic action=maybe_recompile pc=0xb36978cc method=java.util.HashMap.put(Ljava/lang/Object;Ljava/lang/Object;)Ljava/lang/Object; @ 83
Event: 4,993 Thread 0xb6607800 Uncommon trap: reason=bimorphic action=maybe_recompile pc=0xb36978cc method=java.util.HashMap.put(Ljava/lang/Object;Ljava/lang/Object;)Ljava/lang/Object; @ 83
Event: 4,993 Thread 0xb6607800 Uncommon trap: reason=bimorphic action=maybe_recompile pc=0xb36978cc method=java.util.HashMap.put(Ljava/lang/Object;Ljava/lang/Object;)Ljava/lang/Object; @ 83
Event: 4,993 Thread 0xb6607800 Uncommon trap: reason=bimorphic action=maybe_recompile pc=0xb36978cc method=java.util.HashMap.put(Ljava/lang/Object;Ljava/lang/Object;)Ljava/lang/Object; @ 83
Event: 6,749 Thread 0x6c4b0c00 Uncommon trap: reason=unreached action=reinterpret pc=0xb36cdfe8 method=com.android.dx.ssa.SCCP.simulateBranch(Lcom/android/dx/ssa/SsaInsn;)V @ 132
Event: 6,771 Thread 0x6c4b0c00 Uncommon trap: reason=unreached action=reinterpret pc=0xb36ca57c method=com.android.dx.ssa.SsaMethod.updateOneDefinition(Lcom/android/dx/ssa/SsaInsn;Lcom/android/dx/rop/code/RegisterSpec;)V @ 4

Internal exceptions (10 events):
Event: 1,543 Thread 0xb6607800 Threw 0x9edb5e40 at /HUDSON/workspace/7u-2-build-linux-i586/jdk7u79/2331/hotspot/src/share/vm/prims/jvm.cpp:1304
Event: 1,728 Thread 0x6c4b3000 Threw 0x9e0bbf78 at /HUDSON/workspace/7u-2-build-linux-i586/jdk7u79/2331/hotspot/src/share/vm/prims/jvm.cpp:1304
Event: 1,856 Thread 0xb6607800 Threw 0x9e29abe8 at /HUDSON/workspace/7u-2-build-linux-i586/jdk7u79/2331/hotspot/src/share/vm/prims/jvm.cpp:1304
Event: 1,863 Thread 0xb6607800 Threw 0x9e2aa4f0 at /HUDSON/workspace/7u-2-build-linux-i586/jdk7u79/2331/hotspot/src/share/vm/prims/jvm.cpp:1304
Event: 4,522 Thread 0xb6607800 Implicit null exception at 0xb3688fae to 0xb368957d
Event: 4,567 Thread 0x6c4b0c00 Implicit null exception at 0xb36a776b to 0xb36a8e95
Event: 4,661 Thread 0xb6607800 Threw 0x9e01c2a8 at /HUDSON/workspace/7u-2-build-linux-i586/jdk7u79/2331/hotspot/src/share/vm/prims/jvm.cpp:1304
Event: 6,154 Thread 0xb6607800 Threw 0x9ee7e5b0 at /HUDSON/workspace/7u-2-build-linux-i586/jdk7u79/2331/hotspot/src/share/vm/prims/jvm.cpp:1304
Event: 6,771 Thread 0x6c4b0c00 Threw 0x9fa93c18 at /HUDSON/workspace/7u-2-build-linux-i586/jdk7u79/2331/hotspot/src/share/vm/prims/jvm.cpp:1304
Event: 11,375 Thread 0xb6607800 Threw 0x9f6b9108 at /HUDSON/workspace/7u-2-build-linux-i586/jdk7u79/2331/hotspot/src/share/vm/prims/jvm.cpp:1304

Events (10 events):
Event: 10,280 Executing VM operation: RevokeBias done
Event: 10,280 Executing VM operation: RevokeBias
Event: 10,280 Executing VM operation: RevokeBias done
Event: 10,280 Executing VM operation: RevokeBias
Event: 10,280 Executing VM operation: RevokeBias done
Event: 10,280 Executing VM operation: BulkRevokeBias
Event: 10,281 Executing VM operation: BulkRevokeBias done
Event: 11,375 loading class 0x6c44d510
Event: 11,375 loading class 0x6c44d510 done
Event: 12,397 Executing VM operation: ParallelGCFailedAllocation


Dynamic libraries:
08048000-08049000 r-xp 00000000 08:05 3021055    /home/birhanu/Software/jdk1.7.0_79/bin/java
08049000-0804a000 rw-p 00000000 08:05 3021055    /home/birhanu/Software/jdk1.7.0_79/bin/java
09d73000-0a863000 rw-p 00000000 00:00 0          [heap]
6af00000-6aff9000 rw-p 00000000 00:00 0 
6aff9000-6b000000 ---p 00000000 00:00 0 
6b100000-6b1f9000 rw-p 00000000 00:00 0 
6b1f9000-6b200000 ---p 00000000 00:00 0 
6b200000-6b2fd000 rw-p 00000000 00:00 0 
6b2fd000-6b300000 ---p 00000000 00:00 0 
6b300000-6b3f8000 rw-p 00000000 00:00 0 
6b3f8000-6b400000 ---p 00000000 00:00 0 
6b400000-6b4f9000 rw-p 00000000 00:00 0 
6b4f9000-6b500000 ---p 00000000 00:00 0 
6b500000-6b600000 rw-p 00000000 00:00 0 
6b700000-6b7fb000 rw-p 00000000 00:00 0 
6b7fb000-6b800000 ---p 00000000 00:00 0 
6b900000-6b9f8000 rw-p 00000000 00:00 0 
6b9f8000-6ba00000 ---p 00000000 00:00 0 
6bb00000-6bbf9000 rw-p 00000000 00:00 0 
6bbf9000-6bc00000 ---p 00000000 00:00 0 
6bc72000-6bc75000 ---p 00000000 00:00 0 
6bc75000-6bcc3000 rw-p 00000000 00:00 0          [stack:14534]
6bcc3000-6bcc6000 ---p 00000000 00:00 0 
6bcc6000-6bd14000 rw-p 00000000 00:00 0          [stack:14533]
6bd14000-6bd17000 ---p 00000000 00:00 0 
6bd17000-6bd65000 rw-p 00000000 00:00 0          [stack:14531]
6bd65000-6bd68000 ---p 00000000 00:00 0 
6bd68000-6bdb6000 rw-p 00000000 00:00 0          [stack:14530]
6bdb6000-6bdb9000 ---p 00000000 00:00 0 
6bdb9000-6be07000 rw-p 00000000 00:00 0          [stack:14529]
6be07000-6be08000 ---p 00000000 00:00 0 
6be08000-6be88000 rw-p 00000000 00:00 0          [stack:14528]
6be88000-6be8b000 ---p 00000000 00:00 0 
6be8b000-6bed9000 rw-p 00000000 00:00 0          [stack:14527]
6bed9000-6bedc000 ---p 00000000 00:00 0 
6bedc000-6bf5a000 rw-p 00000000 00:00 0          [stack:14526]
6bf5a000-6bf5d000 ---p 00000000 00:00 0 
6bf5d000-6bfdb000 rw-p 00000000 00:00 0          [stack:14525]
6bfdb000-6bfde000 ---p 00000000 00:00 0 
6bfde000-6c02c000 rw-p 00000000 00:00 0          [stack:14524]
6c02c000-6c15e000 r--p 002c8000 08:05 3809940    /usr/lib/locale/locale-archive
6c15e000-6c35e000 r--p 00000000 08:05 3809940    /usr/lib/locale/locale-archive
6c35e000-6c361000 ---p 00000000 00:00 0 
6c361000-6c3af000 rw-p 00000000 00:00 0          [stack:14523]
6c3af000-6c3b2000 ---p 00000000 00:00 0 
6c3b2000-6c400000 rw-p 00000000 00:00 0          [stack:14522]
6c400000-6c4d7000 rw-p 00000000 00:00 0 
6c4d7000-6c500000 ---p 00000000 00:00 0 
6c534000-6c535000 ---p 00000000 00:00 0 
6c535000-6c600000 rw-p 00000000 00:00 0          [stack:14521]
6c600000-6c7c0000 r--s 039f7000 08:05 3021068    /home/birhanu/Software/jdk1.7.0_79/jre/lib/rt.jar
6c7c0000-6ee00000 rw-p 00000000 00:00 0 
6ee00000-6eeff000 rw-p 00000000 00:00 0 
6eeff000-6ef00000 ---p 00000000 00:00 0 
6ef24000-6ef7f000 rw-p 00000000 00:00 0 
6ef7f000-6ef80000 ---p 00000000 00:00 0 
6ef80000-6f000000 rw-p 00000000 00:00 0          [stack:14520]
6f000000-6f035000 rw-p 00000000 00:00 0 
6f035000-6f100000 ---p 00000000 00:00 0 
6f123000-6f138000 r-xp 00000000 08:05 3021551    /home/birhanu/Software/jdk1.7.0_79/jre/lib/i386/libnet.so
6f138000-6f139000 rw-p 00014000 08:05 3021551    /home/birhanu/Software/jdk1.7.0_79/jre/lib/i386/libnet.so
6f139000-6f147000 r-xp 00000000 08:05 3021560    /home/birhanu/Software/jdk1.7.0_79/jre/lib/i386/libnio.so
6f147000-6f148000 rw-p 0000e000 08:05 3021560    /home/birhanu/Software/jdk1.7.0_79/jre/lib/i386/libnio.so
6f148000-6f149000 ---p 00000000 00:00 0 
6f149000-6f1de000 rw-p 00000000 00:00 0          [stack:14519]
6f1de000-6f31f000 rw-p 00000000 00:00 0 
6f31f000-6f327000 rw-p 00000000 00:00 0 
6f327000-6f33f000 rw-p 00000000 00:00 0 
6f33f000-6f354000 rw-p 00000000 00:00 0 
6f354000-6f494000 rw-p 00000000 00:00 0 
6f494000-6f4bd000 rw-p 00000000 00:00 0 
6f4bd000-6f53f000 rw-p 00000000 00:00 0 
6f53f000-70540000 rw-p 00000000 00:00 0 
70540000-73540000 rw-p 00000000 00:00 0 
73540000-75e80000 rw-p 00000000 00:00 0 
75e80000-9dfc0000 rw-p 00000000 00:00 0 
9dfc0000-a30c0000 rw-p 00000000 00:00 0 
a76cd000-a7840000 rw-p 00000000 00:00 0 
a7840000-b3540000 rw-p 00000000 00:00 0 
b3540000-b3549000 rw-p 00000000 00:00 0 
b3549000-b3600000 rw-p 00000000 00:00 0 
b3600000-b3840000 rwxp 00000000 00:00 0 
b3840000-b66f3000 rw-p 00000000 00:00 0 
b66f3000-b6700000 ---p 00000000 00:00 0 
b6705000-b6706000 rw-p 00000000 00:00 0 
b6706000-b670f000 r--s 00089000 08:05 1447020    /home/birhanu/AndroidStudioProjects/MyApplication/app/build/intermediates/exploded-aar/com.android.support/appcompat-v7/23.1.1/jars/classes.jar
b670f000-b6731000 rw-p 00000000 00:00 0 
b6731000-b6749000 rw-p 00000000 00:00 0 
b6749000-b6760000 r-xp 00000000 08:05 3021573    /home/birhanu/Software/jdk1.7.0_79/jre/lib/i386/libzip.so
b6760000-b6761000 rw-p 00017000 08:05 3021573    /home/birhanu/Software/jdk1.7.0_79/jre/lib/i386/libzip.so
b6761000-b676c000 r-xp 00000000 08:05 4195497    /lib/i386-linux-gnu/libnss_files-2.19.so
b676c000-b676d000 r--p 0000a000 08:05 4195497    /lib/i386-linux-gnu/libnss_files-2.19.so
b676d000-b676e000 rw-p 0000b000 08:05 4195497    /lib/i386-linux-gnu/libnss_files-2.19.so
b676e000-b6778000 r-xp 00000000 08:05 4195507    /lib/i386-linux-gnu/libnss_nis-2.19.so
b6778000-b6779000 r--p 00009000 08:05 4195507    /lib/i386-linux-gnu/libnss_nis-2.19.so
b6779000-b677a000 rw-p 0000a000 08:05 4195507    /lib/i386-linux-gnu/libnss_nis-2.19.so
b677a000-b678f000 r-xp 00000000 08:05 4195491    /lib/i386-linux-gnu/libnsl-2.19.so
b678f000-b6790000 r--p 00015000 08:05 4195491    /lib/i386-linux-gnu/libnsl-2.19.so
b6790000-b6791000 rw-p 00016000 08:05 4195491    /lib/i386-linux-gnu/libnsl-2.19.so
b6791000-b6794000 rw-p 00000000 00:00 0 
b6794000-b67a3000 r--s 000df000 08:05 1850569    /home/birhanu/Android/Sdk/build-tools/23.0.2/lib/dx.jar
b67a3000-b67ab000 rw-s 00000000 08:05 4466377    /tmp/hsperfdata_birhanu/14514
b67ab000-b67ce000 r-xp 00000000 08:05 3021536    /home/birhanu/Software/jdk1.7.0_79/jre/lib/i386/libjava.so
b67ce000-b67cf000 rw-p 00023000 08:05 3021536    /home/birhanu/Software/jdk1.7.0_79/jre/lib/i386/libjava.so
b67cf000-b67d6000 r-xp 00000000 08:05 4195550    /lib/i386-linux-gnu/librt-2.19.so
b67d6000-b67d7000 r--p 00006000 08:05 4195550    /lib/i386-linux-gnu/librt-2.19.so
b67d7000-b67d8000 rw-p 00007000 08:05 4195550    /lib/i386-linux-gnu/librt-2.19.so
b67d8000-b67db000 ---p 00000000 00:00 0 
b67db000-b6829000 rw-p 00000000 00:00 0          [stack:14518]
b6829000-b686d000 r-xp 00000000 08:05 4195472    /lib/i386-linux-gnu/libm-2.19.so
b686d000-b686e000 r--p 00043000 08:05 4195472    /lib/i386-linux-gnu/libm-2.19.so
b686e000-b686f000 rw-p 00044000 08:05 4195472    /lib/i386-linux-gnu/libm-2.19.so
b686f000-b70f6000 r-xp 00000000 08:05 3021572    /home/birhanu/Software/jdk1.7.0_79/jre/lib/i386/server/libjvm.so
b70f6000-b715b000 rw-p 00886000 08:05 3021572    /home/birhanu/Software/jdk1.7.0_79/jre/lib/i386/server/libjvm.so
b715b000-b757e000 rw-p 00000000 00:00 0 
b757e000-b7726000 r-xp 00000000 08:05 4195421    /lib/i386-linux-gnu/libc-2.19.so
b7726000-b7728000 r--p 001a8000 08:05 4195421    /lib/i386-linux-gnu/libc-2.19.so
b7728000-b7729000 rw-p 001aa000 08:05 4195421    /lib/i386-linux-gnu/libc-2.19.so
b7729000-b772c000 rw-p 00000000 00:00 0 
b772c000-b772f000 r-xp 00000000 08:05 4195438    /lib/i386-linux-gnu/libdl-2.19.so
b772f000-b7730000 r--p 00002000 08:05 4195438    /lib/i386-linux-gnu/libdl-2.19.so
b7730000-b7731000 rw-p 00003000 08:05 4195438    /lib/i386-linux-gnu/libdl-2.19.so
b7731000-b7732000 rw-p 00000000 00:00 0 
b7732000-b7745000 r-xp 00000000 08:05 3019748    /home/birhanu/Software/jdk1.7.0_79/lib/i386/jli/libjli.so
b7745000-b7746000 rw-p 00012000 08:05 3019748    /home/birhanu/Software/jdk1.7.0_79/lib/i386/jli/libjli.so
b7746000-b775e000 r-xp 00000000 08:05 4195542    /lib/i386-linux-gnu/libpthread-2.19.so
b775e000-b775f000 r--p 00018000 08:05 4195542    /lib/i386-linux-gnu/libpthread-2.19.so
b775f000-b7760000 rw-p 00019000 08:05 4195542    /lib/i386-linux-gnu/libpthread-2.19.so
b7760000-b7762000 rw-p 00000000 00:00 0 
b7762000-b7763000 r--p 002c5000 08:05 3809940    /usr/lib/locale/locale-archive
b7763000-b776a000 r-xp 00000000 08:05 4195493    /lib/i386-linux-gnu/libnss_compat-2.19.so
b776a000-b776b000 r--p 00006000 08:05 4195493    /lib/i386-linux-gnu/libnss_compat-2.19.so
b776b000-b776c000 rw-p 00007000 08:05 4195493    /lib/i386-linux-gnu/libnss_compat-2.19.so
b776c000-b776d000 rw-p 00000000 00:00 0 
b776d000-b776e000 ---p 00000000 00:00 0 
b776e000-b7779000 r-xp 00000000 08:05 3021518    /home/birhanu/Software/jdk1.7.0_79/jre/lib/i386/libverify.so
b7779000-b777a000 rw-p 0000b000 08:05 3021518    /home/birhanu/Software/jdk1.7.0_79/jre/lib/i386/libverify.so
b777a000-b777c000 rw-p 00000000 00:00 0 
b777c000-b777d000 r-xp 00000000 00:00 0          [vdso]
b777d000-b777f000 r--p 00000000 00:00 0          [vvar]
b777f000-b779f000 r-xp 00000000 08:05 4195395    /lib/i386-linux-gnu/ld-2.19.so
b779f000-b77a0000 r--p 0001f000 08:05 4195395    /lib/i386-linux-gnu/ld-2.19.so
b77a0000-b77a1000 rw-p 00020000 08:05 4195395    /lib/i386-linux-gnu/ld-2.19.so
bfdb0000-bfdb1000 rwxp 00000000 00:00 0 
bfde3000-bfe04000 rw-p 00000000 00:00 0          [stack]

VM Arguments:
jvm_args: -Djava.awt.headless=true -Xmx1024M -Dfile.encoding=UTF-8 -Duser.country=US -Duser.language=en -Duser.variant 
java_command: com.android.dx.command.Main --dex --num-threads=4 --output /home/birhanu/AndroidStudioProjects/MyApplication/app/build/intermediates/pre-dexed/debug/com.android.support-appcompat-v7-23.1.1_ccc026c9ce8d972a26c7eb40eef843a8249b61f2.jar /home/birhanu/AndroidStudioProjects/MyApplication/app/build/intermediates/exploded-aar/com.android.support/appcompat-v7/23.1.1/jars/classes.jar
Launcher Type: SUN_STANDARD

Environment Variables:
PATH=/home/birhanu/Software/android-studio/bin/:/home/birhanu/Software/jdk1.7.0_79/bin:/usr/local/heroku/bin:/home/birhanu/.rvm/gems/ruby-2.2.0/bin:/home/birhanu/.rvm/gems/ruby-2.2.0@global/bin:/home/birhanu/.rvm/rubies/ruby-2.2.0/bin:/usr/local/sbin:/usr/local/bin:/usr/sbin:/usr/bin:/sbin:/bin:/usr/games:/usr/local/games:/home/birhanu/.rvm/bin:/home/birhanu/.rvm/bin:/home/birhanu/.rvm/bin:/home/birhanu/.rvm/bin:/home/birhanu/.rvm/bin:/home/birhanu/.rvm/bin:/home/birhanu/.rvm/bin:/home/birhanu/.rvm/bin
USERNAME=birhanu
LD_LIBRARY_PATH=.:
SHELL=/usr/bin/zsh
DISPLAY=:0.0

Signal Handlers:
SIGSEGV: [libjvm.so+0x7eb620], sa_mask[0]=0x7ffbfeff, sa_flags=0x10000004
SIGBUS: [libjvm.so+0x7eb620], sa_mask[0]=0x7ffbfeff, sa_flags=0x10000004
SIGFPE: [libjvm.so+0x6835c0], sa_mask[0]=0x7ffbfeff, sa_flags=0x10000004
SIGPIPE: [libjvm.so+0x6835c0], sa_mask[0]=0x7ffbfeff, sa_flags=0x10000004
SIGXFSZ: [libjvm.so+0x6835c0], sa_mask[0]=0x7ffbfeff, sa_flags=0x10000004
SIGILL: [libjvm.so+0x6835c0], sa_mask[0]=0x7ffbfeff, sa_flags=0x10000004
SIGUSR1: SIG_DFL, sa_mask[0]=0x00000000, sa_flags=0x00000000
SIGUSR2: [libjvm.so+0x684dc0], sa_mask[0]=0x00000004, sa_flags=0x10000004
SIGHUP: [libjvm.so+0x6860f0], sa_mask[0]=0x7ffbfeff, sa_flags=0x10000004
SIGINT: [libjvm.so+0x6860f0], sa_mask[0]=0x7ffbfeff, sa_flags=0x10000004
SIGTERM: [libjvm.so+0x6860f0], sa_mask[0]=0x7ffbfeff, sa_flags=0x10000004
SIGQUIT: [libjvm.so+0x6860f0], sa_mask[0]=0x7ffbfeff, sa_flags=0x10000004


---------------  S Y S T E M  ---------------

OS:jessie/sid

uname:Linux 3.16.0-38-generic #52~14.04.1-Ubuntu SMP Fri May 8 09:44:48 UTC 2015 i686
libc:glibc 2.19 NPTL 2.19 
rlimit: STACK 8192k, CORE 0k, NPROC 31546, NOFILE 4096, AS infinity
load average:4,70 1,58 0,83

/proc/meminfo:
MemTotal:        4066476 kB
MemFree:          244420 kB
MemAvailable:     192508 kB
Buffers:            1472 kB
Cached:           186216 kB
SwapCached:         9092 kB
Active:          2669628 kB
Inactive:         909324 kB
Active(anon):    2647484 kB
Inactive(anon):   870608 kB
Active(file):      22144 kB
Inactive(file):    38716 kB
Unevictable:         124 kB
Mlocked:             124 kB
HighTotal:       3202756 kB
HighFree:          57544 kB
LowTotal:         863720 kB
LowFree:          186876 kB
SwapTotal:        764924 kB
SwapFree:              0 kB
Dirty:               128 kB
Writeback:             0 kB
AnonPages:       3382528 kB
Mapped:           169464 kB
Shmem:            126640 kB
Slab:              44732 kB
SReclaimable:      23328 kB
SUnreclaim:        21404 kB
KernelStack:        5824 kB
PageTables:        31392 kB
NFS_Unstable:          0 kB
Bounce:              272 kB
WritebackTmp:          0 kB
CommitLimit:     2798160 kB
Committed_AS:   13884784 kB
VmallocTotal:     122880 kB
VmallocUsed:       18448 kB
VmallocChunk:      44920 kB
AnonHugePages:   1165312 kB
HugePages_Total:       0
HugePages_Free:        0
HugePages_Rsvd:        0
HugePages_Surp:        0
Hugepagesize:       2048 kB
DirectMap4k:       43000 kB
DirectMap2M:      866304 kB


CPU:total 2 (2 cores per cpu, 1 threads per core) family 6 model 23 stepping 10, cmov, cx8, fxsr, mmx, sse, sse2, sse3, ssse3, sse4.1, tsc

/proc/cpuinfo:
processor	: 0
vendor_id	: GenuineIntel
cpu family	: 6
model		: 23
model name	: Intel(R) Core(TM)2 Duo CPU     E8400  @ 3.00GHz
stepping	: 10
microcode	: 0xa0b
cpu MHz		: 3000.000
cache size	: 6144 KB
physical id	: 0
siblings	: 2
core id		: 0
cpu cores	: 2
apicid		: 0
initial apicid	: 0
fdiv_bug	: no
f00f_bug	: no
coma_bug	: no
fpu		: yes
fpu_exception	: yes
cpuid level	: 13
wp		: yes
flags		: fpu vme de pse tsc msr pae mce cx8 apic sep mtrr pge mca cmov pat pse36 clflush dts acpi mmx fxsr sse sse2 ss ht tm pbe nx lm constant_tsc arch_perfmon pebs bts aperfmperf pni dtes64 monitor ds_cpl vmx smx est tm2 ssse3 cx16 xtpr pdcm sse4_1 xsave lahf_lm dtherm tpr_shadow vnmi flexpriority
bogomips	: 5984.90
clflush size	: 64
cache_alignment	: 64
address sizes	: 36 bits physical, 48 bits virtual
power management:

processor	: 1
vendor_id	: GenuineIntel
cpu family	: 6
model		: 23
model name	: Intel(R) Core(TM)2 Duo CPU     E8400  @ 3.00GHz
stepping	: 10
microcode	: 0xa0b
cpu MHz		: 3000.000
cache size	: 6144 KB
physical id	: 0
siblings	: 2
core id		: 1
cpu cores	: 2
apicid		: 1
initial apicid	: 1
fdiv_bug	: no
f00f_bug	: no
coma_bug	: no
fpu		: yes
fpu_exception	: yes
cpuid level	: 13
wp		: yes
flags		: fpu vme de pse tsc msr pae mce cx8 apic sep mtrr pge mca cmov pat pse36 clflush dts acpi mmx fxsr sse sse2 ss ht tm pbe nx lm constant_tsc arch_perfmon pebs bts aperfmperf pni dtes64 monitor ds_cpl vmx smx est tm2 ssse3 cx16 xtpr pdcm sse4_1 xsave lahf_lm dtherm tpr_shadow vnmi flexpriority
bogomips	: 5984.90
clflush size	: 64
cache_alignment	: 64
address sizes	: 36 bits physical, 48 bits virtual
power management:



Memory: 4k page, physical 4066476k(244420k free), swap 764924k(0k free)

vm_info: Java HotSpot(TM) Server VM (24.79-b02) for linux-x86 JRE (1.7.0_79-b15), built on Apr 10 2015 11:52:49 by "java_re" with gcc 4.3.0 20080428 (Red Hat 4.3.0-8)

time: Sun Dec  6 18:51:39 2015
elapsed time: 17 seconds

