#
# There is insufficient memory for the Java Runtime Environment to continue.
# Native memory allocation (malloc) failed to allocate 75497472 bytes for committing reserved memory.
# Possible reasons:
#   The system is out of physical RAM or swap space
#   In 32 bit mode, the process size limit was hit
# Possible solutions:
#   Reduce memory load on the system
#   Increase physical memory or swap space
#   Check if swap backing store is full
#   Use 64 bit Java on a 64 bit OS
#   Decrease Java heap size (-Xmx/-Xms)
#   Decrease number of Java threads
#   Decrease Java thread stack sizes (-Xss)
#   Set larger code cache with -XX:ReservedCodeCacheSize=
# This output file may be truncated or incomplete.
#
#  Out of Memory Error (os_linux.cpp:2756), pid=15189, tid=1816132416
#
# JRE version: Java(TM) SE Runtime Environment (7.0_79-b15) (build 1.7.0_79-b15)
# Java VM: Java HotSpot(TM) Server VM (24.79-b02 mixed mode linux-x86 )
# Failed to write core dump. Core dumps have been disabled. To enable core dumping, try "ulimit -c unlimited" before starting Java again
#

---------------  T H R E A D  ---------------

Current thread (0x6c410400):  VMThread [stack: 0x6c37f000,0x6c400000] [id=15200]

Stack: [0x6c37f000,0x6c400000],  sp=0x6c3fe720,  free space=509k
Native frames: (J=compiled Java code, j=interpreted, Vv=VM code, C=native code)
V  [libjvm.so+0x7eab16]  VMError::report_and_die()+0x1a6
V  [libjvm.so+0x33e222]  report_vm_out_of_memory(char const*, int, unsigned int, char const*)+0x72
V  [libjvm.so+0x686a41]  os::Linux::commit_memory_impl(char*, unsigned int, bool)+0xe1
V  [libjvm.so+0x686f08]  os::pd_commit_memory(char*, unsigned int, unsigned int, bool)+0x28
V  [libjvm.so+0x68064c]  os::commit_memory(char*, unsigned int, unsigned int, bool)+0x2c
V  [libjvm.so+0x6eae98]  PSVirtualSpace::expand_by(unsigned int)+0x48
V  [libjvm.so+0x6ebf9a]  PSYoungGen::resize_generation(unsigned int, unsigned int)+0xda
V  [libjvm.so+0x6eb2d9]  PSYoungGen::resize(unsigned int, unsigned int)+0x19
V  [libjvm.so+0x6e8c09]  PSScavenge::invoke_no_policy()+0xcf9
V  [libjvm.so+0x6e9468]  PSScavenge::invoke()+0x28
V  [libjvm.so+0x6a6fea]  ParallelScavengeHeap::failed_mem_allocate(unsigned int)+0x5a
V  [libjvm.so+0x7ec3aa]  VM_ParallelGCFailedAllocation::doit()+0x7a
V  [libjvm.so+0x7f51c7]  VM_Operation::evaluate()+0x47
V  [libjvm.so+0x7f3263]  VMThread::evaluate_operation(VM_Operation*)+0xb3
V  [libjvm.so+0x7f3600]  VMThread::loop()+0x1b0
V  [libjvm.so+0x7f3a65]  VMThread::run()+0x85
V  [libjvm.so+0x688d19]  java_start(Thread*)+0x119
C  [libpthread.so.0+0x6f70]  start_thread+0xd0

VM_Operation (0x6bbfeaa8): ParallelGCFailedAllocation, mode: safepoint, requested by thread 0x6c4c0800


---------------  P R O C E S S  ---------------

Java Threads: ( => current thread )
  0x6c4c2c00 JavaThread "pool-1-thread-4" [_thread_blocked, id=15223, stack(0x6bb0d000,0x6bb5e000)]
  0x6c4c1c00 JavaThread "pool-1-thread-3" [_thread_blocked, id=15222, stack(0x6bb5e000,0x6bbaf000)]
  0x6c4c0800 JavaThread "pool-1-thread-2" [_thread_blocked, id=15221, stack(0x6bbaf000,0x6bc00000)]
  0x6c4be000 JavaThread "pool-2-thread-1" [_thread_blocked, id=15218, stack(0x6bd35000,0x6bd86000)]
  0x6c4bbc00 JavaThread "pool-1-thread-1" [_thread_blocked, id=15217, stack(0x6bd86000,0x6bdd7000)]
  0x6c42b400 JavaThread "Service Thread" daemon [_thread_blocked, id=15211, stack(0x6be58000,0x6bea9000)]
  0x6c429400 JavaThread "C2 CompilerThread1" daemon [_thread_blocked, id=15210, stack(0x6bea9000,0x6bf2a000)]
  0x6c427400 JavaThread "C2 CompilerThread0" daemon [_thread_blocked, id=15208, stack(0x6bf2a000,0x6bfab000)]
  0x6c425c00 JavaThread "Signal Dispatcher" daemon [_thread_blocked, id=15207, stack(0x6bfab000,0x6bffc000)]
  0x6c414800 JavaThread "Finalizer" daemon [_thread_blocked, id=15204, stack(0x6c32e000,0x6c37f000)]
  0x6c413000 JavaThread "Reference Handler" daemon [_thread_blocked, id=15203, stack(0x6ee09000,0x6ee5a000)]
  0xb6607800 JavaThread "main" [_thread_blocked, id=15195, stack(0xb6748000,0xb6799000)]

Other Threads:
=>0x6c410400 VMThread [stack: 0x6c37f000,0x6c400000] [id=15200]
  0x6c42d400 WatcherThread [stack: 0x6bdd7000,0x6be58000] [id=15214]

VM state:at safepoint (normal execution)

VM Mutex/Monitor currently owned by a thread:  ([mutex/lock_event])
[0xb6605120] Threads_lock - owner thread: 0x6c410400
[0xb6605530] Heap_lock - owner thread: 0x6c4c0800

Heap
 PSYoungGen      total 75008K, used 11254K [0x9df40000, 0xa3440000, 0xb34c0000)
  eden space 63744K, 0% used [0x9df40000,0x9df40000,0xa1d80000)
  from space 11264K, 99% used [0xa1d80000,0xa287da88,0xa2880000)
  to   space 10496K, 0% used [0xa2880000,0xa2880000,0xa32c0000)
 ParOldGen       total 42240K, used 21449K [0x734c0000, 0x75e00000, 0x9df40000)
  object space 42240K, 50% used [0x734c0000,0x749b26b0,0x75e00000)
 PSPermGen       total 16384K, used 3969K [0x6f4c0000, 0x704c0000, 0x734c0000)
  object space 16384K, 24% used [0x6f4c0000,0x6f8a0608,0x704c0000)

Card table byte_map: [0x6f29f000,0x6f4c0000] byte_map_base: 0x6ef24a00

Polling page: 0xb76dd000

Code Cache  [0xb35b6000, 0xb37f6000, 0xb65b6000)
 total_blobs=389 nmethods=267 adapters=76 free_code_cache=48179Kb largest_free_block=49311552

Compilation events (10 events):
Event: 8,628 Thread 0x6c429400 nmethod 262 0xb3681248 code [0xb3681340, 0xb36813b0]
Event: 8,628 Thread 0x6c429400  263             java.lang.String::<init> (67 bytes)
Event: 8,639 Thread 0x6c429400 nmethod 263 0xb3680d48 code [0xb3680e60, 0xb36810d0]
Event: 8,639 Thread 0x6c429400  264             com.android.dx.util.IntList::contains (14 bytes)
Event: 8,643 Thread 0x6c429400 nmethod 264 0xb3680908 code [0xb3680a00, 0xb3680bb0]
Event: 8,643 Thread 0x6c429400  265             com.android.dx.ssa.SsaBasicBlock::forEachPhiInsn (54 bytes)
Event: 8,708 Thread 0x6c429400 nmethod 265 0xb367e908 code [0xb367eae0, 0xb367f198]
Event: 8,708 Thread 0x6c429400  266             com.android.dx.rop.code.CstInsn::getConstant (5 bytes)
Event: 8,709 Thread 0x6c429400 nmethod 266 0xb3680788 code [0xb3680860, 0xb36808b0]
Event: 8,709 Thread 0x6c429400  267   !         com.android.dx.cf.code.Ropper::processBlock (1101 bytes)

GC Heap History (10 events):
Event: 2,451 GC heap after
Heap after GC invocations=2 (full 0):
 PSYoungGen      total 18688K, used 2549K [0x9df40000, 0xa03c0000, 0xb34c0000)
  eden space 16128K, 0% used [0x9df40000,0x9df40000,0x9ef00000)
  from space 2560K, 99% used [0x9f180000,0x9f3fd480,0x9f400000)
  to   space 2560K, 0% used [0x9ef00000,0x9ef00000,0x9f180000)
 ParOldGen       total 42240K, used 1916K [0x734c0000, 0x75e00000, 0x9df40000)
  object space 42240K, 4% used [0x734c0000,0x7369f288,0x75e00000)
 PSPermGen       total 16384K, used 3808K [0x6f4c0000, 0x704c0000, 0x734c0000)
  object space 16384K, 23% used [0x6f4c0000,0x6f878320,0x704c0000)
}
Event: 3,222 GC heap before
{Heap before GC invocations=3 (full 0):
 PSYoungGen      total 18688K, used 18677K [0x9df40000, 0xa03c0000, 0xb34c0000)
  eden space 16128K, 100% used [0x9df40000,0x9ef00000,0x9ef00000)
  from space 2560K, 99% used [0x9f180000,0x9f3fd480,0x9f400000)
  to   space 2560K, 0% used [0x9ef00000,0x9ef00000,0x9f180000)
 ParOldGen       total 42240K, used 1916K [0x734c0000, 0x75e00000, 0x9df40000)
  object space 42240K, 4% used [0x734c0000,0x7369f288,0x75e00000)
 PSPermGen       total 16384K, used 3879K [0x6f4c0000, 0x704c0000, 0x734c0000)
  object space 16384K, 23% used [0x6f4c0000,0x6f889f20,0x704c0000)
Event: 3,330 GC heap after
Heap after GC invocations=3 (full 0):
 PSYoungGen      total 18688K, used 2559K [0x9df40000, 0xa03c0000, 0xb34c0000)
  eden space 16128K, 0% used [0x9df40000,0x9df40000,0x9ef00000)
  from space 2560K, 99% used [0x9ef00000,0x9f17fd30,0x9f180000)
  to   space 2560K, 0% used [0xa0140000,0xa0140000,0xa03c0000)
 ParOldGen       total 42240K, used 5190K [0x734c0000, 0x75e00000, 0x9df40000)
  object space 42240K, 12% used [0x734c0000,0x739d1b20,0x75e00000)
 PSPermGen       total 16384K, used 3879K [0x6f4c0000, 0x704c0000, 0x734c0000)
  object space 16384K, 23% used [0x6f4c0000,0x6f889f20,0x704c0000)
}
Event: 4,002 GC heap before
{Heap before GC invocations=4 (full 0):
 PSYoungGen      total 18688K, used 18687K [0x9df40000, 0xa03c0000, 0xb34c0000)
  eden space 16128K, 100% used [0x9df40000,0x9ef00000,0x9ef00000)
  from space 2560K, 99% used [0x9ef00000,0x9f17fd30,0x9f180000)
  to   space 2560K, 0% used [0xa0140000,0xa0140000,0xa03c0000)
 ParOldGen       total 42240K, used 5190K [0x734c0000, 0x75e00000, 0x9df40000)
  object space 42240K, 12% used [0x734c0000,0x739d1b20,0x75e00000)
 PSPermGen       total 16384K, used 3910K [0x6f4c0000, 0x704c0000, 0x734c0000)
  object space 16384K, 23% used [0x6f4c0000,0x6f8918a8,0x704c0000)
Event: 4,182 GC heap after
Heap after GC invocations=4 (full 0):
 PSYoungGen      total 34816K, used 2553K [0x9df40000, 0xa03c0000, 0xb34c0000)
  eden space 32256K, 0% used [0x9df40000,0x9df40000,0x9fec0000)
  from space 2560K, 99% used [0xa0140000,0xa03be7b8,0xa03c0000)
  to   space 2560K, 0% used [0x9fec0000,0x9fec0000,0xa0140000)
 ParOldGen       total 42240K, used 8314K [0x734c0000, 0x75e00000, 0x9df40000)
  object space 42240K, 19% used [0x734c0000,0x73cdea58,0x75e00000)
 PSPermGen       total 16384K, used 3910K [0x6f4c0000, 0x704c0000, 0x734c0000)
  object space 16384K, 23% used [0x6f4c0000,0x6f8918a8,0x704c0000)
}
Event: 5,536 GC heap before
{Heap before GC invocations=5 (full 0):
 PSYoungGen      total 34816K, used 34809K [0x9df40000, 0xa03c0000, 0xb34c0000)
  eden space 32256K, 100% used [0x9df40000,0x9fec0000,0x9fec0000)
  from space 2560K, 99% used [0xa0140000,0xa03be7b8,0xa03c0000)
  to   space 2560K, 0% used [0x9fec0000,0x9fec0000,0xa0140000)
 ParOldGen       total 42240K, used 8314K [0x734c0000, 0x75e00000, 0x9df40000)
  object space 42240K, 19% used [0x734c0000,0x73cdea58,0x75e00000)
 PSPermGen       total 16384K, used 3930K [0x6f4c0000, 0x704c0000, 0x734c0000)
  object space 16384K, 23% used [0x6f4c0000,0x6f896a00,0x704c0000)
Event: 5,581 GC heap after
Heap after GC invocations=5 (full 0):
 PSYoungGen      total 34816K, used 2557K [0x9df40000, 0xa32c0000, 0xb34c0000)
  eden space 32256K, 0% used [0x9df40000,0x9df40000,0x9fec0000)
  from space 2560K, 99% used [0x9fec0000,0xa013f5f0,0xa0140000)
  to   space 10496K, 0% used [0xa2880000,0xa2880000,0xa32c0000)
 ParOldGen       total 42240K, used 14539K [0x734c0000, 0x75e00000, 0x9df40000)
  object space 42240K, 34% used [0x734c0000,0x742f2eb8,0x75e00000)
 PSPermGen       total 16384K, used 3930K [0x6f4c0000, 0x704c0000, 0x734c0000)
  object space 16384K, 23% used [0x6f4c0000,0x6f896a00,0x704c0000)
}
Event: 6,886 GC heap before
{Heap before GC invocations=6 (full 0):
 PSYoungGen      total 34816K, used 34813K [0x9df40000, 0xa32c0000, 0xb34c0000)
  eden space 32256K, 100% used [0x9df40000,0x9fec0000,0x9fec0000)
  from space 2560K, 99% used [0x9fec0000,0xa013f5f0,0xa0140000)
  to   space 10496K, 0% used [0xa2880000,0xa2880000,0xa32c0000)
 ParOldGen       total 42240K, used 14539K [0x734c0000, 0x75e00000, 0x9df40000)
  object space 42240K, 34% used [0x734c0000,0x742f2eb8,0x75e00000)
 PSPermGen       total 16384K, used 3941K [0x6f4c0000, 0x704c0000, 0x734c0000)
  object space 16384K, 24% used [0x6f4c0000,0x6f8996c8,0x704c0000)
Event: 7,014 GC heap after
Heap after GC invocations=6 (full 0):
 PSYoungGen      total 74240K, used 8085K [0x9df40000, 0xa3440000, 0xb34c0000)
  eden space 63744K, 0% used [0x9df40000,0x9df40000,0xa1d80000)
  from space 10496K, 77% used [0xa2880000,0xa3065718,0xa32c0000)
  to   space 11264K, 0% used [0xa1d80000,0xa1d80000,0xa2880000)
 ParOldGen       total 42240K, used 14539K [0x734c0000, 0x75e00000, 0x9df40000)
  object space 42240K, 34% used [0x734c0000,0x742f2eb8,0x75e00000)
 PSPermGen       total 16384K, used 3941K [0x6f4c0000, 0x704c0000, 0x734c0000)
  object space 16384K, 24% used [0x6f4c0000,0x6f8996c8,0x704c0000)
}
Event: 9,662 GC heap before
{Heap before GC invocations=7 (full 0):
 PSYoungGen      total 74240K, used 71829K [0x9df40000, 0xa3440000, 0xb34c0000)
  eden space 63744K, 100% used [0x9df40000,0xa1d80000,0xa1d80000)
  from space 10496K, 77% used [0xa2880000,0xa3065718,0xa32c0000)
  to   space 11264K, 0% used [0xa1d80000,0xa1d80000,0xa2880000)
 ParOldGen       total 42240K, used 14539K [0x734c0000, 0x75e00000, 0x9df40000)
  object space 42240K, 34% used [0x734c0000,0x742f2eb8,0x75e00000)
 PSPermGen       total 16384K, used 3969K [0x6f4c0000, 0x704c0000, 0x734c0000)
  object space 16384K, 24% used [0x6f4c0000,0x6f8a0608,0x704c0000)

Deoptimization events (9 events):
Event: 1,867 Thread 0x6c4c2c00 Uncommon trap: reason=class_check action=maybe_recompile pc=0xb36122a0 method=com.android.dx.ssa.NormalSsaInsn.accept(Lcom/android/dx/ssa/SsaInsn$Visitor;)V @ 9
Event: 2,029 Thread 0x6c4c1c00 Uncommon trap: reason=class_check action=maybe_recompile pc=0xb36122a0 method=com.android.dx.ssa.NormalSsaInsn.accept(Lcom/android/dx/ssa/SsaInsn$Visitor;)V @ 9
Event: 2,067 Thread 0x6c4bbc00 Uncommon trap: reason=class_check action=maybe_recompile pc=0xb36122a0 method=com.android.dx.ssa.NormalSsaInsn.accept(Lcom/android/dx/ssa/SsaInsn$Visitor;)V @ 9
Event: 3,786 Thread 0x6c4c2c00 Uncommon trap: reason=unreached action=reinterpret pc=0xb361c054 method=com.android.dx.rop.cst.Constant.compareTo(Lcom/android/dx/rop/cst/Constant;)I @ 12
Event: 4,400 Thread 0x6c4c2c00 Uncommon trap: reason=unreached action=reinterpret pc=0xb365912c method=com.android.dx.ssa.LocalVariableExtractor.processBlock(I)V @ 251
Event: 5,242 Thread 0x6c4c2c00 Uncommon trap: reason=unreached action=reinterpret pc=0xb366d180 method=com.android.dx.ssa.SsaRenamer$BlockRenamer.process()V @ 90
Event: 5,359 Thread 0xb6607800 Uncommon trap: reason=null_check action=make_not_entrant pc=0xb366847c method=com.android.dx.rop.type.Type.putIntern(Lcom/android/dx/rop/type/Type;)Lcom/android/dx/rop/type/Type; @ 18
Event: 8,164 Thread 0xb6607800 Uncommon trap: reason=unloaded action=reinterpret pc=0xb36959c8 method=com.android.dx.cf.cst.ConstantPoolParser.parse0(ILjava/util/BitSet;)Lcom/android/dx/rop/cst/Constant; @ 220
Event: 8,349 Thread 0xb6607800 Uncommon trap: reason=class_check action=maybe_recompile pc=0xb368c7a0 method=com.android.dx.rop.code.RegisterSpec.withSimpleType()Lcom/android/dx/rop/code/RegisterSpec; @ 21

Internal exceptions (10 events):
Event: 1,787 Thread 0x6c4c2c00 Threw 0x9e48e488 at /HUDSON/workspace/7u-2-build-linux-i586/jdk7u79/2331/hotspot/src/share/vm/prims/jvm.cpp:1304
Event: 1,787 Thread 0x6c4c2c00 Threw 0x9e493710 at /HUDSON/workspace/7u-2-build-linux-i586/jdk7u79/2331/hotspot/src/share/vm/prims/jvm.cpp:1304
Event: 1,907 Thread 0x6c4c0800 Threw 0x9e6dfc98 at /HUDSON/workspace/7u-2-build-linux-i586/jdk7u79/2331/hotspot/src/share/vm/prims/jvm.cpp:1304
Event: 2,011 Thread 0xb6607800 Threw 0x9e901140 at /HUDSON/workspace/7u-2-build-linux-i586/jdk7u79/2331/hotspot/src/share/vm/prims/jvm.cpp:1304
Event: 2,632 Thread 0x6c4bbc00 Threw 0x9e274598 at /HUDSON/workspace/7u-2-build-linux-i586/jdk7u79/2331/hotspot/src/share/vm/prims/jvm.cpp:1304
Event: 3,776 Thread 0xb6607800 Threw 0x9e915340 at /HUDSON/workspace/7u-2-build-linux-i586/jdk7u79/2331/hotspot/src/share/vm/prims/jvm.cpp:1304
Event: 3,852 Thread 0xb6607800 Threw 0x9ea6ab70 at /HUDSON/workspace/7u-2-build-linux-i586/jdk7u79/2331/hotspot/src/share/vm/prims/jvm.cpp:1304
Event: 5,227 Thread 0x6c4c2c00 Threw 0x9f468ce8 at /HUDSON/workspace/7u-2-build-linux-i586/jdk7u79/2331/hotspot/src/share/vm/prims/jvm.cpp:1304
Event: 5,359 Thread 0xb6607800 Implicit null exception at 0xb3667e9a to 0xb366846d
Event: 9,207 Thread 0xb6607800 Threw 0xa13448e0 at /HUDSON/workspace/7u-2-build-linux-i586/jdk7u79/2331/hotspot/src/share/vm/prims/jvm.cpp:1304

Events (10 events):
Event: 7,032 Executing VM operation: BulkRevokeBias done
Event: 8,164 Thread 0xb6607800 Uncommon trap: trap_request=0x000000d2 fr.pc=0xb36959c8
Event: 8,164 Thread 0xb6607800 DEOPT PACKING pc=0xb36959c8 sp=0xb6797a80
Event: 8,164 Thread 0xb6607800 DEOPT UNPACKING pc=0xb35e2bc8 sp=0xb6797a84 mode 2
Event: 8,349 Thread 0xb6607800 Uncommon trap: trap_request=0xffffffde fr.pc=0xb368c7a0
Event: 8,349 Thread 0xb6607800 DEOPT PACKING pc=0xb368c7a0 sp=0xb67978a0
Event: 8,349 Thread 0xb6607800 DEOPT UNPACKING pc=0xb35e2bc8 sp=0xb679786c mode 2
Event: 9,207 loading class 0x6c44d370
Event: 9,207 loading class 0x6c44d370 done
Event: 9,630 Executing VM operation: ParallelGCFailedAllocation


Dynamic libraries:
08048000-08049000 r-xp 00000000 08:05 3021055    /home/birhanu/Software/jdk1.7.0_79/bin/java
08049000-0804a000 rw-p 00000000 08:05 3021055    /home/birhanu/Software/jdk1.7.0_79/bin/java
0804f000-08c39000 rw-p 00000000 00:00 0          [heap]
6b000000-6b040000 rw-p 00000000 00:00 0 
6b040000-6b100000 ---p 00000000 00:00 0 
6b200000-6b2f7000 rw-p 00000000 00:00 0 
6b2f7000-6b300000 ---p 00000000 00:00 0 
6b400000-6b4dc000 rw-p 00000000 00:00 0 
6b4dc000-6b500000 ---p 00000000 00:00 0 
6b500000-6b5f5000 rw-p 00000000 00:00 0 
6b5f5000-6b600000 ---p 00000000 00:00 0 
6b600000-6b6f8000 rw-p 00000000 00:00 0 
6b6f8000-6b700000 ---p 00000000 00:00 0 
6b700000-6b7ff000 rw-p 00000000 00:00 0 
6b7ff000-6b800000 ---p 00000000 00:00 0 
6b800000-6b8ff000 rw-p 00000000 00:00 0 
6b8ff000-6b900000 ---p 00000000 00:00 0 
6b900000-6b9e2000 rw-p 00000000 00:00 0 
6b9e2000-6ba00000 ---p 00000000 00:00 0 
6ba00000-6ba29000 rw-p 00000000 00:00 0 
6ba29000-6bb00000 ---p 00000000 00:00 0 
6bb0d000-6bb10000 ---p 00000000 00:00 0 
6bb10000-6bb5e000 rw-p 00000000 00:00 0          [stack:15223]
6bb5e000-6bb61000 ---p 00000000 00:00 0 
6bb61000-6bbaf000 rw-p 00000000 00:00 0          [stack:15222]
6bbaf000-6bbb2000 ---p 00000000 00:00 0 
6bbb2000-6bc00000 rw-p 00000000 00:00 0          [stack:15221]
6bc00000-6bcfd000 rw-p 00000000 00:00 0 
6bcfd000-6bd00000 ---p 00000000 00:00 0 
6bd35000-6bd38000 ---p 00000000 00:00 0 
6bd38000-6bd86000 rw-p 00000000 00:00 0          [stack:15218]
6bd86000-6bd89000 ---p 00000000 00:00 0 
6bd89000-6bdd7000 rw-p 00000000 00:00 0          [stack:15217]
6bdd7000-6bdd8000 ---p 00000000 00:00 0 
6bdd8000-6be58000 rw-p 00000000 00:00 0          [stack:15214]
6be58000-6be5b000 ---p 00000000 00:00 0 
6be5b000-6bea9000 rw-p 00000000 00:00 0          [stack:15211]
6bea9000-6beac000 ---p 00000000 00:00 0 
6beac000-6bf2a000 rw-p 00000000 00:00 0          [stack:15210]
6bf2a000-6bf2d000 ---p 00000000 00:00 0 
6bf2d000-6bfab000 rw-p 00000000 00:00 0          [stack:15208]
6bfab000-6bfae000 ---p 00000000 00:00 0 
6bfae000-6bffc000 rw-p 00000000 00:00 0          [stack:15207]
6bffc000-6c12e000 r--p 002c8000 08:05 3809940    /usr/lib/locale/locale-archive
6c12e000-6c32e000 r--p 00000000 08:05 3809940    /usr/lib/locale/locale-archive
6c32e000-6c331000 ---p 00000000 00:00 0 
6c331000-6c37f000 rw-p 00000000 00:00 0          [stack:15204]
6c37f000-6c380000 ---p 00000000 00:00 0 
6c380000-6c400000 rw-p 00000000 00:00 0          [stack:15200]
6c400000-6c4fa000 rw-p 00000000 00:00 0 
6c4fa000-6c500000 ---p 00000000 00:00 0 
6c500000-6c6c0000 r--s 039f7000 08:05 3021068    /home/birhanu/Software/jdk1.7.0_79/jre/lib/rt.jar
6c6c0000-6ed00000 rw-p 00000000 00:00 0 
6ed00000-6edfe000 rw-p 00000000 00:00 0 
6edfe000-6ee00000 ---p 00000000 00:00 0 
6ee09000-6ee0c000 ---p 00000000 00:00 0 
6ee0c000-6ef00000 rw-p 00000000 00:00 0          [stack:15203]
6ef00000-6ef21000 rw-p 00000000 00:00 0 
6ef21000-6f000000 ---p 00000000 00:00 0 
6f008000-6f01d000 r-xp 00000000 08:05 3021551    /home/birhanu/Software/jdk1.7.0_79/jre/lib/i386/libnet.so
6f01d000-6f01e000 rw-p 00014000 08:05 3021551    /home/birhanu/Software/jdk1.7.0_79/jre/lib/i386/libnet.so
6f01e000-6f02c000 r-xp 00000000 08:05 3021560    /home/birhanu/Software/jdk1.7.0_79/jre/lib/i386/libnio.so
6f02c000-6f02d000 rw-p 0000e000 08:05 3021560    /home/birhanu/Software/jdk1.7.0_79/jre/lib/i386/libnio.so
6f02d000-6f047000 rw-p 00000000 00:00 0 
6f047000-6f048000 ---p 00000000 00:00 0 
6f048000-6f0c8000 rw-p 00000000 00:00 0          [stack:15199]
6f0c8000-6f0c9000 ---p 00000000 00:00 0 
6f0c9000-6f15e000 rw-p 00000000 00:00 0          [stack:15197]
6f15e000-6f29f000 rw-p 00000000 00:00 0 
6f29f000-6f2a7000 rw-p 00000000 00:00 0 
6f2a7000-6f2bf000 rw-p 00000000 00:00 0 
6f2bf000-6f2d4000 rw-p 00000000 00:00 0 
6f2d4000-6f414000 rw-p 00000000 00:00 0 
6f414000-6f43f000 rw-p 00000000 00:00 0 
6f43f000-6f4bf000 rw-p 00000000 00:00 0 
6f4bf000-704c0000 rw-p 00000000 00:00 0 
704c0000-734c0000 rw-p 00000000 00:00 0 
734c0000-75e00000 rw-p 00000000 00:00 0 
75e00000-9df40000 rw-p 00000000 00:00 0 
9df40000-a3440000 rw-p 00000000 00:00 0 
a7a24000-a7c40000 rw-p 00000000 00:00 0 
a7c40000-b34c0000 rw-p 00000000 00:00 0 
b34c1000-b34d6000 r--s 000e5000 08:05 1715387    /home/birhanu/AndroidStudioProjects/MyApplication/app/build/intermediates/exploded-aar/com.android.support/support-v4/23.1.1/jars/classes.jar
b34d6000-b34de000 rw-p 00000000 00:00 0 
b34de000-b34f6000 rw-p 00000000 00:00 0 
b34f6000-b34ff000 rw-p 00000000 00:00 0 
b34ff000-b35b6000 rw-p 00000000 00:00 0 
b35b6000-b37f6000 rwxp 00000000 00:00 0 
b37f6000-b65b6000 rw-p 00000000 00:00 0 
b65b6000-b65cd000 r-xp 00000000 08:05 3021573    /home/birhanu/Software/jdk1.7.0_79/jre/lib/i386/libzip.so
b65cd000-b65ce000 rw-p 00017000 08:05 3021573    /home/birhanu/Software/jdk1.7.0_79/jre/lib/i386/libzip.so
b65ce000-b65d9000 r-xp 00000000 08:05 4195497    /lib/i386-linux-gnu/libnss_files-2.19.so
b65d9000-b65da000 r--p 0000a000 08:05 4195497    /lib/i386-linux-gnu/libnss_files-2.19.so
b65da000-b65db000 rw-p 0000b000 08:05 4195497    /lib/i386-linux-gnu/libnss_files-2.19.so
b65db000-b65e5000 r-xp 00000000 08:05 4195507    /lib/i386-linux-gnu/libnss_nis-2.19.so
b65e5000-b65e6000 r--p 00009000 08:05 4195507    /lib/i386-linux-gnu/libnss_nis-2.19.so
b65e6000-b65e7000 rw-p 0000a000 08:05 4195507    /lib/i386-linux-gnu/libnss_nis-2.19.so
b65e7000-b65fc000 r-xp 00000000 08:05 4195491    /lib/i386-linux-gnu/libnsl-2.19.so
b65fc000-b65fd000 r--p 00015000 08:05 4195491    /lib/i386-linux-gnu/libnsl-2.19.so
b65fd000-b65fe000 rw-p 00016000 08:05 4195491    /lib/i386-linux-gnu/libnsl-2.19.so
b65fe000-b6600000 rw-p 00000000 00:00 0 
b6600000-b66f3000 rw-p 00000000 00:00 0 
b66f3000-b6700000 ---p 00000000 00:00 0 
b6702000-b6704000 rw-p 00000000 00:00 0 
b6704000-b6713000 r--s 000df000 08:05 1850569    /home/birhanu/Android/Sdk/build-tools/23.0.2/lib/dx.jar
b6713000-b671b000 rw-s 00000000 08:05 4466484    /tmp/hsperfdata_birhanu/15189
b671b000-b673e000 r-xp 00000000 08:05 3021536    /home/birhanu/Software/jdk1.7.0_79/jre/lib/i386/libjava.so
b673e000-b673f000 rw-p 00023000 08:05 3021536    /home/birhanu/Software/jdk1.7.0_79/jre/lib/i386/libjava.so
b673f000-b6746000 r-xp 00000000 08:05 4195550    /lib/i386-linux-gnu/librt-2.19.so
b6746000-b6747000 r--p 00006000 08:05 4195550    /lib/i386-linux-gnu/librt-2.19.so
b6747000-b6748000 rw-p 00007000 08:05 4195550    /lib/i386-linux-gnu/librt-2.19.so
b6748000-b674b000 ---p 00000000 00:00 0 
b674b000-b6799000 rw-p 00000000 00:00 0          [stack:15195]
b6799000-b67dd000 r-xp 00000000 08:05 4195472    /lib/i386-linux-gnu/libm-2.19.so
b67dd000-b67de000 r--p 00043000 08:05 4195472    /lib/i386-linux-gnu/libm-2.19.so
b67de000-b67df000 rw-p 00044000 08:05 4195472    /lib/i386-linux-gnu/libm-2.19.so
b67df000-b7066000 r-xp 00000000 08:05 3021572    /home/birhanu/Software/jdk1.7.0_79/jre/lib/i386/server/libjvm.so
b7066000-b70cb000 rw-p 00886000 08:05 3021572    /home/birhanu/Software/jdk1.7.0_79/jre/lib/i386/server/libjvm.so
b70cb000-b74ee000 rw-p 00000000 00:00 0 
b74ee000-b7696000 r-xp 00000000 08:05 4195421    /lib/i386-linux-gnu/libc-2.19.so
b7696000-b7698000 r--p 001a8000 08:05 4195421    /lib/i386-linux-gnu/libc-2.19.so
b7698000-b7699000 rw-p 001aa000 08:05 4195421    /lib/i386-linux-gnu/libc-2.19.so
b7699000-b769c000 rw-p 00000000 00:00 0 
b769c000-b769f000 r-xp 00000000 08:05 4195438    /lib/i386-linux-gnu/libdl-2.19.so
b769f000-b76a0000 r--p 00002000 08:05 4195438    /lib/i386-linux-gnu/libdl-2.19.so
b76a0000-b76a1000 rw-p 00003000 08:05 4195438    /lib/i386-linux-gnu/libdl-2.19.so
b76a1000-b76a2000 rw-p 00000000 00:00 0 
b76a2000-b76b5000 r-xp 00000000 08:05 3019748    /home/birhanu/Software/jdk1.7.0_79/lib/i386/jli/libjli.so
b76b5000-b76b6000 rw-p 00012000 08:05 3019748    /home/birhanu/Software/jdk1.7.0_79/lib/i386/jli/libjli.so
b76b6000-b76ce000 r-xp 00000000 08:05 4195542    /lib/i386-linux-gnu/libpthread-2.19.so
b76ce000-b76cf000 r--p 00018000 08:05 4195542    /lib/i386-linux-gnu/libpthread-2.19.so
b76cf000-b76d0000 rw-p 00019000 08:05 4195542    /lib/i386-linux-gnu/libpthread-2.19.so
b76d0000-b76d2000 rw-p 00000000 00:00 0 
b76d2000-b76d3000 r--p 002c5000 08:05 3809940    /usr/lib/locale/locale-archive
b76d3000-b76da000 r-xp 00000000 08:05 4195493    /lib/i386-linux-gnu/libnss_compat-2.19.so
b76da000-b76db000 r--p 00006000 08:05 4195493    /lib/i386-linux-gnu/libnss_compat-2.19.so
b76db000-b76dc000 rw-p 00007000 08:05 4195493    /lib/i386-linux-gnu/libnss_compat-2.19.so
b76dc000-b76dd000 rw-p 00000000 00:00 0 
b76dd000-b76de000 ---p 00000000 00:00 0 
b76de000-b76e9000 r-xp 00000000 08:05 3021518    /home/birhanu/Software/jdk1.7.0_79/jre/lib/i386/libverify.so
b76e9000-b76ea000 rw-p 0000b000 08:05 3021518    /home/birhanu/Software/jdk1.7.0_79/jre/lib/i386/libverify.so
b76ea000-b76ec000 rw-p 00000000 00:00 0 
b76ec000-b76ed000 r-xp 00000000 00:00 0          [vdso]
b76ed000-b76ef000 r--p 00000000 00:00 0          [vvar]
b76ef000-b770f000 r-xp 00000000 08:05 4195395    /lib/i386-linux-gnu/ld-2.19.so
b770f000-b7710000 r--p 0001f000 08:05 4195395    /lib/i386-linux-gnu/ld-2.19.so
b7710000-b7711000 rw-p 00020000 08:05 4195395    /lib/i386-linux-gnu/ld-2.19.so
bf96f000-bf970000 rwxp 00000000 00:00 0 
bf9a2000-bf9c3000 rw-p 00000000 00:00 0          [stack]

VM Arguments:
jvm_args: -Djava.awt.headless=true -Xmx1024M -Dfile.encoding=UTF-8 -Duser.country=US -Duser.language=en -Duser.variant 
java_command: com.android.dx.command.Main --dex --num-threads=4 --output /home/birhanu/AndroidStudioProjects/MyApplication/app/build/intermediates/pre-dexed/debug/com.android.support-support-v4-23.1.1_2be5a2db74f35354389b954700fb715638195039.jar /home/birhanu/AndroidStudioProjects/MyApplication/app/build/intermediates/exploded-aar/com.android.support/support-v4/23.1.1/jars/classes.jar
Launcher Type: SUN_STANDARD

Environment Variables:
PATH=/home/birhanu/Software/android-studio/bin/:/home/birhanu/Software/jdk1.7.0_79/bin:/usr/local/heroku/bin:/home/birhanu/.rvm/gems/ruby-2.2.0/bin:/home/birhanu/.rvm/gems/ruby-2.2.0@global/bin:/home/birhanu/.rvm/rubies/ruby-2.2.0/bin:/usr/local/sbin:/usr/local/bin:/usr/sbin:/usr/bin:/sbin:/bin:/usr/games:/usr/local/games:/home/birhanu/.rvm/bin:/home/birhanu/.rvm/bin:/home/birhanu/.rvm/bin:/home/birhanu/.rvm/bin:/home/birhanu/.rvm/bin:/home/birhanu/.rvm/bin:/home/birhanu/.rvm/bin:/home/birhanu/.rvm/bin
USERNAME=birhanu
LD_LIBRARY_PATH=.:
SHELL=/usr/bin/zsh
DISPLAY=:0.0

Signal Handlers:
SIGSEGV: [libjvm.so+0x7eb620], sa_mask[0]=0x7ffbfeff, sa_flags=0x10000004
SIGBUS: [libjvm.so+0x7eb620], sa_mask[0]=0x7ffbfeff, sa_flags=0x10000004
SIGFPE: [libjvm.so+0x6835c0], sa_mask[0]=0x7ffbfeff, sa_flags=0x10000004
SIGPIPE: [libjvm.so+0x6835c0], sa_mask[0]=0x7ffbfeff, sa_flags=0x10000004
SIGXFSZ: [libjvm.so+0x6835c0], sa_mask[0]=0x7ffbfeff, sa_flags=0x10000004
SIGILL: [libjvm.so+0x6835c0], sa_mask[0]=0x7ffbfeff, sa_flags=0x10000004
SIGUSR1: SIG_DFL, sa_mask[0]=0x00000000, sa_flags=0x00000000
SIGUSR2: [libjvm.so+0x684dc0], sa_mask[0]=0x00000004, sa_flags=0x10000004
SIGHUP: [libjvm.so+0x6860f0], sa_mask[0]=0x7ffbfeff, sa_flags=0x10000004
SIGINT: [libjvm.so+0x6860f0], sa_mask[0]=0x7ffbfeff, sa_flags=0x10000004
SIGTERM: [libjvm.so+0x6860f0], sa_mask[0]=0x7ffbfeff, sa_flags=0x10000004
SIGQUIT: [libjvm.so+0x6860f0], sa_mask[0]=0x7ffbfeff, sa_flags=0x10000004


---------------  S Y S T E M  ---------------

OS:jessie/sid

uname:Linux 3.16.0-38-generic #52~14.04.1-Ubuntu SMP Fri May 8 09:44:48 UTC 2015 i686
libc:glibc 2.19 NPTL 2.19 
rlimit: STACK 8192k, CORE 0k, NPROC 31546, NOFILE 4096, AS infinity
load average:22,04 7,59 3,40

/proc/meminfo:
MemTotal:        4066476 kB
MemFree:          216012 kB
MemAvailable:     144792 kB
Buffers:             668 kB
Cached:           182892 kB
SwapCached:        27056 kB
Active:          2684484 kB
Inactive:         920296 kB
Active(anon):    2678732 kB
Inactive(anon):   902232 kB
Active(file):       5752 kB
Inactive(file):    18064 kB
Unevictable:         184 kB
Mlocked:             184 kB
HighTotal:       3202756 kB
HighFree:          58592 kB
LowTotal:         863720 kB
LowFree:          157420 kB
SwapTotal:        764924 kB
SwapFree:              0 kB
Dirty:                28 kB
Writeback:             0 kB
AnonPages:       3394968 kB
Mapped:           171752 kB
Shmem:            159460 kB
Slab:              44012 kB
SReclaimable:      21760 kB
SUnreclaim:        22252 kB
KernelStack:        6240 kB
PageTables:        34412 kB
NFS_Unstable:          0 kB
Bounce:                0 kB
WritebackTmp:          0 kB
CommitLimit:     2798160 kB
Committed_AS:   14367376 kB
VmallocTotal:     122880 kB
VmallocUsed:       18708 kB
VmallocChunk:      65784 kB
AnonHugePages:   1390592 kB
HugePages_Total:       0
HugePages_Free:        0
HugePages_Rsvd:        0
HugePages_Surp:        0
Hugepagesize:       2048 kB
DirectMap4k:       16376 kB
DirectMap2M:      892928 kB


CPU:total 2 (2 cores per cpu, 1 threads per core) family 6 model 23 stepping 10, cmov, cx8, fxsr, mmx, sse, sse2, sse3, ssse3, sse4.1, tsc

/proc/cpuinfo:
processor	: 0
vendor_id	: GenuineIntel
cpu family	: 6
model		: 23
model name	: Intel(R) Core(TM)2 Duo CPU     E8400  @ 3.00GHz
stepping	: 10
microcode	: 0xa0b
cpu MHz		: 3000.000
cache size	: 6144 KB
physical id	: 0
siblings	: 2
core id		: 0
cpu cores	: 2
apicid		: 0
initial apicid	: 0
fdiv_bug	: no
f00f_bug	: no
coma_bug	: no
fpu		: yes
fpu_exception	: yes
cpuid level	: 13
wp		: yes
flags		: fpu vme de pse tsc msr pae mce cx8 apic sep mtrr pge mca cmov pat pse36 clflush dts acpi mmx fxsr sse sse2 ss ht tm pbe nx lm constant_tsc arch_perfmon pebs bts aperfmperf pni dtes64 monitor ds_cpl vmx smx est tm2 ssse3 cx16 xtpr pdcm sse4_1 xsave lahf_lm dtherm tpr_shadow vnmi flexpriority
bogomips	: 5985.02
clflush size	: 64
cache_alignment	: 64
address sizes	: 36 bits physical, 48 bits virtual
power management:

processor	: 1
vendor_id	: GenuineIntel
cpu family	: 6
model		: 23
model name	: Intel(R) Core(TM)2 Duo CPU     E8400  @ 3.00GHz
stepping	: 10
microcode	: 0xa0b
cpu MHz		: 3000.000
cache size	: 6144 KB
physical id	: 0
siblings	: 2
core id		: 1
cpu cores	: 2
apicid		: 1
initial apicid	: 1
fdiv_bug	: no
f00f_bug	: no
coma_bug	: no
fpu		: yes
fpu_exception	: yes
cpuid level	: 13
wp		: yes
flags		: fpu vme de pse tsc msr pae mce cx8 apic sep mtrr pge mca cmov pat pse36 clflush dts acpi mmx fxsr sse sse2 ss ht tm pbe nx lm constant_tsc arch_perfmon pebs bts aperfmperf pni dtes64 monitor ds_cpl vmx smx est tm2 ssse3 cx16 xtpr pdcm sse4_1 xsave lahf_lm dtherm tpr_shadow vnmi flexpriority
bogomips	: 5985.02
clflush size	: 64
cache_alignment	: 64
address sizes	: 36 bits physical, 48 bits virtual
power management:



Memory: 4k page, physical 4066476k(216012k free), swap 764924k(0k free)

vm_info: Java HotSpot(TM) Server VM (24.79-b02) for linux-x86 JRE (1.7.0_79-b15), built on Apr 10 2015 11:52:49 by "java_re" with gcc 4.3.0 20080428 (Red Hat 4.3.0-8)

time: Sat Dec  5 14:21:03 2015
elapsed time: 61 seconds

