#
# There is insufficient memory for the Java Runtime Environment to continue.
# Native memory allocation (malloc) failed to allocate 33030144 bytes for committing reserved memory.
# Possible reasons:
#   The system is out of physical RAM or swap space
#   In 32 bit mode, the process size limit was hit
# Possible solutions:
#   Reduce memory load on the system
#   Increase physical memory or swap space
#   Check if swap backing store is full
#   Use 64 bit Java on a 64 bit OS
#   Decrease Java heap size (-Xmx/-Xms)
#   Decrease number of Java threads
#   Decrease Java thread stack sizes (-Xss)
#   Set larger code cache with -XX:ReservedCodeCacheSize=
# This output file may be truncated or incomplete.
#
#  Out of Memory Error (os_linux.cpp:2756), pid=15228, tid=1817922368
#
# JRE version: Java(TM) SE Runtime Environment (7.0_79-b15) (build 1.7.0_79-b15)
# Java VM: Java HotSpot(TM) Server VM (24.79-b02 mixed mode linux-x86 )
# Failed to write core dump. Core dumps have been disabled. To enable core dumping, try "ulimit -c unlimited" before starting Java again
#

---------------  T H R E A D  ---------------

Current thread (0x6c410400):  VMThread [stack: 0x6c534000,0x6c5b5000] [id=15235]

Stack: [0x6c534000,0x6c5b5000],  sp=0x6c5b37a0,  free space=509k
Native frames: (J=compiled Java code, j=interpreted, Vv=VM code, C=native code)
V  [libjvm.so+0x7eab16]  VMError::report_and_die()+0x1a6
V  [libjvm.so+0x33e222]  report_vm_out_of_memory(char const*, int, unsigned int, char const*)+0x72
V  [libjvm.so+0x686a41]  os::Linux::commit_memory_impl(char*, unsigned int, bool)+0xe1
V  [libjvm.so+0x686f08]  os::pd_commit_memory(char*, unsigned int, unsigned int, bool)+0x28
V  [libjvm.so+0x68064c]  os::commit_memory(char*, unsigned int, unsigned int, bool)+0x2c
V  [libjvm.so+0x6eae98]  PSVirtualSpace::expand_by(unsigned int)+0x48
V  [libjvm.so+0x6ebf9a]  PSYoungGen::resize_generation(unsigned int, unsigned int)+0xda
V  [libjvm.so+0x6eb2d9]  PSYoungGen::resize(unsigned int, unsigned int)+0x19
V  [libjvm.so+0x6e8c09]  PSScavenge::invoke_no_policy()+0xcf9
V  [libjvm.so+0x6e9468]  PSScavenge::invoke()+0x28
V  [libjvm.so+0x6a6fea]  ParallelScavengeHeap::failed_mem_allocate(unsigned int)+0x5a
V  [libjvm.so+0x7ec3aa]  VM_ParallelGCFailedAllocation::doit()+0x7a
V  [libjvm.so+0x7f51c7]  VM_Operation::evaluate()+0x47
V  [libjvm.so+0x7f3263]  VMThread::evaluate_operation(VM_Operation*)+0xb3
V  [libjvm.so+0x7f3600]  VMThread::loop()+0x1b0
V  [libjvm.so+0x7f3a65]  VMThread::run()+0x85
V  [libjvm.so+0x688d19]  java_start(Thread*)+0x119
C  [libpthread.so.0+0x6f70]  start_thread+0xd0

VM_Operation (0x6bd63a04): ParallelGCFailedAllocation, mode: safepoint, requested by thread 0x6c4b0c00


---------------  P R O C E S S  ---------------

Java Threads: ( => current thread )
  0x6c4b3000 JavaThread "pool-1-thread-4" [_thread_blocked, id=15247, stack(0x6bc72000,0x6bcc3000)]
  0x6c4b2000 JavaThread "pool-1-thread-3" [_thread_blocked, id=15246, stack(0x6bcc3000,0x6bd14000)]
  0x6c4b0c00 JavaThread "pool-1-thread-2" [_thread_blocked, id=15245, stack(0x6bd14000,0x6bd65000)]
  0x6c4afc00 JavaThread "pool-2-thread-1" [_thread_blocked, id=15244, stack(0x6bd65000,0x6bdb6000)]
  0x6c4ad400 JavaThread "pool-1-thread-1" [_thread_blocked, id=15243, stack(0x6bdb6000,0x6be07000)]
  0x6c42b400 JavaThread "Service Thread" daemon [_thread_blocked, id=15241, stack(0x6be88000,0x6bed9000)]
  0x6c429800 JavaThread "C2 CompilerThread1" daemon [_thread_blocked, id=15240, stack(0x6bed9000,0x6bf5a000)]
  0x6c427400 JavaThread "C2 CompilerThread0" daemon [_thread_blocked, id=15239, stack(0x6bf5a000,0x6bfdb000)]
  0x6c425c00 JavaThread "Signal Dispatcher" daemon [_thread_blocked, id=15238, stack(0x6bfdb000,0x6c02c000)]
  0x6c414800 JavaThread "Finalizer" daemon [_thread_blocked, id=15237, stack(0x6c35e000,0x6c3af000)]
  0x6c413000 JavaThread "Reference Handler" daemon [_thread_blocked, id=15236, stack(0x6c3af000,0x6c400000)]
  0xb6607800 JavaThread "main" [_thread_blocked, id=15232, stack(0xb67b9000,0xb680a000)]

Other Threads:
=>0x6c410400 VMThread [stack: 0x6c534000,0x6c5b5000] [id=15235]
  0x6c42d000 WatcherThread [stack: 0x6be07000,0x6be88000] [id=15242]

VM state:at safepoint (normal execution)

VM Mutex/Monitor currently owned by a thread:  ([mutex/lock_event])
[0xb6605120] Threads_lock - owner thread: 0x6c410400
[0xb6605530] Heap_lock - owner thread: 0x6c4b0c00

Heap
 PSYoungGen      total 34816K, used 2558K [0x9dfc0000, 0xa0440000, 0xb3540000)
  eden space 32256K, 0% used [0x9dfc0000,0x9dfc0000,0x9ff40000)
  from space 2560K, 99% used [0x9ff40000,0xa01bf820,0xa01c0000)
  to   space 2560K, 0% used [0xa01c0000,0xa01c0000,0xa0440000)
 ParOldGen       total 42240K, used 7812K [0x73540000, 0x75e80000, 0x9dfc0000)
  object space 42240K, 18% used [0x73540000,0x73ce1120,0x75e80000)
 PSPermGen       total 16384K, used 3909K [0x6f540000, 0x70540000, 0x73540000)
  object space 16384K, 23% used [0x6f540000,0x6f9115f0,0x70540000)

Card table byte_map: [0x6f31f000,0x6f540000] byte_map_base: 0x6efa4600

Polling page: 0xb774e000

Code Cache  [0xb3600000, 0xb3840000, 0xb6600000)
 total_blobs=360 nmethods=238 adapters=76 free_code_cache=48381Kb largest_free_block=49523776

Compilation events (10 events):
Event: 4,075 Thread 0x6c429800 nmethod 233 0xb36babc8 code [0xb36bacc0, 0xb36badb0]
Event: 4,075 Thread 0x6c429800  234             com.android.dx.rop.code.InsnList::set (7 bytes)
Event: 4,095 Thread 0x6c429800 nmethod 234 0xb36c1cc8 code [0xb36c1dc0, 0xb36c1e90]
Event: 4,095 Thread 0x6c429800  235             com.android.dx.util.IntList::mutableCopy (39 bytes)
Event: 4,134 Thread 0x6c429800 nmethod 235 0xb36c2dc8 code [0xb36c2f00, 0xb36c3430]
Event: 4,134 Thread 0x6c429800  236             com.android.dx.rop.code.BasicBlockList$RegCountVisitor::processReg (19 bytes)
Event: 4,135 Thread 0x6c429800 nmethod 236 0xb36c19c8 code [0xb36c1ac0, 0xb36c1b90]
Event: 4,135 Thread 0x6c429800  237             com.android.dx.rop.code.RegisterSpec::getNextReg (10 bytes)
Event: 4,143 Thread 0x6c429800 nmethod 237 0xb36c39c8 code [0xb36c3ac0, 0xb36c3b70]
Event: 4,143 Thread 0x6c429800  238             com.android.dx.ssa.SCCP::run (298 bytes)

GC Heap History (5 events):
Event: 1,114 GC heap before
{Heap before GC invocations=1 (full 0):
 PSYoungGen      total 18688K, used 16128K [0x9dfc0000, 0x9f480000, 0xb3540000)
  eden space 16128K, 100% used [0x9dfc0000,0x9ef80000,0x9ef80000)
  from space 2560K, 0% used [0x9f200000,0x9f200000,0x9f480000)
  to   space 2560K, 0% used [0x9ef80000,0x9ef80000,0x9f200000)
 ParOldGen       total 42240K, used 0K [0x73540000, 0x75e80000, 0x9dfc0000)
  object space 42240K, 0% used [0x73540000,0x73540000,0x75e80000)
 PSPermGen       total 16384K, used 3701K [0x6f540000, 0x70540000, 0x73540000)
  object space 16384K, 22% used [0x6f540000,0x6f8dd7d8,0x70540000)
Event: 1,130 GC heap after
Heap after GC invocations=1 (full 0):
 PSYoungGen      total 18688K, used 2548K [0x9dfc0000, 0xa0440000, 0xb3540000)
  eden space 16128K, 0% used [0x9dfc0000,0x9dfc0000,0x9ef80000)
  from space 2560K, 99% used [0x9ef80000,0x9f1fd1d8,0x9f200000)
  to   space 2560K, 0% used [0xa01c0000,0xa01c0000,0xa0440000)
 ParOldGen       total 42240K, used 778K [0x73540000, 0x75e80000, 0x9dfc0000)
  object space 42240K, 1% used [0x73540000,0x736029e0,0x75e80000)
 PSPermGen       total 16384K, used 3701K [0x6f540000, 0x70540000, 0x73540000)
  object space 16384K, 22% used [0x6f540000,0x6f8dd7d8,0x70540000)
}
Event: 1,952 GC heap before
{Heap before GC invocations=2 (full 0):
 PSYoungGen      total 18688K, used 18676K [0x9dfc0000, 0xa0440000, 0xb3540000)
  eden space 16128K, 100% used [0x9dfc0000,0x9ef80000,0x9ef80000)
  from space 2560K, 99% used [0x9ef80000,0x9f1fd1d8,0x9f200000)
  to   space 2560K, 0% used [0xa01c0000,0xa01c0000,0xa0440000)
 ParOldGen       total 42240K, used 778K [0x73540000, 0x75e80000, 0x9dfc0000)
  object space 42240K, 1% used [0x73540000,0x736029e0,0x75e80000)
 PSPermGen       total 16384K, used 3861K [0x6f540000, 0x70540000, 0x73540000)
  object space 16384K, 23% used [0x6f540000,0x6f905770,0x70540000)
Event: 1,995 GC heap after
Heap after GC invocations=2 (full 0):
 PSYoungGen      total 34816K, used 2547K [0x9dfc0000, 0xa0440000, 0xb3540000)
  eden space 32256K, 0% used [0x9dfc0000,0x9dfc0000,0x9ff40000)
  from space 2560K, 99% used [0xa01c0000,0xa043cc80,0xa0440000)
  to   space 2560K, 0% used [0x9ff40000,0x9ff40000,0xa01c0000)
 ParOldGen       total 42240K, used 2480K [0x73540000, 0x75e80000, 0x9dfc0000)
  object space 42240K, 5% used [0x73540000,0x737ac1b8,0x75e80000)
 PSPermGen       total 16384K, used 3861K [0x6f540000, 0x70540000, 0x73540000)
  object space 16384K, 23% used [0x6f540000,0x6f905770,0x70540000)
}
Event: 4,540 GC heap before
{Heap before GC invocations=3 (full 0):
 PSYoungGen      total 34816K, used 34803K [0x9dfc0000, 0xa0440000, 0xb3540000)
  eden space 32256K, 100% used [0x9dfc0000,0x9ff40000,0x9ff40000)
  from space 2560K, 99% used [0xa01c0000,0xa043cc80,0xa0440000)
  to   space 2560K, 0% used [0x9ff40000,0x9ff40000,0xa01c0000)
 ParOldGen       total 42240K, used 2480K [0x73540000, 0x75e80000, 0x9dfc0000)
  object space 42240K, 5% used [0x73540000,0x737ac1b8,0x75e80000)
 PSPermGen       total 16384K, used 3909K [0x6f540000, 0x70540000, 0x73540000)
  object space 16384K, 23% used [0x6f540000,0x6f9115f0,0x70540000)

Deoptimization events (8 events):
Event: 2,536 Thread 0xb6607800 Uncommon trap: reason=unreached action=reinterpret pc=0xb365fd54 method=com.android.dx.rop.cst.Constant.compareTo(Lcom/android/dx/rop/cst/Constant;)I @ 12
Event: 2,887 Thread 0xb6607800 Uncommon trap: reason=unreached action=reinterpret pc=0xb36a2af0 method=com.android.dx.ssa.LocalVariableExtractor.processBlock(I)V @ 251
Event: 3,731 Thread 0xb6607800 Uncommon trap: reason=null_check action=make_not_entrant pc=0xb369060c method=com.android.dx.rop.type.Type.putIntern(Lcom/android/dx/rop/type/Type;)Lcom/android/dx/rop/type/Type; @ 18
Event: 3,792 Thread 0x6c4ad400 Uncommon trap: reason=null_check action=make_not_entrant pc=0xb36a9ae8 method=com.android.dx.ssa.SsaRenamer.getLocalForNewReg(I)Lcom/android/dx/rop/code/LocalItem; @ 19
Event: 4,183 Thread 0xb6607800 Uncommon trap: reason=bimorphic action=maybe_recompile pc=0xb36a0a84 method=java.util.HashMap.put(Ljava/lang/Object;Ljava/lang/Object;)Ljava/lang/Object; @ 83
Event: 4,183 Thread 0xb6607800 Uncommon trap: reason=bimorphic action=maybe_recompile pc=0xb36a0a84 method=java.util.HashMap.put(Ljava/lang/Object;Ljava/lang/Object;)Ljava/lang/Object; @ 83
Event: 4,183 Thread 0xb6607800 Uncommon trap: reason=bimorphic action=maybe_recompile pc=0xb36a0a84 method=java.util.HashMap.put(Ljava/lang/Object;Ljava/lang/Object;)Ljava/lang/Object; @ 83
Event: 4,183 Thread 0xb6607800 Uncommon trap: reason=bimorphic action=maybe_recompile pc=0xb36a0a84 method=java.util.HashMap.put(Ljava/lang/Object;Ljava/lang/Object;)Ljava/lang/Object; @ 83

Internal exceptions (10 events):
Event: 0,946 Thread 0x6c4b2000 Threw 0x9eab9d98 at /HUDSON/workspace/7u-2-build-linux-i586/jdk7u79/2331/hotspot/src/share/vm/prims/jvm.cpp:1304
Event: 0,976 Thread 0xb6607800 Threw 0x9eb96e88 at /HUDSON/workspace/7u-2-build-linux-i586/jdk7u79/2331/hotspot/src/share/vm/prims/jvm.cpp:1304
Event: 1,078 Thread 0x6c4b3000 Threw 0x9ee59f50 at /HUDSON/workspace/7u-2-build-linux-i586/jdk7u79/2331/hotspot/src/share/vm/prims/jvm.cpp:1304
Event: 1,144 Thread 0x6c4b0c00 Threw 0x9e035620 at /HUDSON/workspace/7u-2-build-linux-i586/jdk7u79/2331/hotspot/src/share/vm/prims/jvm.cpp:1304
Event: 1,173 Thread 0x6c4ad400 Threw 0x9e10ffc0 at /HUDSON/workspace/7u-2-build-linux-i586/jdk7u79/2331/hotspot/src/share/vm/prims/jvm.cpp:1304
Event: 1,425 Thread 0x6c4b2000 Threw 0x9e4f81f8 at /HUDSON/workspace/7u-2-build-linux-i586/jdk7u79/2331/hotspot/src/share/vm/prims/jvm.cpp:1304
Event: 1,513 Thread 0x6c4b0c00 Threw 0x9e680968 at /HUDSON/workspace/7u-2-build-linux-i586/jdk7u79/2331/hotspot/src/share/vm/prims/jvm.cpp:1304
Event: 3,731 Thread 0xb6607800 Implicit null exception at 0xb369002e to 0xb36905fd
Event: 3,792 Thread 0x6c4ad400 Implicit null exception at 0xb36a8525 to 0xb36a9ad9
Event: 3,859 Thread 0xb6607800 Threw 0x9f023fc0 at /HUDSON/workspace/7u-2-build-linux-i586/jdk7u79/2331/hotspot/src/share/vm/prims/jvm.cpp:1304

Events (10 events):
Event: 4,183 Thread 0xb6607800 Uncommon trap: trap_request=0xffffffc6 fr.pc=0xb36a0a84
Event: 4,183 Thread 0xb6607800 DEOPT PACKING pc=0xb36a0a84 sp=0xb6808790
Event: 4,183 Thread 0xb6607800 DEOPT UNPACKING pc=0xb362cbc8 sp=0xb680876c mode 2
Event: 4,183 Thread 0xb6607800 Uncommon trap: trap_request=0xffffffc6 fr.pc=0xb36a0a84
Event: 4,183 Thread 0xb6607800 DEOPT PACKING pc=0xb36a0a84 sp=0xb6808790
Event: 4,183 Thread 0xb6607800 DEOPT UNPACKING pc=0xb362cbc8 sp=0xb680876c mode 2
Event: 4,183 Thread 0xb6607800 Uncommon trap: trap_request=0xffffffc6 fr.pc=0xb36a0a84
Event: 4,183 Thread 0xb6607800 DEOPT PACKING pc=0xb36a0a84 sp=0xb6808790
Event: 4,183 Thread 0xb6607800 DEOPT UNPACKING pc=0xb362cbc8 sp=0xb680876c mode 2
Event: 4,520 Executing VM operation: ParallelGCFailedAllocation


Dynamic libraries:
08048000-08049000 r-xp 00000000 08:05 3021055    /home/birhanu/Software/jdk1.7.0_79/bin/java
08049000-0804a000 rw-p 00000000 08:05 3021055    /home/birhanu/Software/jdk1.7.0_79/bin/java
09074000-0974c000 rw-p 00000000 00:00 0          [heap]
6b700000-6b7fa000 rw-p 00000000 00:00 0 
6b7fa000-6b800000 ---p 00000000 00:00 0 
6b900000-6b9fd000 rw-p 00000000 00:00 0 
6b9fd000-6ba00000 ---p 00000000 00:00 0 
6ba00000-6bae0000 rw-p 00000000 00:00 0 
6bae0000-6bb00000 ---p 00000000 00:00 0 
6bb00000-6bbfa000 rw-p 00000000 00:00 0 
6bbfa000-6bc00000 ---p 00000000 00:00 0 
6bc72000-6bc75000 ---p 00000000 00:00 0 
6bc75000-6bcc3000 rw-p 00000000 00:00 0          [stack:15247]
6bcc3000-6bcc6000 ---p 00000000 00:00 0 
6bcc6000-6bd14000 rw-p 00000000 00:00 0          [stack:15246]
6bd14000-6bd17000 ---p 00000000 00:00 0 
6bd17000-6bd65000 rw-p 00000000 00:00 0          [stack:15245]
6bd65000-6bd68000 ---p 00000000 00:00 0 
6bd68000-6bdb6000 rw-p 00000000 00:00 0          [stack:15244]
6bdb6000-6bdb9000 ---p 00000000 00:00 0 
6bdb9000-6be07000 rw-p 00000000 00:00 0          [stack:15243]
6be07000-6be08000 ---p 00000000 00:00 0 
6be08000-6be88000 rw-p 00000000 00:00 0          [stack:15242]
6be88000-6be8b000 ---p 00000000 00:00 0 
6be8b000-6bed9000 rw-p 00000000 00:00 0          [stack:15241]
6bed9000-6bedc000 ---p 00000000 00:00 0 
6bedc000-6bf5a000 rw-p 00000000 00:00 0          [stack:15240]
6bf5a000-6bf5d000 ---p 00000000 00:00 0 
6bf5d000-6bfdb000 rw-p 00000000 00:00 0          [stack:15239]
6bfdb000-6bfde000 ---p 00000000 00:00 0 
6bfde000-6c02c000 rw-p 00000000 00:00 0          [stack:15238]
6c02c000-6c15e000 r--p 002c8000 08:05 3809940    /usr/lib/locale/locale-archive
6c15e000-6c35e000 r--p 00000000 08:05 3809940    /usr/lib/locale/locale-archive
6c35e000-6c361000 ---p 00000000 00:00 0 
6c361000-6c3af000 rw-p 00000000 00:00 0          [stack:15237]
6c3af000-6c3b2000 ---p 00000000 00:00 0 
6c3b2000-6c400000 rw-p 00000000 00:00 0          [stack:15236]
6c400000-6c4e2000 rw-p 00000000 00:00 0 
6c4e2000-6c500000 ---p 00000000 00:00 0 
6c534000-6c535000 ---p 00000000 00:00 0 
6c535000-6c600000 rw-p 00000000 00:00 0          [stack:15235]
6c600000-6c7c0000 r--s 039f7000 08:05 3021068    /home/birhanu/Software/jdk1.7.0_79/jre/lib/rt.jar
6c7c0000-6ee00000 rw-p 00000000 00:00 0 
6ee00000-6eefb000 rw-p 00000000 00:00 0 
6eefb000-6ef00000 ---p 00000000 00:00 0 
6ef24000-6ef7f000 rw-p 00000000 00:00 0 
6ef7f000-6ef80000 ---p 00000000 00:00 0 
6ef80000-6f000000 rw-p 00000000 00:00 0          [stack:15234]
6f000000-6f021000 rw-p 00000000 00:00 0 
6f021000-6f100000 ---p 00000000 00:00 0 
6f109000-6f11e000 r-xp 00000000 08:05 3021551    /home/birhanu/Software/jdk1.7.0_79/jre/lib/i386/libnet.so
6f11e000-6f11f000 rw-p 00014000 08:05 3021551    /home/birhanu/Software/jdk1.7.0_79/jre/lib/i386/libnet.so
6f11f000-6f12d000 r-xp 00000000 08:05 3021560    /home/birhanu/Software/jdk1.7.0_79/jre/lib/i386/libnio.so
6f12d000-6f12e000 rw-p 0000e000 08:05 3021560    /home/birhanu/Software/jdk1.7.0_79/jre/lib/i386/libnio.so
6f12e000-6f148000 rw-p 00000000 00:00 0 
6f148000-6f149000 ---p 00000000 00:00 0 
6f149000-6f1de000 rw-p 00000000 00:00 0          [stack:15233]
6f1de000-6f31f000 rw-p 00000000 00:00 0 
6f31f000-6f327000 rw-p 00000000 00:00 0 
6f327000-6f33f000 rw-p 00000000 00:00 0 
6f33f000-6f354000 rw-p 00000000 00:00 0 
6f354000-6f494000 rw-p 00000000 00:00 0 
6f494000-6f4a7000 rw-p 00000000 00:00 0 
6f4a7000-6f53f000 rw-p 00000000 00:00 0 
6f53f000-70540000 rw-p 00000000 00:00 0 
70540000-73540000 rw-p 00000000 00:00 0 
73540000-75e80000 rw-p 00000000 00:00 0 
75e80000-9dfc0000 rw-p 00000000 00:00 0 
9dfc0000-a0440000 rw-p 00000000 00:00 0 
a21a4000-a23c0000 rw-p 00000000 00:00 0 
a23c0000-b3540000 rw-p 00000000 00:00 0 
b3540000-b3549000 rw-p 00000000 00:00 0 
b3549000-b3600000 rw-p 00000000 00:00 0 
b3600000-b3840000 rwxp 00000000 00:00 0 
b3840000-b66f3000 rw-p 00000000 00:00 0 
b66f3000-b6700000 ---p 00000000 00:00 0 
b6700000-b6701000 rw-p 00000000 00:00 0 
b6701000-b670a000 r--s 00089000 08:05 1447011    /home/birhanu/AndroidStudioProjects/MyApplication/app/build/intermediates/exploded-aar/com.android.support/appcompat-v7/23.1.1/jars/classes.jar
b670a000-b6712000 rw-p 00000000 00:00 0 
b6712000-b672a000 rw-p 00000000 00:00 0 
b672a000-b6741000 r-xp 00000000 08:05 3021573    /home/birhanu/Software/jdk1.7.0_79/jre/lib/i386/libzip.so
b6741000-b6742000 rw-p 00017000 08:05 3021573    /home/birhanu/Software/jdk1.7.0_79/jre/lib/i386/libzip.so
b6742000-b674d000 r-xp 00000000 08:05 4195497    /lib/i386-linux-gnu/libnss_files-2.19.so
b674d000-b674e000 r--p 0000a000 08:05 4195497    /lib/i386-linux-gnu/libnss_files-2.19.so
b674e000-b674f000 rw-p 0000b000 08:05 4195497    /lib/i386-linux-gnu/libnss_files-2.19.so
b674f000-b6759000 r-xp 00000000 08:05 4195507    /lib/i386-linux-gnu/libnss_nis-2.19.so
b6759000-b675a000 r--p 00009000 08:05 4195507    /lib/i386-linux-gnu/libnss_nis-2.19.so
b675a000-b675b000 rw-p 0000a000 08:05 4195507    /lib/i386-linux-gnu/libnss_nis-2.19.so
b675b000-b6770000 r-xp 00000000 08:05 4195491    /lib/i386-linux-gnu/libnsl-2.19.so
b6770000-b6771000 r--p 00015000 08:05 4195491    /lib/i386-linux-gnu/libnsl-2.19.so
b6771000-b6772000 rw-p 00016000 08:05 4195491    /lib/i386-linux-gnu/libnsl-2.19.so
b6772000-b6775000 rw-p 00000000 00:00 0 
b6775000-b6784000 r--s 000df000 08:05 1850569    /home/birhanu/Android/Sdk/build-tools/23.0.2/lib/dx.jar
b6784000-b678c000 rw-s 00000000 08:05 4466485    /tmp/hsperfdata_birhanu/15228
b678c000-b67af000 r-xp 00000000 08:05 3021536    /home/birhanu/Software/jdk1.7.0_79/jre/lib/i386/libjava.so
b67af000-b67b0000 rw-p 00023000 08:05 3021536    /home/birhanu/Software/jdk1.7.0_79/jre/lib/i386/libjava.so
b67b0000-b67b7000 r-xp 00000000 08:05 4195550    /lib/i386-linux-gnu/librt-2.19.so
b67b7000-b67b8000 r--p 00006000 08:05 4195550    /lib/i386-linux-gnu/librt-2.19.so
b67b8000-b67b9000 rw-p 00007000 08:05 4195550    /lib/i386-linux-gnu/librt-2.19.so
b67b9000-b67bc000 ---p 00000000 00:00 0 
b67bc000-b680a000 rw-p 00000000 00:00 0          [stack:15232]
b680a000-b684e000 r-xp 00000000 08:05 4195472    /lib/i386-linux-gnu/libm-2.19.so
b684e000-b684f000 r--p 00043000 08:05 4195472    /lib/i386-linux-gnu/libm-2.19.so
b684f000-b6850000 rw-p 00044000 08:05 4195472    /lib/i386-linux-gnu/libm-2.19.so
b6850000-b70d7000 r-xp 00000000 08:05 3021572    /home/birhanu/Software/jdk1.7.0_79/jre/lib/i386/server/libjvm.so
b70d7000-b713c000 rw-p 00886000 08:05 3021572    /home/birhanu/Software/jdk1.7.0_79/jre/lib/i386/server/libjvm.so
b713c000-b755f000 rw-p 00000000 00:00 0 
b755f000-b7707000 r-xp 00000000 08:05 4195421    /lib/i386-linux-gnu/libc-2.19.so
b7707000-b7709000 r--p 001a8000 08:05 4195421    /lib/i386-linux-gnu/libc-2.19.so
b7709000-b770a000 rw-p 001aa000 08:05 4195421    /lib/i386-linux-gnu/libc-2.19.so
b770a000-b770d000 rw-p 00000000 00:00 0 
b770d000-b7710000 r-xp 00000000 08:05 4195438    /lib/i386-linux-gnu/libdl-2.19.so
b7710000-b7711000 r--p 00002000 08:05 4195438    /lib/i386-linux-gnu/libdl-2.19.so
b7711000-b7712000 rw-p 00003000 08:05 4195438    /lib/i386-linux-gnu/libdl-2.19.so
b7712000-b7713000 rw-p 00000000 00:00 0 
b7713000-b7726000 r-xp 00000000 08:05 3019748    /home/birhanu/Software/jdk1.7.0_79/lib/i386/jli/libjli.so
b7726000-b7727000 rw-p 00012000 08:05 3019748    /home/birhanu/Software/jdk1.7.0_79/lib/i386/jli/libjli.so
b7727000-b773f000 r-xp 00000000 08:05 4195542    /lib/i386-linux-gnu/libpthread-2.19.so
b773f000-b7740000 r--p 00018000 08:05 4195542    /lib/i386-linux-gnu/libpthread-2.19.so
b7740000-b7741000 rw-p 00019000 08:05 4195542    /lib/i386-linux-gnu/libpthread-2.19.so
b7741000-b7743000 rw-p 00000000 00:00 0 
b7743000-b7744000 r--p 002c5000 08:05 3809940    /usr/lib/locale/locale-archive
b7744000-b774b000 r-xp 00000000 08:05 4195493    /lib/i386-linux-gnu/libnss_compat-2.19.so
b774b000-b774c000 r--p 00006000 08:05 4195493    /lib/i386-linux-gnu/libnss_compat-2.19.so
b774c000-b774d000 rw-p 00007000 08:05 4195493    /lib/i386-linux-gnu/libnss_compat-2.19.so
b774d000-b774e000 rw-p 00000000 00:00 0 
b774e000-b774f000 ---p 00000000 00:00 0 
b774f000-b775a000 r-xp 00000000 08:05 3021518    /home/birhanu/Software/jdk1.7.0_79/jre/lib/i386/libverify.so
b775a000-b775b000 rw-p 0000b000 08:05 3021518    /home/birhanu/Software/jdk1.7.0_79/jre/lib/i386/libverify.so
b775b000-b775d000 rw-p 00000000 00:00 0 
b775d000-b775e000 r-xp 00000000 00:00 0          [vdso]
b775e000-b7760000 r--p 00000000 00:00 0          [vvar]
b7760000-b7780000 r-xp 00000000 08:05 4195395    /lib/i386-linux-gnu/ld-2.19.so
b7780000-b7781000 r--p 0001f000 08:05 4195395    /lib/i386-linux-gnu/ld-2.19.so
b7781000-b7782000 rw-p 00020000 08:05 4195395    /lib/i386-linux-gnu/ld-2.19.so
bfd6a000-bfd6b000 rwxp 00000000 00:00 0 
bfd9d000-bfdbe000 rw-p 00000000 00:00 0          [stack]

VM Arguments:
jvm_args: -Djava.awt.headless=true -Xmx1024M -Dfile.encoding=UTF-8 -Duser.country=US -Duser.language=en -Duser.variant 
java_command: com.android.dx.command.Main --dex --num-threads=4 --output /home/birhanu/AndroidStudioProjects/MyApplication/app/build/intermediates/pre-dexed/debug/com.android.support-appcompat-v7-23.1.1_ccc026c9ce8d972a26c7eb40eef843a8249b61f2.jar /home/birhanu/AndroidStudioProjects/MyApplication/app/build/intermediates/exploded-aar/com.android.support/appcompat-v7/23.1.1/jars/classes.jar
Launcher Type: SUN_STANDARD

Environment Variables:
PATH=/home/birhanu/Software/android-studio/bin/:/home/birhanu/Software/jdk1.7.0_79/bin:/usr/local/heroku/bin:/home/birhanu/.rvm/gems/ruby-2.2.0/bin:/home/birhanu/.rvm/gems/ruby-2.2.0@global/bin:/home/birhanu/.rvm/rubies/ruby-2.2.0/bin:/usr/local/sbin:/usr/local/bin:/usr/sbin:/usr/bin:/sbin:/bin:/usr/games:/usr/local/games:/home/birhanu/.rvm/bin:/home/birhanu/.rvm/bin:/home/birhanu/.rvm/bin:/home/birhanu/.rvm/bin:/home/birhanu/.rvm/bin:/home/birhanu/.rvm/bin:/home/birhanu/.rvm/bin:/home/birhanu/.rvm/bin
USERNAME=birhanu
LD_LIBRARY_PATH=.:
SHELL=/usr/bin/zsh
DISPLAY=:0.0

Signal Handlers:
SIGSEGV: [libjvm.so+0x7eb620], sa_mask[0]=0x7ffbfeff, sa_flags=0x10000004
SIGBUS: [libjvm.so+0x7eb620], sa_mask[0]=0x7ffbfeff, sa_flags=0x10000004
SIGFPE: [libjvm.so+0x6835c0], sa_mask[0]=0x7ffbfeff, sa_flags=0x10000004
SIGPIPE: [libjvm.so+0x6835c0], sa_mask[0]=0x7ffbfeff, sa_flags=0x10000004
SIGXFSZ: [libjvm.so+0x6835c0], sa_mask[0]=0x7ffbfeff, sa_flags=0x10000004
SIGILL: [libjvm.so+0x6835c0], sa_mask[0]=0x7ffbfeff, sa_flags=0x10000004
SIGUSR1: SIG_DFL, sa_mask[0]=0x00000000, sa_flags=0x00000000
SIGUSR2: [libjvm.so+0x684dc0], sa_mask[0]=0x00000004, sa_flags=0x10000004
SIGHUP: [libjvm.so+0x6860f0], sa_mask[0]=0x7ffbfeff, sa_flags=0x10000004
SIGINT: [libjvm.so+0x6860f0], sa_mask[0]=0x7ffbfeff, sa_flags=0x10000004
SIGTERM: [libjvm.so+0x6860f0], sa_mask[0]=0x7ffbfeff, sa_flags=0x10000004
SIGQUIT: [libjvm.so+0x6860f0], sa_mask[0]=0x7ffbfeff, sa_flags=0x10000004


---------------  S Y S T E M  ---------------

OS:jessie/sid

uname:Linux 3.16.0-38-generic #52~14.04.1-Ubuntu SMP Fri May 8 09:44:48 UTC 2015 i686
libc:glibc 2.19 NPTL 2.19 
rlimit: STACK 8192k, CORE 0k, NPROC 31546, NOFILE 4096, AS infinity
load average:22,04 7,59 3,40

/proc/meminfo:
MemTotal:        4066476 kB
MemFree:          216012 kB
MemAvailable:     144792 kB
Buffers:             668 kB
Cached:           182892 kB
SwapCached:        27056 kB
Active:          2684484 kB
Inactive:         920296 kB
Active(anon):    2678732 kB
Inactive(anon):   902232 kB
Active(file):       5752 kB
Inactive(file):    18064 kB
Unevictable:         184 kB
Mlocked:             184 kB
HighTotal:       3202756 kB
HighFree:          58592 kB
LowTotal:         863720 kB
LowFree:          157420 kB
SwapTotal:        764924 kB
SwapFree:              0 kB
Dirty:                28 kB
Writeback:             0 kB
AnonPages:       3394968 kB
Mapped:           171752 kB
Shmem:            159460 kB
Slab:              44012 kB
SReclaimable:      21760 kB
SUnreclaim:        22252 kB
KernelStack:        6240 kB
PageTables:        34412 kB
NFS_Unstable:          0 kB
Bounce:                0 kB
WritebackTmp:          0 kB
CommitLimit:     2798160 kB
Committed_AS:   14367376 kB
VmallocTotal:     122880 kB
VmallocUsed:       18708 kB
VmallocChunk:      65784 kB
AnonHugePages:   1390592 kB
HugePages_Total:       0
HugePages_Free:        0
HugePages_Rsvd:        0
HugePages_Surp:        0
Hugepagesize:       2048 kB
DirectMap4k:       16376 kB
DirectMap2M:      892928 kB


CPU:total 2 (2 cores per cpu, 1 threads per core) family 6 model 23 stepping 10, cmov, cx8, fxsr, mmx, sse, sse2, sse3, ssse3, sse4.1, tsc

/proc/cpuinfo:
processor	: 0
vendor_id	: GenuineIntel
cpu family	: 6
model		: 23
model name	: Intel(R) Core(TM)2 Duo CPU     E8400  @ 3.00GHz
stepping	: 10
microcode	: 0xa0b
cpu MHz		: 3000.000
cache size	: 6144 KB
physical id	: 0
siblings	: 2
core id		: 0
cpu cores	: 2
apicid		: 0
initial apicid	: 0
fdiv_bug	: no
f00f_bug	: no
coma_bug	: no
fpu		: yes
fpu_exception	: yes
cpuid level	: 13
wp		: yes
flags		: fpu vme de pse tsc msr pae mce cx8 apic sep mtrr pge mca cmov pat pse36 clflush dts acpi mmx fxsr sse sse2 ss ht tm pbe nx lm constant_tsc arch_perfmon pebs bts aperfmperf pni dtes64 monitor ds_cpl vmx smx est tm2 ssse3 cx16 xtpr pdcm sse4_1 xsave lahf_lm dtherm tpr_shadow vnmi flexpriority
bogomips	: 5985.02
clflush size	: 64
cache_alignment	: 64
address sizes	: 36 bits physical, 48 bits virtual
power management:

processor	: 1
vendor_id	: GenuineIntel
cpu family	: 6
model		: 23
model name	: Intel(R) Core(TM)2 Duo CPU     E8400  @ 3.00GHz
stepping	: 10
microcode	: 0xa0b
cpu MHz		: 3000.000
cache size	: 6144 KB
physical id	: 0
siblings	: 2
core id		: 1
cpu cores	: 2
apicid		: 1
initial apicid	: 1
fdiv_bug	: no
f00f_bug	: no
coma_bug	: no
fpu		: yes
fpu_exception	: yes
cpuid level	: 13
wp		: yes
flags		: fpu vme de pse tsc msr pae mce cx8 apic sep mtrr pge mca cmov pat pse36 clflush dts acpi mmx fxsr sse sse2 ss ht tm pbe nx lm constant_tsc arch_perfmon pebs bts aperfmperf pni dtes64 monitor ds_cpl vmx smx est tm2 ssse3 cx16 xtpr pdcm sse4_1 xsave lahf_lm dtherm tpr_shadow vnmi flexpriority
bogomips	: 5985.02
clflush size	: 64
cache_alignment	: 64
address sizes	: 36 bits physical, 48 bits virtual
power management:



Memory: 4k page, physical 4066476k(216012k free), swap 764924k(0k free)

vm_info: Java HotSpot(TM) Server VM (24.79-b02) for linux-x86 JRE (1.7.0_79-b15), built on Apr 10 2015 11:52:49 by "java_re" with gcc 4.3.0 20080428 (Red Hat 4.3.0-8)

time: Sat Dec  5 14:21:03 2015
elapsed time: 56 seconds

