#
# There is insufficient memory for the Java Runtime Environment to continue.
# Native memory allocation (malloc) failed to allocate 48234496 bytes for committing reserved memory.
# Possible reasons:
#   The system is out of physical RAM or swap space
#   In 32 bit mode, the process size limit was hit
# Possible solutions:
#   Reduce memory load on the system
#   Increase physical memory or swap space
#   Check if swap backing store is full
#   Use 64 bit Java on a 64 bit OS
#   Decrease Java heap size (-Xmx/-Xms)
#   Decrease number of Java threads
#   Decrease Java thread stack sizes (-Xss)
#   Set larger code cache with -XX:ReservedCodeCacheSize=
# This output file may be truncated or incomplete.
#
#  Out of Memory Error (os_linux.cpp:2756), pid=19836, tid=1817180992
#
# JRE version: Java(TM) SE Runtime Environment (7.0_79-b15) (build 1.7.0_79-b15)
# Java VM: Java HotSpot(TM) Server VM (24.79-b02 mixed mode linux-x86 )
# Failed to write core dump. Core dumps have been disabled. To enable core dumping, try "ulimit -c unlimited" before starting Java again
#

---------------  T H R E A D  ---------------

Current thread (0x6c510400):  VMThread [stack: 0x6c47f000,0x6c500000] [id=19847]

Stack: [0x6c47f000,0x6c500000],  sp=0x6c4fe7a0,  free space=509k
Native frames: (J=compiled Java code, j=interpreted, Vv=VM code, C=native code)
V  [libjvm.so+0x7eab16]  VMError::report_and_die()+0x1a6
V  [libjvm.so+0x33e222]  report_vm_out_of_memory(char const*, int, unsigned int, char const*)+0x72
V  [libjvm.so+0x686a41]  os::Linux::commit_memory_impl(char*, unsigned int, bool)+0xe1
V  [libjvm.so+0x686f08]  os::pd_commit_memory(char*, unsigned int, unsigned int, bool)+0x28
V  [libjvm.so+0x68064c]  os::commit_memory(char*, unsigned int, unsigned int, bool)+0x2c
V  [libjvm.so+0x6eae98]  PSVirtualSpace::expand_by(unsigned int)+0x48
V  [libjvm.so+0x6ebf9a]  PSYoungGen::resize_generation(unsigned int, unsigned int)+0xda
V  [libjvm.so+0x6eb2d9]  PSYoungGen::resize(unsigned int, unsigned int)+0x19
V  [libjvm.so+0x6e8c09]  PSScavenge::invoke_no_policy()+0xcf9
V  [libjvm.so+0x6e9468]  PSScavenge::invoke()+0x28
V  [libjvm.so+0x6a6fea]  ParallelScavengeHeap::failed_mem_allocate(unsigned int)+0x5a
V  [libjvm.so+0x7ec3aa]  VM_ParallelGCFailedAllocation::doit()+0x7a
V  [libjvm.so+0x7f51c7]  VM_Operation::evaluate()+0x47
V  [libjvm.so+0x7f3263]  VMThread::evaluate_operation(VM_Operation*)+0xb3
V  [libjvm.so+0x7f3600]  VMThread::loop()+0x1b0
V  [libjvm.so+0x7f3a65]  VMThread::run()+0x85
V  [libjvm.so+0x688d19]  java_start(Thread*)+0x119
C  [libpthread.so.0+0x6f70]  start_thread+0xd0

VM_Operation (0x6bebf774): ParallelGCFailedAllocation, mode: safepoint, requested by thread 0x6c5b7000


---------------  P R O C E S S  ---------------

Java Threads: ( => current thread )
  0x6c5bc800 JavaThread "pool-1-thread-4" [_thread_blocked, id=19873, stack(0x6bc0d000,0x6bc5e000)]
  0x6c5b9c00 JavaThread "pool-1-thread-3" [_thread_blocked, id=19872, stack(0x6bc5e000,0x6bcaf000)]
  0x6c5b9000 JavaThread "pool-1-thread-2" [_thread_blocked, id=19871, stack(0x6bcaf000,0x6bd00000)]
  0x6c5b7800 JavaThread "pool-2-thread-1" [_thread_blocked, id=19870, stack(0x6be1f000,0x6be70000)]
  0x6c5b7000 JavaThread "pool-1-thread-1" [_thread_blocked, id=19869, stack(0x6be70000,0x6bec1000)]
  0x6c52b400 JavaThread "Service Thread" daemon [_thread_blocked, id=19861, stack(0x6bf58000,0x6bfa9000)]
  0x6c529800 JavaThread "C2 CompilerThread1" daemon [_thread_blocked, id=19859, stack(0x6bfa9000,0x6c02a000)]
  0x6c527800 JavaThread "C2 CompilerThread0" daemon [_thread_blocked, id=19857, stack(0x6c02a000,0x6c0ab000)]
  0x6c525c00 JavaThread "Signal Dispatcher" daemon [_thread_blocked, id=19855, stack(0x6c0ab000,0x6c0fc000)]
  0x6c514800 JavaThread "Finalizer" daemon [_thread_blocked, id=19851, stack(0x6c42e000,0x6c47f000)]
  0x6c513000 JavaThread "Reference Handler" daemon [_thread_blocked, id=19849, stack(0x6ef09000,0x6ef5a000)]
  0xb6707800 JavaThread "main" [_thread_blocked, id=19842, stack(0xb6836000,0xb6887000)]

Other Threads:
=>0x6c510400 VMThread [stack: 0x6c47f000,0x6c500000] [id=19847]
  0x6c52d000 WatcherThread [stack: 0x6bed7000,0x6bf58000] [id=19863]

VM state:at safepoint (normal execution)

VM Mutex/Monitor currently owned by a thread:  ([mutex/lock_event])
[0xb6705150] Threads_lock - owner thread: 0x6c510400
[0xb6705560] Heap_lock - owner thread: 0x6c5b7000

Heap
 PSYoungGen      total 34816K, used 2553K [0x9e040000, 0xa04c0000, 0xb35c0000)
  eden space 32256K, 0% used [0x9e040000,0x9e040000,0x9ffc0000)
  from space 2560K, 99% used [0x9ffc0000,0xa023e418,0xa0240000)
  to   space 2560K, 0% used [0xa0240000,0xa0240000,0xa04c0000)
 ParOldGen       total 42240K, used 12879K [0x735c0000, 0x75f00000, 0x9e040000)
  object space 42240K, 30% used [0x735c0000,0x74253f58,0x75f00000)
 PSPermGen       total 16384K, used 3902K [0x6f5c0000, 0x705c0000, 0x735c0000)
  object space 16384K, 23% used [0x6f5c0000,0x6f98f980,0x705c0000)

Card table byte_map: [0x6f39f000,0x6f5c0000] byte_map_base: 0x6f024200

Polling page: 0xb77cc000

Code Cache  [0xb36b5000, 0xb38f5000, 0xb66b5000)
 total_blobs=382 nmethods=260 adapters=76 free_code_cache=48291Kb largest_free_block=49423936

Compilation events (10 events):
Event: 6,552 Thread 0x6c527800 nmethod 255 0xb377d348 code [0xb377d500, 0xb377dbac]
Event: 6,552 Thread 0x6c527800  256             com.android.dx.rop.code.Rop::isCallLike (5 bytes)
Event: 6,552 Thread 0x6c527800 nmethod 256 0xb377f988 code [0xb377fa60, 0xb377fab0]
Event: 6,552 Thread 0x6c527800  257             com.android.dx.rop.code.BasicBlockList::forEachInsn (39 bytes)
Event: 6,568 Thread 0x6c527800 nmethod 257 0xb3771748 code [0xb3771860, 0xb3771a70]
Event: 6,568 Thread 0x6c527800  258             java.util.ArrayList::ensureCapacity (28 bytes)
Event: 6,569 Thread 0x6c527800 nmethod 258 0xb3771448 code [0xb3771540, 0xb3771624]
Event: 6,569 Thread 0x6c527800  259             com.android.dx.rop.cst.CstString::compareTo0 (15 bytes)
Event: 6,578 Thread 0x6c527800 nmethod 259 0xb377f6c8 code [0xb377f7c0, 0xb377f8b0]
Event: 6,578 Thread 0x6c527800  260             java.util.ArrayList::remove (77 bytes)

GC Heap History (9 events):
Event: 2,933 GC heap before
{Heap before GC invocations=1 (full 0):
 PSYoungGen      total 18688K, used 16128K [0x9e040000, 0x9f500000, 0xb35c0000)
  eden space 16128K, 100% used [0x9e040000,0x9f000000,0x9f000000)
  from space 2560K, 0% used [0x9f280000,0x9f280000,0x9f500000)
  to   space 2560K, 0% used [0x9f000000,0x9f000000,0x9f280000)
 ParOldGen       total 42240K, used 0K [0x735c0000, 0x75f00000, 0x9e040000)
  object space 42240K, 0% used [0x735c0000,0x735c0000,0x75f00000)
 PSPermGen       total 16384K, used 2520K [0x6f5c0000, 0x705c0000, 0x735c0000)
  object space 16384K, 15% used [0x6f5c0000,0x6f8360a0,0x705c0000)
Event: 2,937 GC heap after
Heap after GC invocations=1 (full 0):
 PSYoungGen      total 18688K, used 876K [0x9e040000, 0x9f500000, 0xb35c0000)
  eden space 16128K, 0% used [0x9e040000,0x9e040000,0x9f000000)
  from space 2560K, 34% used [0x9f000000,0x9f0db1f0,0x9f280000)
  to   space 2560K, 0% used [0x9f280000,0x9f280000,0x9f500000)
 ParOldGen       total 42240K, used 4K [0x735c0000, 0x75f00000, 0x9e040000)
  object space 42240K, 0% used [0x735c0000,0x735c1000,0x75f00000)
 PSPermGen       total 16384K, used 2520K [0x6f5c0000, 0x705c0000, 0x735c0000)
  object space 16384K, 15% used [0x6f5c0000,0x6f8360a0,0x705c0000)
}
Event: 4,246 GC heap before
{Heap before GC invocations=2 (full 0):
 PSYoungGen      total 18688K, used 17004K [0x9e040000, 0x9f500000, 0xb35c0000)
  eden space 16128K, 100% used [0x9e040000,0x9f000000,0x9f000000)
  from space 2560K, 34% used [0x9f000000,0x9f0db1f0,0x9f280000)
  to   space 2560K, 0% used [0x9f280000,0x9f280000,0x9f500000)
 ParOldGen       total 42240K, used 4K [0x735c0000, 0x75f00000, 0x9e040000)
  object space 42240K, 0% used [0x735c0000,0x735c1000,0x75f00000)
 PSPermGen       total 16384K, used 3783K [0x6f5c0000, 0x705c0000, 0x735c0000)
  object space 16384K, 23% used [0x6f5c0000,0x6f971d90,0x705c0000)
Event: 4,293 GC heap after
Heap after GC invocations=2 (full 0):
 PSYoungGen      total 18688K, used 2558K [0x9e040000, 0xa04c0000, 0xb35c0000)
  eden space 16128K, 0% used [0x9e040000,0x9e040000,0x9f000000)
  from space 2560K, 99% used [0x9f280000,0x9f4ff880,0x9f500000)
  to   space 2560K, 0% used [0x9f000000,0x9f000000,0x9f280000)
 ParOldGen       total 42240K, used 1519K [0x735c0000, 0x75f00000, 0x9e040000)
  object space 42240K, 3% used [0x735c0000,0x7373be48,0x75f00000)
 PSPermGen       total 16384K, used 3783K [0x6f5c0000, 0x705c0000, 0x735c0000)
  object space 16384K, 23% used [0x6f5c0000,0x6f971d90,0x705c0000)
}
Event: 4,857 GC heap before
{Heap before GC invocations=3 (full 0):
 PSYoungGen      total 18688K, used 18686K [0x9e040000, 0xa04c0000, 0xb35c0000)
  eden space 16128K, 100% used [0x9e040000,0x9f000000,0x9f000000)
  from space 2560K, 99% used [0x9f280000,0x9f4ff880,0x9f500000)
  to   space 2560K, 0% used [0x9f000000,0x9f000000,0x9f280000)
 ParOldGen       total 42240K, used 1519K [0x735c0000, 0x75f00000, 0x9e040000)
  object space 42240K, 3% used [0x735c0000,0x7373be48,0x75f00000)
 PSPermGen       total 16384K, used 3861K [0x6f5c0000, 0x705c0000, 0x735c0000)
  object space 16384K, 23% used [0x6f5c0000,0x6f985680,0x705c0000)
Event: 4,902 GC heap after
Heap after GC invocations=3 (full 0):
 PSYoungGen      total 18688K, used 2544K [0x9e040000, 0xa04c0000, 0xb35c0000)
  eden space 16128K, 0% used [0x9e040000,0x9e040000,0x9f000000)
  from space 2560K, 99% used [0x9f000000,0x9f27c090,0x9f280000)
  to   space 2560K, 0% used [0xa0240000,0xa0240000,0xa04c0000)
 ParOldGen       total 42240K, used 4228K [0x735c0000, 0x75f00000, 0x9e040000)
  object space 42240K, 10% used [0x735c0000,0x739e13a0,0x75f00000)
 PSPermGen       total 16384K, used 3861K [0x6f5c0000, 0x705c0000, 0x735c0000)
  object space 16384K, 23% used [0x6f5c0000,0x6f985680,0x705c0000)
}
Event: 5,443 GC heap before
{Heap before GC invocations=4 (full 0):
 PSYoungGen      total 18688K, used 18672K [0x9e040000, 0xa04c0000, 0xb35c0000)
  eden space 16128K, 100% used [0x9e040000,0x9f000000,0x9f000000)
  from space 2560K, 99% used [0x9f000000,0x9f27c090,0x9f280000)
  to   space 2560K, 0% used [0xa0240000,0xa0240000,0xa04c0000)
 ParOldGen       total 42240K, used 4228K [0x735c0000, 0x75f00000, 0x9e040000)
  object space 42240K, 10% used [0x735c0000,0x739e13a0,0x75f00000)
 PSPermGen       total 16384K, used 3886K [0x6f5c0000, 0x705c0000, 0x735c0000)
  object space 16384K, 23% used [0x6f5c0000,0x6f98bb70,0x705c0000)
Event: 5,472 GC heap after
Heap after GC invocations=4 (full 0):
 PSYoungGen      total 34816K, used 2544K [0x9e040000, 0xa04c0000, 0xb35c0000)
  eden space 32256K, 0% used [0x9e040000,0x9e040000,0x9ffc0000)
  from space 2560K, 99% used [0xa0240000,0xa04bc060,0xa04c0000)
  to   space 2560K, 0% used [0x9ffc0000,0x9ffc0000,0xa0240000)
 ParOldGen       total 42240K, used 6948K [0x735c0000, 0x75f00000, 0x9e040000)
  object space 42240K, 16% used [0x735c0000,0x73c89368,0x75f00000)
 PSPermGen       total 16384K, used 3886K [0x6f5c0000, 0x705c0000, 0x735c0000)
  object space 16384K, 23% used [0x6f5c0000,0x6f98bb70,0x705c0000)
}
Event: 6,596 GC heap before
{Heap before GC invocations=5 (full 0):
 PSYoungGen      total 34816K, used 34800K [0x9e040000, 0xa04c0000, 0xb35c0000)
  eden space 32256K, 100% used [0x9e040000,0x9ffc0000,0x9ffc0000)
  from space 2560K, 99% used [0xa0240000,0xa04bc060,0xa04c0000)
  to   space 2560K, 0% used [0x9ffc0000,0x9ffc0000,0xa0240000)
 ParOldGen       total 42240K, used 6948K [0x735c0000, 0x75f00000, 0x9e040000)
  object space 42240K, 16% used [0x735c0000,0x73c89368,0x75f00000)
 PSPermGen       total 16384K, used 3902K [0x6f5c0000, 0x705c0000, 0x735c0000)
  object space 16384K, 23% used [0x6f5c0000,0x6f98f980,0x705c0000)

Deoptimization events (3 events):
Event: 3,974 Thread 0x6c5b7000 Uncommon trap: reason=null_check action=make_not_entrant pc=0xb371e248 method=com.android.dx.rop.code.LocalItem.equals(Ljava/lang/Object;)Z @ 1
Event: 5,703 Thread 0x6c5b9c00 Uncommon trap: reason=null_check action=make_not_entrant pc=0xb372c000 method=com.android.dx.rop.type.Type.equals(Ljava/lang/Object;)Z @ 8
Event: 5,909 Thread 0x6c5b9000 Uncommon trap: reason=unreached action=reinterpret pc=0xb374bf00 method=com.android.dx.ssa.SsaConverter.placePhiFunctions(Lcom/android/dx/ssa/SsaMethod;Lcom/android/dx/ssa/LocalVariableInfo;I)V @ 327

Internal exceptions (10 events):
Event: 3,700 Thread 0x6c5bc800 Threw 0x9e6aff70 at /HUDSON/workspace/7u-2-build-linux-i586/jdk7u79/2331/hotspot/src/share/vm/prims/jvm.cpp:1304
Event: 3,704 Thread 0x6c5b9c00 Threw 0x9e52ca60 at /HUDSON/workspace/7u-2-build-linux-i586/jdk7u79/2331/hotspot/src/share/vm/prims/jvm.cpp:1304
Event: 3,783 Thread 0x6c5b7000 Threw 0x9e749c38 at /HUDSON/workspace/7u-2-build-linux-i586/jdk7u79/2331/hotspot/src/share/vm/prims/jvm.cpp:1304
Event: 3,812 Thread 0x6c5bc800 Threw 0x9e7cf470 at /HUDSON/workspace/7u-2-build-linux-i586/jdk7u79/2331/hotspot/src/share/vm/prims/jvm.cpp:1304
Event: 3,824 Thread 0x6c5b9c00 Threw 0x9e79e218 at /HUDSON/workspace/7u-2-build-linux-i586/jdk7u79/2331/hotspot/src/share/vm/prims/jvm.cpp:1304
Event: 3,974 Thread 0x6c5b7000 Implicit null exception at 0xb371e0be to 0xb371e23d
Event: 4,390 Thread 0x6c5b9000 Threw 0x9e30a2e0 at /HUDSON/workspace/7u-2-build-linux-i586/jdk7u79/2331/hotspot/src/share/vm/prims/jvm.cpp:1304
Event: 4,494 Thread 0xb6707800 Threw 0x9e5784b0 at /HUDSON/workspace/7u-2-build-linux-i586/jdk7u79/2331/hotspot/src/share/vm/prims/jvm.cpp:1304
Event: 5,703 Thread 0x6c5b9c00 Implicit null exception at 0xb372bf6b to 0xb372bff1
Event: 6,183 Thread 0x6c5b9000 Threw 0x9f2eb870 at /HUDSON/workspace/7u-2-build-linux-i586/jdk7u79/2331/hotspot/src/share/vm/prims/jvm.cpp:1304

Events (10 events):
Event: 5,605 Executing VM operation: EnableBiasedLocking done
Event: 5,703 Thread 0x6c5b9c00 Uncommon trap: trap_request=0xfffffff4 fr.pc=0xb372c000
Event: 5,703 Thread 0x6c5b9c00 DEOPT PACKING pc=0xb372c000 sp=0x6bcada30
Event: 5,703 Thread 0x6c5b9c00 DEOPT UNPACKING pc=0xb36e1bc8 sp=0x6bcada04 mode 2
Event: 5,909 Thread 0x6c5b9000 Uncommon trap: trap_request=0xffffffad fr.pc=0xb374bf00
Event: 5,909 Thread 0x6c5b9000 DEOPT PACKING pc=0xb374bf00 sp=0x6bcfebe0
Event: 5,909 Thread 0x6c5b9000 DEOPT UNPACKING pc=0xb36e1bc8 sp=0x6bcfebe8 mode 2
Event: 6,183 loading class 0x083358c8
Event: 6,183 loading class 0x083358c8 done
Event: 6,590 Executing VM operation: ParallelGCFailedAllocation


Dynamic libraries:
08048000-08049000 r-xp 00000000 08:05 3021055    /home/birhanu/Software/jdk1.7.0_79/bin/java
08049000-0804a000 rw-p 00000000 08:05 3021055    /home/birhanu/Software/jdk1.7.0_79/bin/java
0827f000-08956000 rw-p 00000000 00:00 0          [heap]
6b300000-6b400000 rw-p 00000000 00:00 0 
6b500000-6b5fb000 rw-p 00000000 00:00 0 
6b5fb000-6b600000 ---p 00000000 00:00 0 
6b600000-6b6f9000 rw-p 00000000 00:00 0 
6b6f9000-6b700000 ---p 00000000 00:00 0 
6b700000-6b7df000 rw-p 00000000 00:00 0 
6b7df000-6b800000 ---p 00000000 00:00 0 
6b900000-6b9cf000 rw-p 00000000 00:00 0 
6b9cf000-6ba00000 ---p 00000000 00:00 0 
6ba00000-6bafe000 rw-p 00000000 00:00 0 
6bafe000-6bb00000 ---p 00000000 00:00 0 
6bb00000-6bbfd000 rw-p 00000000 00:00 0 
6bbfd000-6bc00000 ---p 00000000 00:00 0 
6bc0d000-6bc10000 ---p 00000000 00:00 0 
6bc10000-6bc5e000 rw-p 00000000 00:00 0          [stack:19873]
6bc5e000-6bc61000 ---p 00000000 00:00 0 
6bc61000-6bcaf000 rw-p 00000000 00:00 0          [stack:19872]
6bcaf000-6bcb2000 ---p 00000000 00:00 0 
6bcb2000-6bd00000 rw-p 00000000 00:00 0          [stack:19871]
6bd00000-6bdff000 rw-p 00000000 00:00 0 
6bdff000-6be00000 ---p 00000000 00:00 0 
6be1f000-6be22000 ---p 00000000 00:00 0 
6be22000-6be70000 rw-p 00000000 00:00 0          [stack:19870]
6be70000-6be73000 ---p 00000000 00:00 0 
6be73000-6bec1000 rw-p 00000000 00:00 0          [stack:19869]
6bec1000-6bed6000 r-xp 00000000 08:05 3021551    /home/birhanu/Software/jdk1.7.0_79/jre/lib/i386/libnet.so
6bed6000-6bed7000 rw-p 00014000 08:05 3021551    /home/birhanu/Software/jdk1.7.0_79/jre/lib/i386/libnet.so
6bed7000-6bed8000 ---p 00000000 00:00 0 
6bed8000-6bf58000 rw-p 00000000 00:00 0          [stack:19863]
6bf58000-6bf5b000 ---p 00000000 00:00 0 
6bf5b000-6bfa9000 rw-p 00000000 00:00 0          [stack:19861]
6bfa9000-6bfac000 ---p 00000000 00:00 0 
6bfac000-6c02a000 rw-p 00000000 00:00 0          [stack:19859]
6c02a000-6c02d000 ---p 00000000 00:00 0 
6c02d000-6c0ab000 rw-p 00000000 00:00 0          [stack:19857]
6c0ab000-6c0ae000 ---p 00000000 00:00 0 
6c0ae000-6c0fc000 rw-p 00000000 00:00 0          [stack:19855]
6c0fc000-6c22e000 r--p 002c8000 08:05 3809940    /usr/lib/locale/locale-archive
6c22e000-6c42e000 r--p 00000000 08:05 3809940    /usr/lib/locale/locale-archive
6c42e000-6c431000 ---p 00000000 00:00 0 
6c431000-6c47f000 rw-p 00000000 00:00 0          [stack:19851]
6c47f000-6c480000 ---p 00000000 00:00 0 
6c480000-6c500000 rw-p 00000000 00:00 0          [stack:19847]
6c500000-6c5f3000 rw-p 00000000 00:00 0 
6c5f3000-6c600000 ---p 00000000 00:00 0 
6c600000-6c7c0000 r--s 039f7000 08:05 3021068    /home/birhanu/Software/jdk1.7.0_79/jre/lib/rt.jar
6c7c0000-6ee00000 rw-p 00000000 00:00 0 
6ee00000-6eef9000 rw-p 00000000 00:00 0 
6eef9000-6ef00000 ---p 00000000 00:00 0 
6ef09000-6ef0c000 ---p 00000000 00:00 0 
6ef0c000-6f000000 rw-p 00000000 00:00 0          [stack:19849]
6f000000-6f021000 rw-p 00000000 00:00 0 
6f021000-6f100000 ---p 00000000 00:00 0 
6f10a000-6f118000 r-xp 00000000 08:05 3021560    /home/birhanu/Software/jdk1.7.0_79/jre/lib/i386/libnio.so
6f118000-6f119000 rw-p 0000e000 08:05 3021560    /home/birhanu/Software/jdk1.7.0_79/jre/lib/i386/libnio.so
6f119000-6f12d000 r--s 000c0000 08:05 1448157    /home/birhanu/AndroidStudioProjects/HSLCardReader/app/build/intermediates/exploded-aar/com.google.android.gms/play-services-basement/8.1.0/jars/classes.jar
6f12d000-6f147000 rw-p 00000000 00:00 0 
6f147000-6f148000 ---p 00000000 00:00 0 
6f148000-6f1c8000 rw-p 00000000 00:00 0          [stack:19845]
6f1c8000-6f1c9000 ---p 00000000 00:00 0 
6f1c9000-6f25e000 rw-p 00000000 00:00 0          [stack:19843]
6f25e000-6f39f000 rw-p 00000000 00:00 0 
6f39f000-6f3a7000 rw-p 00000000 00:00 0 
6f3a7000-6f3bf000 rw-p 00000000 00:00 0 
6f3bf000-6f3d4000 rw-p 00000000 00:00 0 
6f3d4000-6f514000 rw-p 00000000 00:00 0 
6f514000-6f527000 rw-p 00000000 00:00 0 
6f527000-6f5bf000 rw-p 00000000 00:00 0 
6f5bf000-705c0000 rw-p 00000000 00:00 0 
705c0000-735c0000 rw-p 00000000 00:00 0 
735c0000-75f00000 rw-p 00000000 00:00 0 
75f00000-9e040000 rw-p 00000000 00:00 0 
9e040000-a04c0000 rw-p 00000000 00:00 0 
a2f8d000-a3100000 rw-p 00000000 00:00 0 
a3100000-a317e000 rw-p 00000000 00:00 0 
a317e000-a3200000 ---p 00000000 00:00 0 
a3217000-a32c0000 rw-p 00000000 00:00 0 
a32c0000-b35c0000 rw-p 00000000 00:00 0 
b35c6000-b35d5000 r--s 000df000 08:05 2764088    /home/birhanu/Android/Sdk/build-tools/23.0.2/lib/dx.jar
b35d5000-b35dd000 rw-p 00000000 00:00 0 
b35dd000-b35f5000 rw-p 00000000 00:00 0 
b35f5000-b35fe000 rw-p 00000000 00:00 0 
b35fe000-b36b5000 rw-p 00000000 00:00 0 
b36b5000-b38f5000 rwxp 00000000 00:00 0 
b38f5000-b66b5000 rw-p 00000000 00:00 0 
b66b5000-b66c0000 r-xp 00000000 08:05 4195497    /lib/i386-linux-gnu/libnss_files-2.19.so
b66c0000-b66c1000 r--p 0000a000 08:05 4195497    /lib/i386-linux-gnu/libnss_files-2.19.so
b66c1000-b66c2000 rw-p 0000b000 08:05 4195497    /lib/i386-linux-gnu/libnss_files-2.19.so
b66c2000-b66cc000 r-xp 00000000 08:05 4195507    /lib/i386-linux-gnu/libnss_nis-2.19.so
b66cc000-b66cd000 r--p 00009000 08:05 4195507    /lib/i386-linux-gnu/libnss_nis-2.19.so
b66cd000-b66ce000 rw-p 0000a000 08:05 4195507    /lib/i386-linux-gnu/libnss_nis-2.19.so
b66ce000-b66e3000 r-xp 00000000 08:05 4195491    /lib/i386-linux-gnu/libnsl-2.19.so
b66e3000-b66e4000 r--p 00015000 08:05 4195491    /lib/i386-linux-gnu/libnsl-2.19.so
b66e4000-b66e5000 rw-p 00016000 08:05 4195491    /lib/i386-linux-gnu/libnsl-2.19.so
b66e5000-b66e7000 rw-p 00000000 00:00 0 
b66e8000-b66ff000 r-xp 00000000 08:05 3021573    /home/birhanu/Software/jdk1.7.0_79/jre/lib/i386/libzip.so
b66ff000-b6700000 rw-p 00017000 08:05 3021573    /home/birhanu/Software/jdk1.7.0_79/jre/lib/i386/libzip.so
b6700000-b67f3000 rw-p 00000000 00:00 0 
b67f3000-b6800000 ---p 00000000 00:00 0 
b6800000-b6801000 rw-p 00000000 00:00 0 
b6801000-b6809000 rw-s 00000000 08:05 4328410    /tmp/hsperfdata_birhanu/19836
b6809000-b682c000 r-xp 00000000 08:05 3021536    /home/birhanu/Software/jdk1.7.0_79/jre/lib/i386/libjava.so
b682c000-b682d000 rw-p 00023000 08:05 3021536    /home/birhanu/Software/jdk1.7.0_79/jre/lib/i386/libjava.so
b682d000-b6834000 r-xp 00000000 08:05 4195550    /lib/i386-linux-gnu/librt-2.19.so
b6834000-b6835000 r--p 00006000 08:05 4195550    /lib/i386-linux-gnu/librt-2.19.so
b6835000-b6836000 rw-p 00007000 08:05 4195550    /lib/i386-linux-gnu/librt-2.19.so
b6836000-b6839000 ---p 00000000 00:00 0 
b6839000-b6887000 rw-p 00000000 00:00 0          [stack:19842]
b6887000-b68cb000 r-xp 00000000 08:05 4195472    /lib/i386-linux-gnu/libm-2.19.so
b68cb000-b68cc000 r--p 00043000 08:05 4195472    /lib/i386-linux-gnu/libm-2.19.so
b68cc000-b68cd000 rw-p 00044000 08:05 4195472    /lib/i386-linux-gnu/libm-2.19.so
b68cd000-b7154000 r-xp 00000000 08:05 3021572    /home/birhanu/Software/jdk1.7.0_79/jre/lib/i386/server/libjvm.so
b7154000-b71b9000 rw-p 00886000 08:05 3021572    /home/birhanu/Software/jdk1.7.0_79/jre/lib/i386/server/libjvm.so
b71b9000-b75dc000 rw-p 00000000 00:00 0 
b75dc000-b7784000 r-xp 00000000 08:05 4195421    /lib/i386-linux-gnu/libc-2.19.so
b7784000-b7786000 r--p 001a8000 08:05 4195421    /lib/i386-linux-gnu/libc-2.19.so
b7786000-b7787000 rw-p 001aa000 08:05 4195421    /lib/i386-linux-gnu/libc-2.19.so
b7787000-b778a000 rw-p 00000000 00:00 0 
b778a000-b778d000 r-xp 00000000 08:05 4195438    /lib/i386-linux-gnu/libdl-2.19.so
b778d000-b778e000 r--p 00002000 08:05 4195438    /lib/i386-linux-gnu/libdl-2.19.so
b778e000-b778f000 rw-p 00003000 08:05 4195438    /lib/i386-linux-gnu/libdl-2.19.so
b778f000-b7790000 rw-p 00000000 00:00 0 
b7790000-b77a3000 r-xp 00000000 08:05 3019748    /home/birhanu/Software/jdk1.7.0_79/lib/i386/jli/libjli.so
b77a3000-b77a4000 rw-p 00012000 08:05 3019748    /home/birhanu/Software/jdk1.7.0_79/lib/i386/jli/libjli.so
b77a4000-b77bc000 r-xp 00000000 08:05 4195542    /lib/i386-linux-gnu/libpthread-2.19.so
b77bc000-b77bd000 r--p 00018000 08:05 4195542    /lib/i386-linux-gnu/libpthread-2.19.so
b77bd000-b77be000 rw-p 00019000 08:05 4195542    /lib/i386-linux-gnu/libpthread-2.19.so
b77be000-b77c1000 rw-p 00000000 00:00 0 
b77c1000-b77c2000 r--p 002c5000 08:05 3809940    /usr/lib/locale/locale-archive
b77c2000-b77c9000 r-xp 00000000 08:05 4195493    /lib/i386-linux-gnu/libnss_compat-2.19.so
b77c9000-b77ca000 r--p 00006000 08:05 4195493    /lib/i386-linux-gnu/libnss_compat-2.19.so
b77ca000-b77cb000 rw-p 00007000 08:05 4195493    /lib/i386-linux-gnu/libnss_compat-2.19.so
b77cb000-b77cc000 rw-p 00000000 00:00 0 
b77cc000-b77cd000 ---p 00000000 00:00 0 
b77cd000-b77d8000 r-xp 00000000 08:05 3021518    /home/birhanu/Software/jdk1.7.0_79/jre/lib/i386/libverify.so
b77d8000-b77d9000 rw-p 0000b000 08:05 3021518    /home/birhanu/Software/jdk1.7.0_79/jre/lib/i386/libverify.so
b77d9000-b77db000 rw-p 00000000 00:00 0 
b77db000-b77dc000 r-xp 00000000 00:00 0          [vdso]
b77dc000-b77de000 r--p 00000000 00:00 0          [vvar]
b77de000-b77fe000 r-xp 00000000 08:05 4195395    /lib/i386-linux-gnu/ld-2.19.so
b77fe000-b77ff000 r--p 0001f000 08:05 4195395    /lib/i386-linux-gnu/ld-2.19.so
b77ff000-b7800000 rw-p 00020000 08:05 4195395    /lib/i386-linux-gnu/ld-2.19.so
bfbf8000-bfbf9000 rwxp 00000000 00:00 0 
bfc2b000-bfc4c000 rw-p 00000000 00:00 0          [stack]

VM Arguments:
jvm_args: -Djava.awt.headless=true -Xmx1024M -Dfile.encoding=UTF-8 -Duser.country=US -Duser.language=en -Duser.variant 
java_command: com.android.dx.command.Main --dex --num-threads=4 --output /home/birhanu/AndroidStudioProjects/HSLCardReader/app/build/intermediates/pre-dexed/debug/com.google.android.gms-play-services-basement-8.1.0_08280a2bcddfbaacf465386f7c19402bce1a5af7.jar /home/birhanu/AndroidStudioProjects/HSLCardReader/app/build/intermediates/exploded-aar/com.google.android.gms/play-services-basement/8.1.0/jars/classes.jar
Launcher Type: SUN_STANDARD

Environment Variables:
PATH=/home/birhanu/Software/android-studio/bin/:/home/birhanu/Software/jdk1.7.0_79/bin:/usr/local/heroku/bin:/home/birhanu/.rvm/gems/ruby-2.2.0/bin:/home/birhanu/.rvm/gems/ruby-2.2.0@global/bin:/home/birhanu/.rvm/rubies/ruby-2.2.0/bin:/usr/local/sbin:/usr/local/bin:/usr/sbin:/usr/bin:/sbin:/bin:/usr/games:/usr/local/games:/home/birhanu/.rvm/bin:/home/birhanu/.rvm/bin:/home/birhanu/.rvm/bin:/home/birhanu/.rvm/bin:/home/birhanu/.rvm/bin:/home/birhanu/.rvm/bin:/home/birhanu/.rvm/bin:/home/birhanu/.rvm/bin
USERNAME=birhanu
LD_LIBRARY_PATH=.:
SHELL=/usr/bin/zsh
DISPLAY=:0.0

Signal Handlers:
SIGSEGV: [libjvm.so+0x7eb620], sa_mask[0]=0x7ffbfeff, sa_flags=0x10000004
SIGBUS: [libjvm.so+0x7eb620], sa_mask[0]=0x7ffbfeff, sa_flags=0x10000004
SIGFPE: [libjvm.so+0x6835c0], sa_mask[0]=0x7ffbfeff, sa_flags=0x10000004
SIGPIPE: [libjvm.so+0x6835c0], sa_mask[0]=0x7ffbfeff, sa_flags=0x10000004
SIGXFSZ: [libjvm.so+0x6835c0], sa_mask[0]=0x7ffbfeff, sa_flags=0x10000004
SIGILL: [libjvm.so+0x6835c0], sa_mask[0]=0x7ffbfeff, sa_flags=0x10000004
SIGUSR1: SIG_DFL, sa_mask[0]=0x00000000, sa_flags=0x00000000
SIGUSR2: [libjvm.so+0x684dc0], sa_mask[0]=0x00000004, sa_flags=0x10000004
SIGHUP: [libjvm.so+0x6860f0], sa_mask[0]=0x7ffbfeff, sa_flags=0x10000004
SIGINT: [libjvm.so+0x6860f0], sa_mask[0]=0x7ffbfeff, sa_flags=0x10000004
SIGTERM: [libjvm.so+0x6860f0], sa_mask[0]=0x7ffbfeff, sa_flags=0x10000004
SIGQUIT: [libjvm.so+0x6860f0], sa_mask[0]=0x7ffbfeff, sa_flags=0x10000004


---------------  S Y S T E M  ---------------

OS:jessie/sid

uname:Linux 3.16.0-38-generic #52~14.04.1-Ubuntu SMP Fri May 8 09:44:48 UTC 2015 i686
libc:glibc 2.19 NPTL 2.19 
rlimit: STACK 8192k, CORE 0k, NPROC 31546, NOFILE 4096, AS infinity
load average:5,93 4,29 3,34

/proc/meminfo:
MemTotal:        4066476 kB
MemFree:          202680 kB
MemAvailable:     153924 kB
Buffers:            2760 kB
Cached:           362640 kB
SwapCached:         3736 kB
Active:          2620376 kB
Inactive:         931880 kB
Active(anon):    2595804 kB
Inactive(anon):   887944 kB
Active(file):      24572 kB
Inactive(file):    43936 kB
Unevictable:         132 kB
Mlocked:             132 kB
HighTotal:       3202756 kB
HighFree:          45428 kB
LowTotal:         863720 kB
LowFree:          157252 kB
SwapTotal:        764924 kB
SwapFree:              4 kB
Dirty:               268 kB
Writeback:             4 kB
AnonPages:       3183516 kB
Mapped:           317228 kB
Shmem:            296716 kB
Slab:              44520 kB
SReclaimable:      21992 kB
SUnreclaim:        22528 kB
KernelStack:        6320 kB
PageTables:        32676 kB
NFS_Unstable:          0 kB
Bounce:              148 kB
WritebackTmp:          0 kB
CommitLimit:     2798160 kB
Committed_AS:   13888120 kB
VmallocTotal:     122880 kB
VmallocUsed:       18936 kB
VmallocChunk:      53524 kB
AnonHugePages:    827392 kB
HugePages_Total:       0
HugePages_Free:        0
HugePages_Rsvd:        0
HugePages_Surp:        0
Hugepagesize:       2048 kB
DirectMap4k:       30712 kB
DirectMap2M:      878592 kB


CPU:total 2 (2 cores per cpu, 1 threads per core) family 6 model 23 stepping 10, cmov, cx8, fxsr, mmx, sse, sse2, sse3, ssse3, sse4.1, tsc

/proc/cpuinfo:
processor	: 0
vendor_id	: GenuineIntel
cpu family	: 6
model		: 23
model name	: Intel(R) Core(TM)2 Duo CPU     E8400  @ 3.00GHz
stepping	: 10
microcode	: 0xa0b
cpu MHz		: 3000.000
cache size	: 6144 KB
physical id	: 0
siblings	: 2
core id		: 0
cpu cores	: 2
apicid		: 0
initial apicid	: 0
fdiv_bug	: no
f00f_bug	: no
coma_bug	: no
fpu		: yes
fpu_exception	: yes
cpuid level	: 13
wp		: yes
flags		: fpu vme de pse tsc msr pae mce cx8 apic sep mtrr pge mca cmov pat pse36 clflush dts acpi mmx fxsr sse sse2 ss ht tm pbe nx lm constant_tsc arch_perfmon pebs bts aperfmperf pni dtes64 monitor ds_cpl vmx smx est tm2 ssse3 cx16 xtpr pdcm sse4_1 xsave lahf_lm dtherm tpr_shadow vnmi flexpriority
bogomips	: 5985.05
clflush size	: 64
cache_alignment	: 64
address sizes	: 36 bits physical, 48 bits virtual
power management:

processor	: 1
vendor_id	: GenuineIntel
cpu family	: 6
model		: 23
model name	: Intel(R) Core(TM)2 Duo CPU     E8400  @ 3.00GHz
stepping	: 10
microcode	: 0xa0b
cpu MHz		: 3000.000
cache size	: 6144 KB
physical id	: 0
siblings	: 2
core id		: 1
cpu cores	: 2
apicid		: 1
initial apicid	: 1
fdiv_bug	: no
f00f_bug	: no
coma_bug	: no
fpu		: yes
fpu_exception	: yes
cpuid level	: 13
wp		: yes
flags		: fpu vme de pse tsc msr pae mce cx8 apic sep mtrr pge mca cmov pat pse36 clflush dts acpi mmx fxsr sse sse2 ss ht tm pbe nx lm constant_tsc arch_perfmon pebs bts aperfmperf pni dtes64 monitor ds_cpl vmx smx est tm2 ssse3 cx16 xtpr pdcm sse4_1 xsave lahf_lm dtherm tpr_shadow vnmi flexpriority
bogomips	: 5985.05
clflush size	: 64
cache_alignment	: 64
address sizes	: 36 bits physical, 48 bits virtual
power management:



Memory: 4k page, physical 4066476k(202680k free), swap 764924k(4k free)

vm_info: Java HotSpot(TM) Server VM (24.79-b02) for linux-x86 JRE (1.7.0_79-b15), built on Apr 10 2015 11:52:49 by "java_re" with gcc 4.3.0 20080428 (Red Hat 4.3.0-8)

time: Sat Jan  2 23:54:18 2016
elapsed time: 11 seconds

