#
# There is insufficient memory for the Java Runtime Environment to continue.
# Native memory allocation (malloc) failed to allocate 48234496 bytes for committing reserved memory.
# Possible reasons:
#   The system is out of physical RAM or swap space
#   In 32 bit mode, the process size limit was hit
# Possible solutions:
#   Reduce memory load on the system
#   Increase physical memory or swap space
#   Check if swap backing store is full
#   Use 64 bit Java on a 64 bit OS
#   Decrease Java heap size (-Xmx/-Xms)
#   Decrease number of Java threads
#   Decrease Java thread stack sizes (-Xss)
#   Set larger code cache with -XX:ReservedCodeCacheSize=
# This output file may be truncated or incomplete.
#
#  Out of Memory Error (os_linux.cpp:2756), pid=15337, tid=1817922368
#
# JRE version: Java(TM) SE Runtime Environment (7.0_79-b15) (build 1.7.0_79-b15)
# Java VM: Java HotSpot(TM) Server VM (24.79-b02 mixed mode linux-x86 )
# Failed to write core dump. Core dumps have been disabled. To enable core dumping, try "ulimit -c unlimited" before starting Java again
#

---------------  T H R E A D  ---------------

Current thread (0x6c410400):  VMThread [stack: 0x6c534000,0x6c5b5000] [id=15350]

Stack: [0x6c534000,0x6c5b5000],  sp=0x6c5b3920,  free space=510k
Native frames: (J=compiled Java code, j=interpreted, Vv=VM code, C=native code)
V  [libjvm.so+0x7eab16]  VMError::report_and_die()+0x1a6
V  [libjvm.so+0x33e222]  report_vm_out_of_memory(char const*, int, unsigned int, char const*)+0x72
V  [libjvm.so+0x686a41]  os::Linux::commit_memory_impl(char*, unsigned int, bool)+0xe1
V  [libjvm.so+0x686f08]  os::pd_commit_memory(char*, unsigned int, unsigned int, bool)+0x28
V  [libjvm.so+0x68064c]  os::commit_memory(char*, unsigned int, unsigned int, bool)+0x2c
V  [libjvm.so+0x6eae98]  PSVirtualSpace::expand_by(unsigned int)+0x48
V  [libjvm.so+0x6ebf9a]  PSYoungGen::resize_generation(unsigned int, unsigned int)+0xda
V  [libjvm.so+0x6eb2d9]  PSYoungGen::resize(unsigned int, unsigned int)+0x19
V  [libjvm.so+0x6e8c09]  PSScavenge::invoke_no_policy()+0xcf9
V  [libjvm.so+0x6e9468]  PSScavenge::invoke()+0x28
V  [libjvm.so+0x6a6fea]  ParallelScavengeHeap::failed_mem_allocate(unsigned int)+0x5a
V  [libjvm.so+0x7ec3aa]  VM_ParallelGCFailedAllocation::doit()+0x7a
V  [libjvm.so+0x7f51c7]  VM_Operation::evaluate()+0x47
V  [libjvm.so+0x7f3263]  VMThread::evaluate_operation(VM_Operation*)+0xb3
V  [libjvm.so+0x7f3600]  VMThread::loop()+0x1b0
V  [libjvm.so+0x7f3a65]  VMThread::run()+0x85
V  [libjvm.so+0x688d19]  java_start(Thread*)+0x119
C  [libpthread.so.0+0x6f70]  start_thread+0xd0

VM_Operation (0x6be058a4): ParallelGCFailedAllocation, mode: safepoint, requested by thread 0x6c4b7000


---------------  P R O C E S S  ---------------

Java Threads: ( => current thread )
  0x6c4bc800 JavaThread "pool-1-thread-4" [_thread_blocked, id=15386, stack(0x6bc72000,0x6bcc3000)]
  0x6c4bc000 JavaThread "pool-1-thread-3" [_thread_blocked, id=15385, stack(0x6bcc3000,0x6bd14000)]
  0x6c4b9000 JavaThread "pool-1-thread-2" [_thread_blocked, id=15383, stack(0x6bd14000,0x6bd65000)]
  0x6c4b7800 JavaThread "pool-2-thread-1" [_thread_blocked, id=15382, stack(0x6bd65000,0x6bdb6000)]
  0x6c4b7000 JavaThread "pool-1-thread-1" [_thread_blocked, id=15380, stack(0x6bdb6000,0x6be07000)]
  0x6c42b400 JavaThread "Service Thread" daemon [_thread_blocked, id=15374, stack(0x6be88000,0x6bed9000)]
  0x6c429400 JavaThread "C2 CompilerThread1" daemon [_thread_blocked, id=15372, stack(0x6bed9000,0x6bf5a000)]
  0x6c427400 JavaThread "C2 CompilerThread0" daemon [_thread_blocked, id=15370, stack(0x6bf5a000,0x6bfdb000)]
  0x6c425c00 JavaThread "Signal Dispatcher" daemon [_thread_blocked, id=15368, stack(0x6bfdb000,0x6c02c000)]
  0x6c414800 JavaThread "Finalizer" daemon [_thread_blocked, id=15355, stack(0x6c35e000,0x6c3af000)]
  0x6c413000 JavaThread "Reference Handler" daemon [_thread_blocked, id=15353, stack(0x6c3af000,0x6c400000)]
  0xb6607800 JavaThread "main" [_thread_blocked, id=15344, stack(0xb67db000,0xb682c000)]

Other Threads:
=>0x6c410400 VMThread [stack: 0x6c534000,0x6c5b5000] [id=15350]
  0x6c42d000 WatcherThread [stack: 0x6be07000,0x6be88000] [id=15376]

VM state:at safepoint (normal execution)

VM Mutex/Monitor currently owned by a thread:  ([mutex/lock_event])
[0xb6605150] Threads_lock - owner thread: 0x6c410400
[0xb6605560] Heap_lock - owner thread: 0x6c4b7000

Heap
 PSYoungGen      total 34816K, used 2557K [0x9dfc0000, 0xa0440000, 0xb3540000)
  eden space 32256K, 0% used [0x9dfc0000,0x9dfc0000,0x9ff40000)
  from space 2560K, 99% used [0x9ff40000,0xa01bf558,0xa01c0000)
  to   space 2560K, 0% used [0xa01c0000,0xa01c0000,0xa0440000)
 ParOldGen       total 42240K, used 12720K [0x73540000, 0x75e80000, 0x9dfc0000)
  object space 42240K, 30% used [0x73540000,0x741ac310,0x75e80000)
 PSPermGen       total 16384K, used 3903K [0x6f540000, 0x70540000, 0x73540000)
  object space 16384K, 23% used [0x6f540000,0x6f90fde0,0x70540000)

Card table byte_map: [0x6f31f000,0x6f540000] byte_map_base: 0x6efa4600

Polling page: 0xb7770000

Code Cache  [0xb3600000, 0xb3840000, 0xb6600000)
 total_blobs=365 nmethods=243 adapters=76 free_code_cache=48408Kb largest_free_block=49550336

Compilation events (10 events):
Event: 21,016 Thread 0x6c427400 nmethod 238 0xb36aad88 code [0xb36aaea0, 0xb36ab0dc]
Event: 21,016 Thread 0x6c427400  239             com.android.dx.util.IntList::indexOf (16 bytes)
Event: 21,019 Thread 0x6c427400 nmethod 239 0xb36aa988 code [0xb36aaa80, 0xb36aac10]
Event: 21,019 Thread 0x6c427400  240             com.android.dx.rop.code.PlainInsn::<init> (73 bytes)
Event: 21,055 Thread 0x6c427400 nmethod 240 0xb36aa648 code [0xb36aa740, 0xb36aa850]
Event: 21,055 Thread 0x6c427400  241             com.android.dx.rop.code.BasicBlockList$RegCountVisitor::processReg (19 bytes)
Event: 21,056 Thread 0x6c427400 nmethod 241 0xb36aa388 code [0xb36aa480, 0xb36aa530]
Event: 21,056 Thread 0x6c427400  242             com.android.dx.rop.code.RegisterSpec::getNextReg (10 bytes)
Event: 21,056 Thread 0x6c427400 nmethod 242 0xb36bcf48 code [0xb36bd040, 0xb36bd0d0]
Event: 21,056 Thread 0x6c427400  243             com.android.dx.ssa.SCCP::run (298 bytes)

GC Heap History (9 events):
Event: 16,585 GC heap before
{Heap before GC invocations=1 (full 0):
 PSYoungGen      total 18688K, used 16128K [0x9dfc0000, 0x9f480000, 0xb3540000)
  eden space 16128K, 100% used [0x9dfc0000,0x9ef80000,0x9ef80000)
  from space 2560K, 0% used [0x9f200000,0x9f200000,0x9f480000)
  to   space 2560K, 0% used [0x9ef80000,0x9ef80000,0x9f200000)
 ParOldGen       total 42240K, used 0K [0x73540000, 0x75e80000, 0x9dfc0000)
  object space 42240K, 0% used [0x73540000,0x73540000,0x75e80000)
 PSPermGen       total 16384K, used 2520K [0x6f540000, 0x70540000, 0x73540000)
  object space 16384K, 15% used [0x6f540000,0x6f7b6090,0x70540000)
Event: 16,588 GC heap after
Heap after GC invocations=1 (full 0):
 PSYoungGen      total 18688K, used 889K [0x9dfc0000, 0x9f480000, 0xb3540000)
  eden space 16128K, 0% used [0x9dfc0000,0x9dfc0000,0x9ef80000)
  from space 2560K, 34% used [0x9ef80000,0x9f05e498,0x9f200000)
  to   space 2560K, 0% used [0x9f200000,0x9f200000,0x9f480000)
 ParOldGen       total 42240K, used 4K [0x73540000, 0x75e80000, 0x9dfc0000)
  object space 42240K, 0% used [0x73540000,0x73541000,0x75e80000)
 PSPermGen       total 16384K, used 2520K [0x6f540000, 0x70540000, 0x73540000)
  object space 16384K, 15% used [0x6f540000,0x6f7b6090,0x70540000)
}
Event: 17,503 GC heap before
{Heap before GC invocations=2 (full 0):
 PSYoungGen      total 18688K, used 17017K [0x9dfc0000, 0x9f480000, 0xb3540000)
  eden space 16128K, 100% used [0x9dfc0000,0x9ef80000,0x9ef80000)
  from space 2560K, 34% used [0x9ef80000,0x9f05e498,0x9f200000)
  to   space 2560K, 0% used [0x9f200000,0x9f200000,0x9f480000)
 ParOldGen       total 42240K, used 4K [0x73540000, 0x75e80000, 0x9dfc0000)
  object space 42240K, 0% used [0x73540000,0x73541000,0x75e80000)
 PSPermGen       total 16384K, used 3782K [0x6f540000, 0x70540000, 0x73540000)
  object space 16384K, 23% used [0x6f540000,0x6f8f18a0,0x70540000)
Event: 17,551 GC heap after
Heap after GC invocations=2 (full 0):
 PSYoungGen      total 18688K, used 2546K [0x9dfc0000, 0xa0440000, 0xb3540000)
  eden space 16128K, 0% used [0x9dfc0000,0x9dfc0000,0x9ef80000)
  from space 2560K, 99% used [0x9f200000,0x9f47cb00,0x9f480000)
  to   space 2560K, 0% used [0x9ef80000,0x9ef80000,0x9f200000)
 ParOldGen       total 42240K, used 1654K [0x73540000, 0x75e80000, 0x9dfc0000)
  object space 42240K, 3% used [0x73540000,0x736dd9f0,0x75e80000)
 PSPermGen       total 16384K, used 3782K [0x6f540000, 0x70540000, 0x73540000)
  object space 16384K, 23% used [0x6f540000,0x6f8f18a0,0x70540000)
}
Event: 18,483 GC heap before
{Heap before GC invocations=3 (full 0):
 PSYoungGen      total 18688K, used 18674K [0x9dfc0000, 0xa0440000, 0xb3540000)
  eden space 16128K, 100% used [0x9dfc0000,0x9ef80000,0x9ef80000)
  from space 2560K, 99% used [0x9f200000,0x9f47cb00,0x9f480000)
  to   space 2560K, 0% used [0x9ef80000,0x9ef80000,0x9f200000)
 ParOldGen       total 42240K, used 1654K [0x73540000, 0x75e80000, 0x9dfc0000)
  object space 42240K, 3% used [0x73540000,0x736dd9f0,0x75e80000)
 PSPermGen       total 16384K, used 3861K [0x6f540000, 0x70540000, 0x73540000)
  object space 16384K, 23% used [0x6f540000,0x6f905768,0x70540000)
Event: 18,774 GC heap after
Heap after GC invocations=3 (full 0):
 PSYoungGen      total 18688K, used 2552K [0x9dfc0000, 0xa0440000, 0xb3540000)
  eden space 16128K, 0% used [0x9dfc0000,0x9dfc0000,0x9ef80000)
  from space 2560K, 99% used [0x9ef80000,0x9f1fe050,0x9f200000)
  to   space 2560K, 0% used [0xa01c0000,0xa01c0000,0xa0440000)
 ParOldGen       total 42240K, used 4238K [0x73540000, 0x75e80000, 0x9dfc0000)
  object space 42240K, 10% used [0x73540000,0x73963930,0x75e80000)
 PSPermGen       total 16384K, used 3861K [0x6f540000, 0x70540000, 0x73540000)
  object space 16384K, 23% used [0x6f540000,0x6f905768,0x70540000)
}
Event: 19,514 GC heap before
{Heap before GC invocations=4 (full 0):
 PSYoungGen      total 18688K, used 18680K [0x9dfc0000, 0xa0440000, 0xb3540000)
  eden space 16128K, 100% used [0x9dfc0000,0x9ef80000,0x9ef80000)
  from space 2560K, 99% used [0x9ef80000,0x9f1fe050,0x9f200000)
  to   space 2560K, 0% used [0xa01c0000,0xa01c0000,0xa0440000)
 ParOldGen       total 42240K, used 4238K [0x73540000, 0x75e80000, 0x9dfc0000)
  object space 42240K, 10% used [0x73540000,0x73963930,0x75e80000)
 PSPermGen       total 16384K, used 3887K [0x6f540000, 0x70540000, 0x73540000)
  object space 16384K, 23% used [0x6f540000,0x6f90bf40,0x70540000)
Event: 19,665 GC heap after
Heap after GC invocations=4 (full 0):
 PSYoungGen      total 34816K, used 2544K [0x9dfc0000, 0xa0440000, 0xb3540000)
  eden space 32256K, 0% used [0x9dfc0000,0x9dfc0000,0x9ff40000)
  from space 2560K, 99% used [0xa01c0000,0xa043c040,0xa0440000)
  to   space 2560K, 0% used [0x9ff40000,0x9ff40000,0xa01c0000)
 ParOldGen       total 42240K, used 7149K [0x73540000, 0x75e80000, 0x9dfc0000)
  object space 42240K, 16% used [0x73540000,0x73c3b788,0x75e80000)
 PSPermGen       total 16384K, used 3887K [0x6f540000, 0x70540000, 0x73540000)
  object space 16384K, 23% used [0x6f540000,0x6f90bf40,0x70540000)
}
Event: 21,569 GC heap before
{Heap before GC invocations=5 (full 0):
 PSYoungGen      total 34816K, used 34800K [0x9dfc0000, 0xa0440000, 0xb3540000)
  eden space 32256K, 100% used [0x9dfc0000,0x9ff40000,0x9ff40000)
  from space 2560K, 99% used [0xa01c0000,0xa043c040,0xa0440000)
  to   space 2560K, 0% used [0x9ff40000,0x9ff40000,0xa01c0000)
 ParOldGen       total 42240K, used 7149K [0x73540000, 0x75e80000, 0x9dfc0000)
  object space 42240K, 16% used [0x73540000,0x73c3b788,0x75e80000)
 PSPermGen       total 16384K, used 3903K [0x6f540000, 0x70540000, 0x73540000)
  object space 16384K, 23% used [0x6f540000,0x6f90fde0,0x70540000)

Deoptimization events (3 events):
Event: 17,171 Thread 0x6c4b9000 Uncommon trap: reason=null_check action=make_not_entrant pc=0xb3666864 method=com.android.dx.rop.code.LocalItem.equals(Ljava/lang/Object;)Z @ 1
Event: 19,316 Thread 0xb6607800 Uncommon trap: reason=null_check action=make_not_entrant pc=0xb3675d00 method=com.android.dx.rop.type.Type.equals(Ljava/lang/Object;)Z @ 8
Event: 20,706 Thread 0x6c4b7000 Uncommon trap: reason=unreached action=reinterpret pc=0xb36998dc method=com.android.dx.ssa.SsaConverter.placePhiFunctions(Lcom/android/dx/ssa/SsaMethod;Lcom/android/dx/ssa/LocalVariableInfo;I)V @ 327

Internal exceptions (10 events):
Event: 16,861 Thread 0x6c4b7000 Threw 0x9e625718 at /HUDSON/workspace/7u-2-build-linux-i586/jdk7u79/2331/hotspot/src/share/vm/prims/jvm.cpp:1304
Event: 16,862 Thread 0x6c4bc000 Threw 0x9e5ba7c8 at /HUDSON/workspace/7u-2-build-linux-i586/jdk7u79/2331/hotspot/src/share/vm/prims/jvm.cpp:1304
Event: 16,945 Thread 0x6c4bc800 Threw 0x9e76d4b0 at /HUDSON/workspace/7u-2-build-linux-i586/jdk7u79/2331/hotspot/src/share/vm/prims/jvm.cpp:1304
Event: 16,948 Thread 0x6c4b7000 Threw 0x9e74f7e8 at /HUDSON/workspace/7u-2-build-linux-i586/jdk7u79/2331/hotspot/src/share/vm/prims/jvm.cpp:1304
Event: 16,953 Thread 0x6c4b9000 Threw 0x9e6e81c0 at /HUDSON/workspace/7u-2-build-linux-i586/jdk7u79/2331/hotspot/src/share/vm/prims/jvm.cpp:1304
Event: 17,171 Thread 0x6c4b9000 Implicit null exception at 0xb36666d3 to 0xb3666855
Event: 17,656 Thread 0x6c4bc000 Threw 0x9e1f1a90 at /HUDSON/workspace/7u-2-build-linux-i586/jdk7u79/2331/hotspot/src/share/vm/prims/jvm.cpp:1304
Event: 17,874 Thread 0xb6607800 Threw 0x9e516590 at /HUDSON/workspace/7u-2-build-linux-i586/jdk7u79/2331/hotspot/src/share/vm/prims/jvm.cpp:1304
Event: 19,316 Thread 0xb6607800 Implicit null exception at 0xb3675c6b to 0xb3675cf1
Event: 20,749 Thread 0x6c4b7000 Threw 0x9f310208 at /HUDSON/workspace/7u-2-build-linux-i586/jdk7u79/2331/hotspot/src/share/vm/prims/jvm.cpp:1304

Events (10 events):
Event: 19,316 Thread 0xb6607800 DEOPT PACKING pc=0xb3675d00 sp=0xb682a6f0
Event: 19,316 Thread 0xb6607800 DEOPT UNPACKING pc=0xb362cbc8 sp=0xb682a6c4 mode 2
Event: 19,498 Executing VM operation: ParallelGCFailedAllocation
Event: 19,665 Executing VM operation: ParallelGCFailedAllocation done
Event: 20,706 Thread 0x6c4b7000 Uncommon trap: trap_request=0xffffffad fr.pc=0xb36998dc
Event: 20,706 Thread 0x6c4b7000 DEOPT PACKING pc=0xb36998dc sp=0x6be05a60
Event: 20,706 Thread 0x6c4b7000 DEOPT UNPACKING pc=0xb362cbc8 sp=0x6be05a68 mode 2
Event: 20,749 loading class 0x6c4c1e78
Event: 20,749 loading class 0x6c4c1e78 done
Event: 21,560 Executing VM operation: ParallelGCFailedAllocation


Dynamic libraries:
08048000-08049000 r-xp 00000000 08:05 3021055    /home/birhanu/Software/jdk1.7.0_79/bin/java
08049000-0804a000 rw-p 00000000 08:05 3021055    /home/birhanu/Software/jdk1.7.0_79/bin/java
09104000-09663000 rw-p 00000000 00:00 0          [heap]
6b300000-6b32c000 rw-p 00000000 00:00 0 
6b32c000-6b400000 ---p 00000000 00:00 0 
6b500000-6b5ff000 rw-p 00000000 00:00 0 
6b5ff000-6b600000 ---p 00000000 00:00 0 
6b700000-6b7fe000 rw-p 00000000 00:00 0 
6b7fe000-6b800000 ---p 00000000 00:00 0 
6b900000-6b9fb000 rw-p 00000000 00:00 0 
6b9fb000-6ba00000 ---p 00000000 00:00 0 
6ba00000-6bafa000 rw-p 00000000 00:00 0 
6bafa000-6bb00000 ---p 00000000 00:00 0 
6bb00000-6bbf7000 rw-p 00000000 00:00 0 
6bbf7000-6bc00000 ---p 00000000 00:00 0 
6bc72000-6bc75000 ---p 00000000 00:00 0 
6bc75000-6bcc3000 rw-p 00000000 00:00 0          [stack:15386]
6bcc3000-6bcc6000 ---p 00000000 00:00 0 
6bcc6000-6bd14000 rw-p 00000000 00:00 0          [stack:15385]
6bd14000-6bd17000 ---p 00000000 00:00 0 
6bd17000-6bd65000 rw-p 00000000 00:00 0          [stack:15383]
6bd65000-6bd68000 ---p 00000000 00:00 0 
6bd68000-6bdb6000 rw-p 00000000 00:00 0          [stack:15382]
6bdb6000-6bdb9000 ---p 00000000 00:00 0 
6bdb9000-6be07000 rw-p 00000000 00:00 0          [stack:15380]
6be07000-6be08000 ---p 00000000 00:00 0 
6be08000-6be88000 rw-p 00000000 00:00 0          [stack:15376]
6be88000-6be8b000 ---p 00000000 00:00 0 
6be8b000-6bed9000 rw-p 00000000 00:00 0          [stack:15374]
6bed9000-6bedc000 ---p 00000000 00:00 0 
6bedc000-6bf5a000 rw-p 00000000 00:00 0          [stack:15372]
6bf5a000-6bf5d000 ---p 00000000 00:00 0 
6bf5d000-6bfdb000 rw-p 00000000 00:00 0          [stack:15370]
6bfdb000-6bfde000 ---p 00000000 00:00 0 
6bfde000-6c02c000 rw-p 00000000 00:00 0          [stack:15368]
6c02c000-6c15e000 r--p 002c8000 08:05 3809940    /usr/lib/locale/locale-archive
6c15e000-6c35e000 r--p 00000000 08:05 3809940    /usr/lib/locale/locale-archive
6c35e000-6c361000 ---p 00000000 00:00 0 
6c361000-6c3af000 rw-p 00000000 00:00 0          [stack:15355]
6c3af000-6c3b2000 ---p 00000000 00:00 0 
6c3b2000-6c400000 rw-p 00000000 00:00 0          [stack:15353]
6c400000-6c4f1000 rw-p 00000000 00:00 0 
6c4f1000-6c500000 ---p 00000000 00:00 0 
6c534000-6c535000 ---p 00000000 00:00 0 
6c535000-6c600000 rw-p 00000000 00:00 0          [stack:15350]
6c600000-6c7c0000 r--s 039f7000 08:05 3021068    /home/birhanu/Software/jdk1.7.0_79/jre/lib/rt.jar
6c7c0000-6ee00000 rw-p 00000000 00:00 0 
6ee00000-6eefc000 rw-p 00000000 00:00 0 
6eefc000-6ef00000 ---p 00000000 00:00 0 
6ef24000-6ef7f000 rw-p 00000000 00:00 0 
6ef7f000-6ef80000 ---p 00000000 00:00 0 
6ef80000-6f000000 rw-p 00000000 00:00 0          [stack:15348]
6f000000-6f021000 rw-p 00000000 00:00 0 
6f021000-6f100000 ---p 00000000 00:00 0 
6f11e000-6f133000 r-xp 00000000 08:05 3021551    /home/birhanu/Software/jdk1.7.0_79/jre/lib/i386/libnet.so
6f133000-6f134000 rw-p 00014000 08:05 3021551    /home/birhanu/Software/jdk1.7.0_79/jre/lib/i386/libnet.so
6f134000-6f148000 r--s 000c0000 08:05 1715420    /home/birhanu/AndroidStudioProjects/MyApplication/app/build/intermediates/exploded-aar/com.google.android.gms/play-services-basement/8.1.0/jars/classes.jar
6f148000-6f149000 ---p 00000000 00:00 0 
6f149000-6f1de000 rw-p 00000000 00:00 0          [stack:15347]
6f1de000-6f31f000 rw-p 00000000 00:00 0 
6f31f000-6f327000 rw-p 00000000 00:00 0 
6f327000-6f33f000 rw-p 00000000 00:00 0 
6f33f000-6f354000 rw-p 00000000 00:00 0 
6f354000-6f494000 rw-p 00000000 00:00 0 
6f494000-6f4a7000 rw-p 00000000 00:00 0 
6f4a7000-6f53f000 rw-p 00000000 00:00 0 
6f53f000-70540000 rw-p 00000000 00:00 0 
70540000-73540000 rw-p 00000000 00:00 0 
73540000-75e80000 rw-p 00000000 00:00 0 
75e80000-9dfc0000 rw-p 00000000 00:00 0 
9dfc0000-a0440000 rw-p 00000000 00:00 0 
a3024000-a3240000 rw-p 00000000 00:00 0 
a3240000-b3540000 rw-p 00000000 00:00 0 
b3540000-b3549000 rw-p 00000000 00:00 0 
b3549000-b3600000 rw-p 00000000 00:00 0 
b3600000-b3840000 rwxp 00000000 00:00 0 
b3840000-b66f3000 rw-p 00000000 00:00 0 
b66f3000-b6700000 ---p 00000000 00:00 0 
b6702000-b6703000 rw-p 00000000 00:00 0 
b6703000-b6711000 r-xp 00000000 08:05 3021560    /home/birhanu/Software/jdk1.7.0_79/jre/lib/i386/libnio.so
b6711000-b6712000 rw-p 0000e000 08:05 3021560    /home/birhanu/Software/jdk1.7.0_79/jre/lib/i386/libnio.so
b6712000-b6734000 rw-p 00000000 00:00 0 
b6734000-b674c000 rw-p 00000000 00:00 0 
b674c000-b6763000 r-xp 00000000 08:05 3021573    /home/birhanu/Software/jdk1.7.0_79/jre/lib/i386/libzip.so
b6763000-b6764000 rw-p 00017000 08:05 3021573    /home/birhanu/Software/jdk1.7.0_79/jre/lib/i386/libzip.so
b6764000-b676f000 r-xp 00000000 08:05 4195497    /lib/i386-linux-gnu/libnss_files-2.19.so
b676f000-b6770000 r--p 0000a000 08:05 4195497    /lib/i386-linux-gnu/libnss_files-2.19.so
b6770000-b6771000 rw-p 0000b000 08:05 4195497    /lib/i386-linux-gnu/libnss_files-2.19.so
b6771000-b677b000 r-xp 00000000 08:05 4195507    /lib/i386-linux-gnu/libnss_nis-2.19.so
b677b000-b677c000 r--p 00009000 08:05 4195507    /lib/i386-linux-gnu/libnss_nis-2.19.so
b677c000-b677d000 rw-p 0000a000 08:05 4195507    /lib/i386-linux-gnu/libnss_nis-2.19.so
b677d000-b6792000 r-xp 00000000 08:05 4195491    /lib/i386-linux-gnu/libnsl-2.19.so
b6792000-b6793000 r--p 00015000 08:05 4195491    /lib/i386-linux-gnu/libnsl-2.19.so
b6793000-b6794000 rw-p 00016000 08:05 4195491    /lib/i386-linux-gnu/libnsl-2.19.so
b6794000-b6797000 rw-p 00000000 00:00 0 
b6797000-b67a6000 r--s 000df000 08:05 1850569    /home/birhanu/Android/Sdk/build-tools/23.0.2/lib/dx.jar
b67a6000-b67ae000 rw-s 00000000 08:05 4466485    /tmp/hsperfdata_birhanu/15337
b67ae000-b67d1000 r-xp 00000000 08:05 3021536    /home/birhanu/Software/jdk1.7.0_79/jre/lib/i386/libjava.so
b67d1000-b67d2000 rw-p 00023000 08:05 3021536    /home/birhanu/Software/jdk1.7.0_79/jre/lib/i386/libjava.so
b67d2000-b67d9000 r-xp 00000000 08:05 4195550    /lib/i386-linux-gnu/librt-2.19.so
b67d9000-b67da000 r--p 00006000 08:05 4195550    /lib/i386-linux-gnu/librt-2.19.so
b67da000-b67db000 rw-p 00007000 08:05 4195550    /lib/i386-linux-gnu/librt-2.19.so
b67db000-b67de000 ---p 00000000 00:00 0 
b67de000-b682c000 rw-p 00000000 00:00 0          [stack:15344]
b682c000-b6870000 r-xp 00000000 08:05 4195472    /lib/i386-linux-gnu/libm-2.19.so
b6870000-b6871000 r--p 00043000 08:05 4195472    /lib/i386-linux-gnu/libm-2.19.so
b6871000-b6872000 rw-p 00044000 08:05 4195472    /lib/i386-linux-gnu/libm-2.19.so
b6872000-b70f9000 r-xp 00000000 08:05 3021572    /home/birhanu/Software/jdk1.7.0_79/jre/lib/i386/server/libjvm.so
b70f9000-b715e000 rw-p 00886000 08:05 3021572    /home/birhanu/Software/jdk1.7.0_79/jre/lib/i386/server/libjvm.so
b715e000-b7581000 rw-p 00000000 00:00 0 
b7581000-b7729000 r-xp 00000000 08:05 4195421    /lib/i386-linux-gnu/libc-2.19.so
b7729000-b772b000 r--p 001a8000 08:05 4195421    /lib/i386-linux-gnu/libc-2.19.so
b772b000-b772c000 rw-p 001aa000 08:05 4195421    /lib/i386-linux-gnu/libc-2.19.so
b772c000-b772f000 rw-p 00000000 00:00 0 
b772f000-b7732000 r-xp 00000000 08:05 4195438    /lib/i386-linux-gnu/libdl-2.19.so
b7732000-b7733000 r--p 00002000 08:05 4195438    /lib/i386-linux-gnu/libdl-2.19.so
b7733000-b7734000 rw-p 00003000 08:05 4195438    /lib/i386-linux-gnu/libdl-2.19.so
b7734000-b7735000 rw-p 00000000 00:00 0 
b7735000-b7748000 r-xp 00000000 08:05 3019748    /home/birhanu/Software/jdk1.7.0_79/lib/i386/jli/libjli.so
b7748000-b7749000 rw-p 00012000 08:05 3019748    /home/birhanu/Software/jdk1.7.0_79/lib/i386/jli/libjli.so
b7749000-b7761000 r-xp 00000000 08:05 4195542    /lib/i386-linux-gnu/libpthread-2.19.so
b7761000-b7762000 r--p 00018000 08:05 4195542    /lib/i386-linux-gnu/libpthread-2.19.so
b7762000-b7763000 rw-p 00019000 08:05 4195542    /lib/i386-linux-gnu/libpthread-2.19.so
b7763000-b7765000 rw-p 00000000 00:00 0 
b7765000-b7766000 r--p 002c5000 08:05 3809940    /usr/lib/locale/locale-archive
b7766000-b776d000 r-xp 00000000 08:05 4195493    /lib/i386-linux-gnu/libnss_compat-2.19.so
b776d000-b776e000 r--p 00006000 08:05 4195493    /lib/i386-linux-gnu/libnss_compat-2.19.so
b776e000-b776f000 rw-p 00007000 08:05 4195493    /lib/i386-linux-gnu/libnss_compat-2.19.so
b776f000-b7770000 rw-p 00000000 00:00 0 
b7770000-b7771000 ---p 00000000 00:00 0 
b7771000-b777c000 r-xp 00000000 08:05 3021518    /home/birhanu/Software/jdk1.7.0_79/jre/lib/i386/libverify.so
b777c000-b777d000 rw-p 0000b000 08:05 3021518    /home/birhanu/Software/jdk1.7.0_79/jre/lib/i386/libverify.so
b777d000-b777f000 rw-p 00000000 00:00 0 
b777f000-b7780000 r-xp 00000000 00:00 0          [vdso]
b7780000-b7782000 r--p 00000000 00:00 0          [vvar]
b7782000-b77a2000 r-xp 00000000 08:05 4195395    /lib/i386-linux-gnu/ld-2.19.so
b77a2000-b77a3000 r--p 0001f000 08:05 4195395    /lib/i386-linux-gnu/ld-2.19.so
b77a3000-b77a4000 rw-p 00020000 08:05 4195395    /lib/i386-linux-gnu/ld-2.19.so
bf8f9000-bf8fa000 rwxp 00000000 00:00 0 
bf92c000-bf94d000 rw-p 00000000 00:00 0          [stack]

VM Arguments:
jvm_args: -Djava.awt.headless=true -Xmx1024M -Dfile.encoding=UTF-8 -Duser.country=US -Duser.language=en -Duser.variant 
java_command: com.android.dx.command.Main --dex --num-threads=4 --output /home/birhanu/AndroidStudioProjects/MyApplication/app/build/intermediates/pre-dexed/debug/com.google.android.gms-play-services-basement-8.1.0_218bee4304784413f554b962a7ca48c58eae6d4a.jar /home/birhanu/AndroidStudioProjects/MyApplication/app/build/intermediates/exploded-aar/com.google.android.gms/play-services-basement/8.1.0/jars/classes.jar
Launcher Type: SUN_STANDARD

Environment Variables:
PATH=/home/birhanu/Software/android-studio/bin/:/home/birhanu/Software/jdk1.7.0_79/bin:/usr/local/heroku/bin:/home/birhanu/.rvm/gems/ruby-2.2.0/bin:/home/birhanu/.rvm/gems/ruby-2.2.0@global/bin:/home/birhanu/.rvm/rubies/ruby-2.2.0/bin:/usr/local/sbin:/usr/local/bin:/usr/sbin:/usr/bin:/sbin:/bin:/usr/games:/usr/local/games:/home/birhanu/.rvm/bin:/home/birhanu/.rvm/bin:/home/birhanu/.rvm/bin:/home/birhanu/.rvm/bin:/home/birhanu/.rvm/bin:/home/birhanu/.rvm/bin:/home/birhanu/.rvm/bin:/home/birhanu/.rvm/bin
USERNAME=birhanu
LD_LIBRARY_PATH=.:
SHELL=/usr/bin/zsh
DISPLAY=:0.0

Signal Handlers:
SIGSEGV: [libjvm.so+0x7eb620], sa_mask[0]=0x7ffbfeff, sa_flags=0x10000004
SIGBUS: [libjvm.so+0x7eb620], sa_mask[0]=0x7ffbfeff, sa_flags=0x10000004
SIGFPE: [libjvm.so+0x6835c0], sa_mask[0]=0x7ffbfeff, sa_flags=0x10000004
SIGPIPE: [libjvm.so+0x6835c0], sa_mask[0]=0x7ffbfeff, sa_flags=0x10000004
SIGXFSZ: [libjvm.so+0x6835c0], sa_mask[0]=0x7ffbfeff, sa_flags=0x10000004
SIGILL: [libjvm.so+0x6835c0], sa_mask[0]=0x7ffbfeff, sa_flags=0x10000004
SIGUSR1: SIG_DFL, sa_mask[0]=0x00000000, sa_flags=0x00000000
SIGUSR2: [libjvm.so+0x684dc0], sa_mask[0]=0x00000004, sa_flags=0x10000004
SIGHUP: [libjvm.so+0x6860f0], sa_mask[0]=0x7ffbfeff, sa_flags=0x10000004
SIGINT: [libjvm.so+0x6860f0], sa_mask[0]=0x7ffbfeff, sa_flags=0x10000004
SIGTERM: [libjvm.so+0x6860f0], sa_mask[0]=0x7ffbfeff, sa_flags=0x10000004
SIGQUIT: [libjvm.so+0x6860f0], sa_mask[0]=0x7ffbfeff, sa_flags=0x10000004


---------------  S Y S T E M  ---------------

OS:jessie/sid

uname:Linux 3.16.0-38-generic #52~14.04.1-Ubuntu SMP Fri May 8 09:44:48 UTC 2015 i686
libc:glibc 2.19 NPTL 2.19 
rlimit: STACK 8192k, CORE 0k, NPROC 31546, NOFILE 4096, AS infinity
load average:14,81 9,10 4,31

/proc/meminfo:
MemTotal:        4066476 kB
MemFree:          245356 kB
MemAvailable:     171264 kB
Buffers:             980 kB
Cached:           177556 kB
SwapCached:        17316 kB
Active:          2642060 kB
Inactive:         900240 kB
Active(anon):    2633416 kB
Inactive(anon):   890716 kB
Active(file):       8644 kB
Inactive(file):     9524 kB
Unevictable:         184 kB
Mlocked:             184 kB
HighTotal:       3202756 kB
HighFree:          81292 kB
LowTotal:         863720 kB
LowFree:          164064 kB
SwapTotal:        764924 kB
SwapFree:              0 kB
Dirty:                96 kB
Writeback:             0 kB
AnonPages:       3346976 kB
Mapped:           140536 kB
Shmem:            160240 kB
Slab:              43900 kB
SReclaimable:      21664 kB
SUnreclaim:        22236 kB
KernelStack:        6144 kB
PageTables:        34100 kB
NFS_Unstable:          0 kB
Bounce:              148 kB
WritebackTmp:          0 kB
CommitLimit:     2798160 kB
Committed_AS:   14240668 kB
VmallocTotal:     122880 kB
VmallocUsed:       18688 kB
VmallocChunk:      64852 kB
AnonHugePages:   1447936 kB
HugePages_Total:       0
HugePages_Free:        0
HugePages_Rsvd:        0
HugePages_Surp:        0
Hugepagesize:       2048 kB
DirectMap4k:       16376 kB
DirectMap2M:      892928 kB


CPU:total 2 (2 cores per cpu, 1 threads per core) family 6 model 23 stepping 10, cmov, cx8, fxsr, mmx, sse, sse2, sse3, ssse3, sse4.1, tsc

/proc/cpuinfo:
processor	: 0
vendor_id	: GenuineIntel
cpu family	: 6
model		: 23
model name	: Intel(R) Core(TM)2 Duo CPU     E8400  @ 3.00GHz
stepping	: 10
microcode	: 0xa0b
cpu MHz		: 3000.000
cache size	: 6144 KB
physical id	: 0
siblings	: 2
core id		: 0
cpu cores	: 2
apicid		: 0
initial apicid	: 0
fdiv_bug	: no
f00f_bug	: no
coma_bug	: no
fpu		: yes
fpu_exception	: yes
cpuid level	: 13
wp		: yes
flags		: fpu vme de pse tsc msr pae mce cx8 apic sep mtrr pge mca cmov pat pse36 clflush dts acpi mmx fxsr sse sse2 ss ht tm pbe nx lm constant_tsc arch_perfmon pebs bts aperfmperf pni dtes64 monitor ds_cpl vmx smx est tm2 ssse3 cx16 xtpr pdcm sse4_1 xsave lahf_lm dtherm tpr_shadow vnmi flexpriority
bogomips	: 5985.02
clflush size	: 64
cache_alignment	: 64
address sizes	: 36 bits physical, 48 bits virtual
power management:

processor	: 1
vendor_id	: GenuineIntel
cpu family	: 6
model		: 23
model name	: Intel(R) Core(TM)2 Duo CPU     E8400  @ 3.00GHz
stepping	: 10
microcode	: 0xa0b
cpu MHz		: 3000.000
cache size	: 6144 KB
physical id	: 0
siblings	: 2
core id		: 1
cpu cores	: 2
apicid		: 1
initial apicid	: 1
fdiv_bug	: no
f00f_bug	: no
coma_bug	: no
fpu		: yes
fpu_exception	: yes
cpuid level	: 13
wp		: yes
flags		: fpu vme de pse tsc msr pae mce cx8 apic sep mtrr pge mca cmov pat pse36 clflush dts acpi mmx fxsr sse sse2 ss ht tm pbe nx lm constant_tsc arch_perfmon pebs bts aperfmperf pni dtes64 monitor ds_cpl vmx smx est tm2 ssse3 cx16 xtpr pdcm sse4_1 xsave lahf_lm dtherm tpr_shadow vnmi flexpriority
bogomips	: 5985.02
clflush size	: 64
cache_alignment	: 64
address sizes	: 36 bits physical, 48 bits virtual
power management:



Memory: 4k page, physical 4066476k(245356k free), swap 764924k(0k free)

vm_info: Java HotSpot(TM) Server VM (24.79-b02) for linux-x86 JRE (1.7.0_79-b15), built on Apr 10 2015 11:52:49 by "java_re" with gcc 4.3.0 20080428 (Red Hat 4.3.0-8)

time: Sat Dec  5 14:22:29 2015
elapsed time: 22 seconds

