#
# There is insufficient memory for the Java Runtime Environment to continue.
# Native memory allocation (malloc) failed to allocate 149422080 bytes for committing reserved memory.
# Possible reasons:
#   The system is out of physical RAM or swap space
#   In 32 bit mode, the process size limit was hit
# Possible solutions:
#   Reduce memory load on the system
#   Increase physical memory or swap space
#   Check if swap backing store is full
#   Use 64 bit Java on a 64 bit OS
#   Decrease Java heap size (-Xmx/-Xms)
#   Decrease number of Java threads
#   Decrease Java thread stack sizes (-Xss)
#   Set larger code cache with -XX:ReservedCodeCacheSize=
# This output file may be truncated or incomplete.
#
#  Out of Memory Error (os_linux.cpp:2756), pid=14702, tid=1817922368
#
# JRE version: Java(TM) SE Runtime Environment (7.0_79-b15) (build 1.7.0_79-b15)
# Java VM: Java HotSpot(TM) Server VM (24.79-b02 mixed mode linux-x86 )
# Failed to write core dump. Core dumps have been disabled. To enable core dumping, try "ulimit -c unlimited" before starting Java again
#

---------------  T H R E A D  ---------------

Current thread (0x6c410400):  VMThread [stack: 0x6c534000,0x6c5b5000] [id=14718]

Stack: [0x6c534000,0x6c5b5000],  sp=0x6c5b38a0,  free space=510k
Native frames: (J=compiled Java code, j=interpreted, Vv=VM code, C=native code)
V  [libjvm.so+0x7eab16]  VMError::report_and_die()+0x1a6
V  [libjvm.so+0x33e222]  report_vm_out_of_memory(char const*, int, unsigned int, char const*)+0x72
V  [libjvm.so+0x686a41]  os::Linux::commit_memory_impl(char*, unsigned int, bool)+0xe1
V  [libjvm.so+0x686f08]  os::pd_commit_memory(char*, unsigned int, unsigned int, bool)+0x28
V  [libjvm.so+0x68064c]  os::commit_memory(char*, unsigned int, unsigned int, bool)+0x2c
V  [libjvm.so+0x6eae98]  PSVirtualSpace::expand_by(unsigned int)+0x48
V  [libjvm.so+0x6ebf9a]  PSYoungGen::resize_generation(unsigned int, unsigned int)+0xda
V  [libjvm.so+0x6eb2d9]  PSYoungGen::resize(unsigned int, unsigned int)+0x19
V  [libjvm.so+0x6e8c09]  PSScavenge::invoke_no_policy()+0xcf9
V  [libjvm.so+0x6e9468]  PSScavenge::invoke()+0x28
V  [libjvm.so+0x6a6fea]  ParallelScavengeHeap::failed_mem_allocate(unsigned int)+0x5a
V  [libjvm.so+0x7ec3aa]  VM_ParallelGCFailedAllocation::doit()+0x7a
V  [libjvm.so+0x7f51c7]  VM_Operation::evaluate()+0x47
V  [libjvm.so+0x7f3263]  VMThread::evaluate_operation(VM_Operation*)+0xb3
V  [libjvm.so+0x7f3600]  VMThread::loop()+0x1b0
V  [libjvm.so+0x7f3a65]  VMThread::run()+0x85
V  [libjvm.so+0x688d19]  java_start(Thread*)+0x119
C  [libpthread.so.0+0x6f70]  start_thread+0xd0

VM_Operation (0x6bdef884): ParallelGCFailedAllocation, mode: safepoint, requested by thread 0x6c4ac000


---------------  P R O C E S S  ---------------

Java Threads: ( => current thread )
  0x6c4b3400 JavaThread "pool-1-thread-4" [_thread_blocked, id=14742, stack(0x6bc5c000,0x6bcad000)]
  0x6c4b1c00 JavaThread "pool-1-thread-3" [_thread_blocked, id=14741, stack(0x6bcad000,0x6bcfe000)]
  0x6c4b0c00 JavaThread "pool-1-thread-2" [_thread_blocked, id=14740, stack(0x6bcfe000,0x6bd4f000)]
  0x6c4ae400 JavaThread "pool-2-thread-1" [_thread_blocked, id=14735, stack(0x6bd4f000,0x6bda0000)]
  0x6c4ac000 JavaThread "pool-1-thread-1" [_thread_blocked, id=14733, stack(0x6bda0000,0x6bdf1000)]
  0x6c42b400 JavaThread "Service Thread" daemon [_thread_blocked, id=14730, stack(0x6be88000,0x6bed9000)]
  0x6c429800 JavaThread "C2 CompilerThread1" daemon [_thread_blocked, id=14727, stack(0x6bed9000,0x6bf5a000)]
  0x6c427400 JavaThread "C2 CompilerThread0" daemon [_thread_blocked, id=14725, stack(0x6bf5a000,0x6bfdb000)]
  0x6c425c00 JavaThread "Signal Dispatcher" daemon [_thread_blocked, id=14723, stack(0x6bfdb000,0x6c02c000)]
  0x6c414800 JavaThread "Finalizer" daemon [_thread_blocked, id=14721, stack(0x6c35e000,0x6c3af000)]
  0x6c413000 JavaThread "Reference Handler" daemon [_thread_blocked, id=14719, stack(0x6c3af000,0x6c400000)]
  0xb6607800 JavaThread "main" [_thread_blocked, id=14710, stack(0xb6780000,0xb67d1000)]

Other Threads:
=>0x6c410400 VMThread [stack: 0x6c534000,0x6c5b5000] [id=14718]
  0x6c42d000 WatcherThread [stack: 0x6be07000,0x6be88000] [id=14732]

VM state:at safepoint (normal execution)

VM Mutex/Monitor currently owned by a thread:  ([mutex/lock_event])
[0xb6605120] Threads_lock - owner thread: 0x6c410400
[0xb6605530] Heap_lock - owner thread: 0x6c4ac000

Heap
 PSYoungGen      total 143872K, used 17142K [0x9df80000, 0xa7f00000, 0xb3500000)
  eden space 126720K, 0% used [0x9df80000,0x9df80000,0xa5b40000)
  from space 17152K, 99% used [0xa5b40000,0xa6bfd8e8,0xa6c00000)
  to   space 14848K, 0% used [0xa6c00000,0xa6c00000,0xa7a80000)
 ParOldGen       total 42240K, used 37574K [0x73500000, 0x75e40000, 0x9df80000)
  object space 42240K, 88% used [0x73500000,0x759b1898,0x75e40000)
 PSPermGen       total 16384K, used 4022K [0x6f500000, 0x70500000, 0x73500000)
  object space 16384K, 24% used [0x6f500000,0x6f8edb78,0x70500000)

Card table byte_map: [0x6f2df000,0x6f500000] byte_map_base: 0x6ef64800

Polling page: 0xb7715000

Code Cache  [0xb35e8000, 0xb3828000, 0xb65e8000)
 total_blobs=503 nmethods=381 adapters=76 free_code_cache=47737Kb largest_free_block=48850304

Compilation events (10 events):
Event: 16,216 Thread 0x6c427400 nmethod 380 0xb373e608 code [0xb373e700, 0xb373e77c]
Event: 16,216 Thread 0x6c427400  381             com.android.dx.ssa.SsaRenamer$BlockRenamer::access$200 (5 bytes)
Event: 16,216 Thread 0x6c427400 nmethod 381 0xb373e448 code [0xb373e540, 0xb373e590]
Event: 16,216 Thread 0x6c427400  382             com.android.dx.ssa.Optimizer::getAdvice (4 bytes)
Event: 16,216 Thread 0x6c427400 nmethod 382 0xb3661ec8 code [0xb3661fa0, 0xb3661fd0]
Event: 16,216 Thread 0x6c427400  383             com.android.dx.rop.code.LocalItem::compareTo (32 bytes)
Event: 16,218 Thread 0x6c427400 nmethod 383 0xb3740a08 code [0xb3740b00, 0xb3740cd0]
Event: 16,218 Thread 0x6c427400  384             com.android.dx.cf.code.BaseMachine::getAuxCst (5 bytes)
Event: 16,218 Thread 0x6c427400 nmethod 384 0xb373e2c8 code [0xb373e3a0, 0xb373e3f0]
Event: 16,218 Thread 0x6c427400  385             com.android.dx.ssa.NormalSsaInsn::toRopInsn (19 bytes)

GC Heap History (10 events):
Event: 3,762 GC heap after
Heap after GC invocations=2 (full 0):
 PSYoungGen      total 34816K, used 2545K [0x9df80000, 0xa0400000, 0xb3500000)
  eden space 32256K, 0% used [0x9df80000,0x9df80000,0x9ff00000)
  from space 2560K, 99% used [0xa0180000,0xa03fc6f0,0xa0400000)
  to   space 2560K, 0% used [0x9ff00000,0x9ff00000,0xa0180000)
 ParOldGen       total 42240K, used 2085K [0x73500000, 0x75e40000, 0x9df80000)
  object space 42240K, 4% used [0x73500000,0x73709408,0x75e40000)
 PSPermGen       total 16384K, used 3803K [0x6f500000, 0x70500000, 0x73500000)
  object space 16384K, 23% used [0x6f500000,0x6f8b6e38,0x70500000)
}
Event: 5,369 GC heap before
{Heap before GC invocations=3 (full 0):
 PSYoungGen      total 34816K, used 34801K [0x9df80000, 0xa0400000, 0xb3500000)
  eden space 32256K, 100% used [0x9df80000,0x9ff00000,0x9ff00000)
  from space 2560K, 99% used [0xa0180000,0xa03fc6f0,0xa0400000)
  to   space 2560K, 0% used [0x9ff00000,0x9ff00000,0xa0180000)
 ParOldGen       total 42240K, used 2085K [0x73500000, 0x75e40000, 0x9df80000)
  object space 42240K, 4% used [0x73500000,0x73709408,0x75e40000)
 PSPermGen       total 16384K, used 3908K [0x6f500000, 0x70500000, 0x73500000)
  object space 16384K, 23% used [0x6f500000,0x6f8d10d0,0x70500000)
Event: 5,871 GC heap after
Heap after GC invocations=3 (full 0):
 PSYoungGen      total 34816K, used 2559K [0x9df80000, 0xa2380000, 0xb3500000)
  eden space 32256K, 0% used [0x9df80000,0x9df80000,0x9ff00000)
  from space 2560K, 99% used [0x9ff00000,0xa017fd20,0xa0180000)
  to   space 2560K, 0% used [0xa2100000,0xa2100000,0xa2380000)
 ParOldGen       total 42240K, used 7707K [0x73500000, 0x75e40000, 0x9df80000)
  object space 42240K, 18% used [0x73500000,0x73c86e18,0x75e40000)
 PSPermGen       total 16384K, used 3908K [0x6f500000, 0x70500000, 0x73500000)
  object space 16384K, 23% used [0x6f500000,0x6f8d10d0,0x70500000)
}
Event: 7,211 GC heap before
{Heap before GC invocations=4 (full 0):
 PSYoungGen      total 34816K, used 34815K [0x9df80000, 0xa2380000, 0xb3500000)
  eden space 32256K, 100% used [0x9df80000,0x9ff00000,0x9ff00000)
  from space 2560K, 99% used [0x9ff00000,0xa017fd20,0xa0180000)
  to   space 2560K, 0% used [0xa2100000,0xa2100000,0xa2380000)
 ParOldGen       total 42240K, used 7707K [0x73500000, 0x75e40000, 0x9df80000)
  object space 42240K, 18% used [0x73500000,0x73c86e18,0x75e40000)
 PSPermGen       total 16384K, used 3930K [0x6f500000, 0x70500000, 0x73500000)
  object space 16384K, 23% used [0x6f500000,0x6f8d6bb8,0x70500000)
Event: 7,998 GC heap after
Heap after GC invocations=4 (full 0):
 PSYoungGen      total 67072K, used 2559K [0x9df80000, 0xa2380000, 0xb3500000)
  eden space 64512K, 0% used [0x9df80000,0x9df80000,0xa1e80000)
  from space 2560K, 99% used [0xa2100000,0xa237ff98,0xa2380000)
  to   space 2560K, 0% used [0xa1e80000,0xa1e80000,0xa2100000)
 ParOldGen       total 42240K, used 12773K [0x73500000, 0x75e40000, 0x9df80000)
  object space 42240K, 30% used [0x73500000,0x74179578,0x75e40000)
 PSPermGen       total 16384K, used 3930K [0x6f500000, 0x70500000, 0x73500000)
  object space 16384K, 23% used [0x6f500000,0x6f8d6bb8,0x70500000)
}
Event: 10,107 GC heap before
{Heap before GC invocations=5 (full 0):
 PSYoungGen      total 67072K, used 67071K [0x9df80000, 0xa2380000, 0xb3500000)
  eden space 64512K, 100% used [0x9df80000,0xa1e80000,0xa1e80000)
  from space 2560K, 99% used [0xa2100000,0xa237ff98,0xa2380000)
  to   space 2560K, 0% used [0xa1e80000,0xa1e80000,0xa2100000)
 ParOldGen       total 42240K, used 12773K [0x73500000, 0x75e40000, 0x9df80000)
  object space 42240K, 30% used [0x73500000,0x74179578,0x75e40000)
 PSPermGen       total 16384K, used 3951K [0x6f500000, 0x70500000, 0x73500000)
  object space 16384K, 24% used [0x6f500000,0x6f8dbfe0,0x70500000)
Event: 10,164 GC heap after
Heap after GC invocations=5 (full 0):
 PSYoungGen      total 67072K, used 2544K [0x9df80000, 0xa7a80000, 0xb3500000)
  eden space 64512K, 0% used [0x9df80000,0x9df80000,0xa1e80000)
  from space 2560K, 99% used [0xa1e80000,0xa20fc370,0xa2100000)
  to   space 14848K, 0% used [0xa6c00000,0xa6c00000,0xa7a80000)
 ParOldGen       total 42240K, used 22725K [0x73500000, 0x75e40000, 0x9df80000)
  object space 42240K, 53% used [0x73500000,0x74b315b8,0x75e40000)
 PSPermGen       total 16384K, used 3951K [0x6f500000, 0x70500000, 0x73500000)
  object space 16384K, 24% used [0x6f500000,0x6f8dbfe0,0x70500000)
}
Event: 12,215 GC heap before
{Heap before GC invocations=6 (full 0):
 PSYoungGen      total 67072K, used 67056K [0x9df80000, 0xa7a80000, 0xb3500000)
  eden space 64512K, 100% used [0x9df80000,0xa1e80000,0xa1e80000)
  from space 2560K, 99% used [0xa1e80000,0xa20fc370,0xa2100000)
  to   space 14848K, 0% used [0xa6c00000,0xa6c00000,0xa7a80000)
 ParOldGen       total 42240K, used 22725K [0x73500000, 0x75e40000, 0x9df80000)
  object space 42240K, 53% used [0x73500000,0x74b315b8,0x75e40000)
 PSPermGen       total 16384K, used 3975K [0x6f500000, 0x70500000, 0x73500000)
  object space 16384K, 24% used [0x6f500000,0x6f8e1cb0,0x70500000)
Event: 12,459 GC heap after
Heap after GC invocations=6 (full 0):
 PSYoungGen      total 141568K, used 13244K [0x9df80000, 0xa7f00000, 0xb3500000)
  eden space 126720K, 0% used [0x9df80000,0x9df80000,0xa5b40000)
  from space 14848K, 89% used [0xa6c00000,0xa78ef370,0xa7a80000)
  to   space 17152K, 0% used [0xa5b40000,0xa5b40000,0xa6c00000)
 ParOldGen       total 42240K, used 22725K [0x73500000, 0x75e40000, 0x9df80000)
  object space 42240K, 53% used [0x73500000,0x74b315b8,0x75e40000)
 PSPermGen       total 16384K, used 3975K [0x6f500000, 0x70500000, 0x73500000)
  object space 16384K, 24% used [0x6f500000,0x6f8e1cb0,0x70500000)
}
Event: 16,238 GC heap before
{Heap before GC invocations=7 (full 0):
 PSYoungGen      total 141568K, used 139964K [0x9df80000, 0xa7f00000, 0xb3500000)
  eden space 126720K, 100% used [0x9df80000,0xa5b40000,0xa5b40000)
  from space 14848K, 89% used [0xa6c00000,0xa78ef370,0xa7a80000)
  to   space 17152K, 0% used [0xa5b40000,0xa5b40000,0xa6c00000)
 ParOldGen       total 42240K, used 22725K [0x73500000, 0x75e40000, 0x9df80000)
  object space 42240K, 53% used [0x73500000,0x74b315b8,0x75e40000)
 PSPermGen       total 16384K, used 4022K [0x6f500000, 0x70500000, 0x73500000)
  object space 16384K, 24% used [0x6f500000,0x6f8edb78,0x70500000)

Deoptimization events (6 events):
Event: 4,144 Thread 0xb6607800 Uncommon trap: reason=null_check action=make_not_entrant pc=0xb366dd28 method=com.android.dx.rop.type.Type.putIntern(Lcom/android/dx/rop/type/Type;)Lcom/android/dx/rop/type/Type; @ 18
Event: 4,401 Thread 0xb6607800 Uncommon trap: reason=unreached action=reinterpret pc=0xb3645954 method=com.android.dx.rop.cst.Constant.compareTo(Lcom/android/dx/rop/cst/Constant;)I @ 12
Event: 6,429 Thread 0x6c4b1c00 Uncommon trap: reason=unreached action=reinterpret pc=0xb3682664 method=com.android.dx.ssa.LocalVariableExtractor.processBlock(I)V @ 251
Event: 6,662 Thread 0x6c4b1c00 Uncommon trap: reason=null_check action=make_not_entrant pc=0xb3692130 method=com.android.dx.ssa.SsaRenamer.getLocalForNewReg(I)Lcom/android/dx/rop/code/LocalItem; @ 19
Event: 13,007 Thread 0x6c4ac000 Uncommon trap: reason=null_check action=make_not_entrant pc=0xb3711fb4 method=com.android.dx.cf.code.Ropper$CatchInfo.getSetup(Lcom/android/dx/rop/type/Type;)Lcom/android/dx/cf/code/Ropper$ExceptionHandlerSetup; @ 10
Event: 13,275 Thread 0x6c4ac000 Uncommon trap: reason=unreached action=reinterpret pc=0xb364c568 method=java.util.HashMap.getEntry(Ljava/lang/Object;)Ljava/util/HashMap$Entry; @ 71

Internal exceptions (10 events):
Event: 3,199 Thread 0x6c4b3400 Threw 0x9e690c18 at /HUDSON/workspace/7u-2-build-linux-i586/jdk7u79/2331/hotspot/src/share/vm/prims/jvm.cpp:1304
Event: 3,231 Thread 0xb6607800 Threw 0x9e8808d8 at /HUDSON/workspace/7u-2-build-linux-i586/jdk7u79/2331/hotspot/src/share/vm/prims/jvm.cpp:1304
Event: 3,781 Thread 0x6c4b3400 Threw 0x9dff2520 at /HUDSON/workspace/7u-2-build-linux-i586/jdk7u79/2331/hotspot/src/share/vm/prims/jvm.cpp:1304
Event: 4,144 Thread 0xb6607800 Implicit null exception at 0xb366d726 to 0xb366dd19
Event: 5,227 Thread 0xb6607800 Threw 0x9fba4d28 at /HUDSON/workspace/7u-2-build-linux-i586/jdk7u79/2331/hotspot/src/share/vm/prims/jvm.cpp:1304
Event: 5,324 Thread 0xb6607800 Threw 0x9fdbb120 at /HUDSON/workspace/7u-2-build-linux-i586/jdk7u79/2331/hotspot/src/share/vm/prims/jvm.cpp:1304
Event: 6,662 Thread 0x6c4b1c00 Implicit null exception at 0xb3690aaf to 0xb3692121
Event: 6,756 Thread 0x6c4b3400 Threw 0x9f2f3e88 at /HUDSON/workspace/7u-2-build-linux-i586/jdk7u79/2331/hotspot/src/share/vm/prims/jvm.cpp:1304
Event: 10,662 Thread 0xb6607800 Threw 0x9f1b5558 at /HUDSON/workspace/7u-2-build-linux-i586/jdk7u79/2331/hotspot/src/share/vm/prims/jvm.cpp:1304
Event: 13,007 Thread 0x6c4ac000 Implicit null exception at 0xb370ef6c to 0xb3711f91

Events (10 events):
Event: 12,967 Thread 0x6c429800 flushing nmethod 0xb366d108
Event: 13,007 Thread 0x6c4ac000 Uncommon trap: trap_request=0xfffffff4 fr.pc=0xb3711fb4
Event: 13,007 Thread 0x6c4ac000 DEOPT PACKING pc=0xb3711fb4 sp=0x6bdefa10
Event: 13,007 Thread 0x6c4ac000 DEOPT UNPACKING pc=0xb3614bc8 sp=0x6bdef9dc mode 2
Event: 13,275 Thread 0x6c4ac000 Uncommon trap: trap_request=0xffffffad fr.pc=0xb364c568
Event: 13,275 Thread 0x6c4ac000 DEOPT PACKING pc=0xb364c568 sp=0x6bdef9b0
Event: 13,275 Thread 0x6c4ac000 DEOPT UNPACKING pc=0xb3614bc8 sp=0x6bdef908 mode 2
Event: 13,794 Thread 0x6c427400 flushing nmethod 0xb3680e48
Event: 13,794 Thread 0x6c427400 flushing nmethod 0xb368fb88
Event: 16,230 Executing VM operation: ParallelGCFailedAllocation


Dynamic libraries:
08048000-08049000 r-xp 00000000 08:05 3021055    /home/birhanu/Software/jdk1.7.0_79/bin/java
08049000-0804a000 rw-p 00000000 08:05 3021055    /home/birhanu/Software/jdk1.7.0_79/bin/java
09005000-09b5a000 rw-p 00000000 00:00 0          [heap]
6ae00000-6aeac000 rw-p 00000000 00:00 0 
6aeac000-6af00000 ---p 00000000 00:00 0 
6b000000-6b0fd000 rw-p 00000000 00:00 0 
6b0fd000-6b100000 ---p 00000000 00:00 0 
6b100000-6b1ef000 rw-p 00000000 00:00 0 
6b1ef000-6b200000 ---p 00000000 00:00 0 
6b300000-6b3fc000 rw-p 00000000 00:00 0 
6b3fc000-6b400000 ---p 00000000 00:00 0 
6b500000-6b5fc000 rw-p 00000000 00:00 0 
6b5fc000-6b600000 ---p 00000000 00:00 0 
6b600000-6b6f9000 rw-p 00000000 00:00 0 
6b6f9000-6b700000 ---p 00000000 00:00 0 
6b700000-6b7ff000 rw-p 00000000 00:00 0 
6b7ff000-6b800000 ---p 00000000 00:00 0 
6b822000-6b900000 rw-p 00000000 00:00 0 
6b900000-6b9fc000 rw-p 00000000 00:00 0 
6b9fc000-6ba00000 ---p 00000000 00:00 0 
6ba00000-6baf9000 rw-p 00000000 00:00 0 
6baf9000-6bb00000 ---p 00000000 00:00 0 
6bb00000-6bc00000 rw-p 00000000 00:00 0 
6bc5c000-6bc5f000 ---p 00000000 00:00 0 
6bc5f000-6bcad000 rw-p 00000000 00:00 0          [stack:14742]
6bcad000-6bcb0000 ---p 00000000 00:00 0 
6bcb0000-6bcfe000 rw-p 00000000 00:00 0          [stack:14741]
6bcfe000-6bd01000 ---p 00000000 00:00 0 
6bd01000-6bd4f000 rw-p 00000000 00:00 0          [stack:14740]
6bd4f000-6bd52000 ---p 00000000 00:00 0 
6bd52000-6bda0000 rw-p 00000000 00:00 0          [stack:14735]
6bda0000-6bda3000 ---p 00000000 00:00 0 
6bda3000-6bdf1000 rw-p 00000000 00:00 0          [stack:14733]
6bdf1000-6be06000 r-xp 00000000 08:05 3021551    /home/birhanu/Software/jdk1.7.0_79/jre/lib/i386/libnet.so
6be06000-6be07000 rw-p 00014000 08:05 3021551    /home/birhanu/Software/jdk1.7.0_79/jre/lib/i386/libnet.so
6be07000-6be08000 ---p 00000000 00:00 0 
6be08000-6be88000 rw-p 00000000 00:00 0          [stack:14732]
6be88000-6be8b000 ---p 00000000 00:00 0 
6be8b000-6bed9000 rw-p 00000000 00:00 0          [stack:14730]
6bed9000-6bedc000 ---p 00000000 00:00 0 
6bedc000-6bf5a000 rw-p 00000000 00:00 0          [stack:14727]
6bf5a000-6bf5d000 ---p 00000000 00:00 0 
6bf5d000-6bfdb000 rw-p 00000000 00:00 0          [stack:14725]
6bfdb000-6bfde000 ---p 00000000 00:00 0 
6bfde000-6c02c000 rw-p 00000000 00:00 0          [stack:14723]
6c02c000-6c15e000 r--p 002c8000 08:05 3809940    /usr/lib/locale/locale-archive
6c15e000-6c35e000 r--p 00000000 08:05 3809940    /usr/lib/locale/locale-archive
6c35e000-6c361000 ---p 00000000 00:00 0 
6c361000-6c3af000 rw-p 00000000 00:00 0          [stack:14721]
6c3af000-6c3b2000 ---p 00000000 00:00 0 
6c3b2000-6c400000 rw-p 00000000 00:00 0          [stack:14719]
6c400000-6c4fd000 rw-p 00000000 00:00 0 
6c4fd000-6c500000 ---p 00000000 00:00 0 
6c510000-6c51e000 r-xp 00000000 08:05 3021560    /home/birhanu/Software/jdk1.7.0_79/jre/lib/i386/libnio.so
6c51e000-6c51f000 rw-p 0000e000 08:05 3021560    /home/birhanu/Software/jdk1.7.0_79/jre/lib/i386/libnio.so
6c51f000-6c534000 r--s 000e5000 08:05 1715452    /home/birhanu/AndroidStudioProjects/MyApplication/app/build/intermediates/exploded-aar/com.android.support/support-v4/23.1.1/jars/classes.jar
6c534000-6c535000 ---p 00000000 00:00 0 
6c535000-6c600000 rw-p 00000000 00:00 0          [stack:14718]
6c600000-6c7c0000 r--s 039f7000 08:05 3021068    /home/birhanu/Software/jdk1.7.0_79/jre/lib/rt.jar
6c7c0000-6ee00000 rw-p 00000000 00:00 0 
6ee00000-6eefe000 rw-p 00000000 00:00 0 
6eefe000-6ef00000 ---p 00000000 00:00 0 
6ef0a000-6ef7f000 rw-p 00000000 00:00 0 
6ef7f000-6ef80000 ---p 00000000 00:00 0 
6ef80000-6f000000 rw-p 00000000 00:00 0          [stack:14713]
6f000000-6f021000 rw-p 00000000 00:00 0 
6f021000-6f100000 ---p 00000000 00:00 0 
6f108000-6f109000 ---p 00000000 00:00 0 
6f109000-6f19e000 rw-p 00000000 00:00 0          [stack:14712]
6f19e000-6f2df000 rw-p 00000000 00:00 0 
6f2df000-6f2e7000 rw-p 00000000 00:00 0 
6f2e7000-6f2ff000 rw-p 00000000 00:00 0 
6f2ff000-6f314000 rw-p 00000000 00:00 0 
6f314000-6f454000 rw-p 00000000 00:00 0 
6f454000-6f4a4000 rw-p 00000000 00:00 0 
6f4a4000-6f4ff000 rw-p 00000000 00:00 0 
6f4ff000-70500000 rw-p 00000000 00:00 0 
70500000-73500000 rw-p 00000000 00:00 0 
73500000-75e40000 rw-p 00000000 00:00 0 
75e40000-9df80000 rw-p 00000000 00:00 0 
9df80000-a7f00000 rw-p 00000000 00:00 0 
b0c0d000-b0d80000 rw-p 00000000 00:00 0 
b0d80000-b3500000 rw-p 00000000 00:00 0 
b3508000-b3510000 rw-p 00000000 00:00 0 
b3510000-b3528000 rw-p 00000000 00:00 0 
b3528000-b3531000 rw-p 00000000 00:00 0 
b3531000-b35e8000 rw-p 00000000 00:00 0 
b35e8000-b3828000 rwxp 00000000 00:00 0 
b3828000-b65e8000 rw-p 00000000 00:00 0 
b65e8000-b65ff000 r-xp 00000000 08:05 3021573    /home/birhanu/Software/jdk1.7.0_79/jre/lib/i386/libzip.so
b65ff000-b6600000 rw-p 00017000 08:05 3021573    /home/birhanu/Software/jdk1.7.0_79/jre/lib/i386/libzip.so
b6600000-b66f3000 rw-p 00000000 00:00 0 
b66f3000-b6700000 ---p 00000000 00:00 0 
b6708000-b6709000 rw-p 00000000 00:00 0 
b6709000-b6714000 r-xp 00000000 08:05 4195497    /lib/i386-linux-gnu/libnss_files-2.19.so
b6714000-b6715000 r--p 0000a000 08:05 4195497    /lib/i386-linux-gnu/libnss_files-2.19.so
b6715000-b6716000 rw-p 0000b000 08:05 4195497    /lib/i386-linux-gnu/libnss_files-2.19.so
b6716000-b6720000 r-xp 00000000 08:05 4195507    /lib/i386-linux-gnu/libnss_nis-2.19.so
b6720000-b6721000 r--p 00009000 08:05 4195507    /lib/i386-linux-gnu/libnss_nis-2.19.so
b6721000-b6722000 rw-p 0000a000 08:05 4195507    /lib/i386-linux-gnu/libnss_nis-2.19.so
b6722000-b6737000 r-xp 00000000 08:05 4195491    /lib/i386-linux-gnu/libnsl-2.19.so
b6737000-b6738000 r--p 00015000 08:05 4195491    /lib/i386-linux-gnu/libnsl-2.19.so
b6738000-b6739000 rw-p 00016000 08:05 4195491    /lib/i386-linux-gnu/libnsl-2.19.so
b6739000-b673c000 rw-p 00000000 00:00 0 
b673c000-b674b000 r--s 000df000 08:05 1850569    /home/birhanu/Android/Sdk/build-tools/23.0.2/lib/dx.jar
b674b000-b6753000 rw-s 00000000 08:05 4466485    /tmp/hsperfdata_birhanu/14702
b6753000-b6776000 r-xp 00000000 08:05 3021536    /home/birhanu/Software/jdk1.7.0_79/jre/lib/i386/libjava.so
b6776000-b6777000 rw-p 00023000 08:05 3021536    /home/birhanu/Software/jdk1.7.0_79/jre/lib/i386/libjava.so
b6777000-b677e000 r-xp 00000000 08:05 4195550    /lib/i386-linux-gnu/librt-2.19.so
b677e000-b677f000 r--p 00006000 08:05 4195550    /lib/i386-linux-gnu/librt-2.19.so
b677f000-b6780000 rw-p 00007000 08:05 4195550    /lib/i386-linux-gnu/librt-2.19.so
b6780000-b6783000 ---p 00000000 00:00 0 
b6783000-b67d1000 rw-p 00000000 00:00 0          [stack:14710]
b67d1000-b6815000 r-xp 00000000 08:05 4195472    /lib/i386-linux-gnu/libm-2.19.so
b6815000-b6816000 r--p 00043000 08:05 4195472    /lib/i386-linux-gnu/libm-2.19.so
b6816000-b6817000 rw-p 00044000 08:05 4195472    /lib/i386-linux-gnu/libm-2.19.so
b6817000-b709e000 r-xp 00000000 08:05 3021572    /home/birhanu/Software/jdk1.7.0_79/jre/lib/i386/server/libjvm.so
b709e000-b7103000 rw-p 00886000 08:05 3021572    /home/birhanu/Software/jdk1.7.0_79/jre/lib/i386/server/libjvm.so
b7103000-b7526000 rw-p 00000000 00:00 0 
b7526000-b76ce000 r-xp 00000000 08:05 4195421    /lib/i386-linux-gnu/libc-2.19.so
b76ce000-b76d0000 r--p 001a8000 08:05 4195421    /lib/i386-linux-gnu/libc-2.19.so
b76d0000-b76d1000 rw-p 001aa000 08:05 4195421    /lib/i386-linux-gnu/libc-2.19.so
b76d1000-b76d4000 rw-p 00000000 00:00 0 
b76d4000-b76d7000 r-xp 00000000 08:05 4195438    /lib/i386-linux-gnu/libdl-2.19.so
b76d7000-b76d8000 r--p 00002000 08:05 4195438    /lib/i386-linux-gnu/libdl-2.19.so
b76d8000-b76d9000 rw-p 00003000 08:05 4195438    /lib/i386-linux-gnu/libdl-2.19.so
b76d9000-b76da000 rw-p 00000000 00:00 0 
b76da000-b76ed000 r-xp 00000000 08:05 3019748    /home/birhanu/Software/jdk1.7.0_79/lib/i386/jli/libjli.so
b76ed000-b76ee000 rw-p 00012000 08:05 3019748    /home/birhanu/Software/jdk1.7.0_79/lib/i386/jli/libjli.so
b76ee000-b7706000 r-xp 00000000 08:05 4195542    /lib/i386-linux-gnu/libpthread-2.19.so
b7706000-b7707000 r--p 00018000 08:05 4195542    /lib/i386-linux-gnu/libpthread-2.19.so
b7707000-b7708000 rw-p 00019000 08:05 4195542    /lib/i386-linux-gnu/libpthread-2.19.so
b7708000-b770a000 rw-p 00000000 00:00 0 
b770a000-b770b000 r--p 002c5000 08:05 3809940    /usr/lib/locale/locale-archive
b770b000-b7712000 r-xp 00000000 08:05 4195493    /lib/i386-linux-gnu/libnss_compat-2.19.so
b7712000-b7713000 r--p 00006000 08:05 4195493    /lib/i386-linux-gnu/libnss_compat-2.19.so
b7713000-b7714000 rw-p 00007000 08:05 4195493    /lib/i386-linux-gnu/libnss_compat-2.19.so
b7714000-b7715000 rw-p 00000000 00:00 0 
b7715000-b7716000 ---p 00000000 00:00 0 
b7716000-b7721000 r-xp 00000000 08:05 3021518    /home/birhanu/Software/jdk1.7.0_79/jre/lib/i386/libverify.so
b7721000-b7722000 rw-p 0000b000 08:05 3021518    /home/birhanu/Software/jdk1.7.0_79/jre/lib/i386/libverify.so
b7722000-b7724000 rw-p 00000000 00:00 0 
b7724000-b7725000 r-xp 00000000 00:00 0          [vdso]
b7725000-b7727000 r--p 00000000 00:00 0          [vvar]
b7727000-b7747000 r-xp 00000000 08:05 4195395    /lib/i386-linux-gnu/ld-2.19.so
b7747000-b7748000 r--p 0001f000 08:05 4195395    /lib/i386-linux-gnu/ld-2.19.so
b7748000-b7749000 rw-p 00020000 08:05 4195395    /lib/i386-linux-gnu/ld-2.19.so
bfc83000-bfc84000 rwxp 00000000 00:00 0 
bfcb6000-bfcd7000 rw-p 00000000 00:00 0          [stack]

VM Arguments:
jvm_args: -Djava.awt.headless=true -Xmx1024M -Dfile.encoding=UTF-8 -Duser.country=US -Duser.language=en -Duser.variant 
java_command: com.android.dx.command.Main --dex --num-threads=4 --output /home/birhanu/AndroidStudioProjects/MyApplication/app/build/intermediates/pre-dexed/debug/com.android.support-support-v4-23.1.1_2be5a2db74f35354389b954700fb715638195039.jar /home/birhanu/AndroidStudioProjects/MyApplication/app/build/intermediates/exploded-aar/com.android.support/support-v4/23.1.1/jars/classes.jar
Launcher Type: SUN_STANDARD

Environment Variables:
PATH=/home/birhanu/Software/android-studio/bin/:/home/birhanu/Software/jdk1.7.0_79/bin:/usr/local/heroku/bin:/home/birhanu/.rvm/gems/ruby-2.2.0/bin:/home/birhanu/.rvm/gems/ruby-2.2.0@global/bin:/home/birhanu/.rvm/rubies/ruby-2.2.0/bin:/usr/local/sbin:/usr/local/bin:/usr/sbin:/usr/bin:/sbin:/bin:/usr/games:/usr/local/games:/home/birhanu/.rvm/bin:/home/birhanu/.rvm/bin:/home/birhanu/.rvm/bin:/home/birhanu/.rvm/bin:/home/birhanu/.rvm/bin:/home/birhanu/.rvm/bin:/home/birhanu/.rvm/bin:/home/birhanu/.rvm/bin
USERNAME=birhanu
LD_LIBRARY_PATH=.:
SHELL=/usr/bin/zsh
DISPLAY=:0.0

Signal Handlers:
SIGSEGV: [libjvm.so+0x7eb620], sa_mask[0]=0x7ffbfeff, sa_flags=0x10000004
SIGBUS: [libjvm.so+0x7eb620], sa_mask[0]=0x7ffbfeff, sa_flags=0x10000004
SIGFPE: [libjvm.so+0x6835c0], sa_mask[0]=0x7ffbfeff, sa_flags=0x10000004
SIGPIPE: [libjvm.so+0x6835c0], sa_mask[0]=0x7ffbfeff, sa_flags=0x10000004
SIGXFSZ: [libjvm.so+0x6835c0], sa_mask[0]=0x7ffbfeff, sa_flags=0x10000004
SIGILL: [libjvm.so+0x6835c0], sa_mask[0]=0x7ffbfeff, sa_flags=0x10000004
SIGUSR1: SIG_DFL, sa_mask[0]=0x00000000, sa_flags=0x00000000
SIGUSR2: [libjvm.so+0x684dc0], sa_mask[0]=0x00000004, sa_flags=0x10000004
SIGHUP: [libjvm.so+0x6860f0], sa_mask[0]=0x7ffbfeff, sa_flags=0x10000004
SIGINT: [libjvm.so+0x6860f0], sa_mask[0]=0x7ffbfeff, sa_flags=0x10000004
SIGTERM: [libjvm.so+0x6860f0], sa_mask[0]=0x7ffbfeff, sa_flags=0x10000004
SIGQUIT: [libjvm.so+0x6860f0], sa_mask[0]=0x7ffbfeff, sa_flags=0x10000004


---------------  S Y S T E M  ---------------

OS:jessie/sid

uname:Linux 3.16.0-38-generic #52~14.04.1-Ubuntu SMP Fri May 8 09:44:48 UTC 2015 i686
libc:glibc 2.19 NPTL 2.19 
rlimit: STACK 8192k, CORE 0k, NPROC 31546, NOFILE 4096, AS infinity
load average:3,95 1,59 1,09

/proc/meminfo:
MemTotal:        4066476 kB
MemFree:          250568 kB
MemAvailable:     182948 kB
Buffers:             612 kB
Cached:           188412 kB
SwapCached:        37080 kB
Active:          2658968 kB
Inactive:         898416 kB
Active(anon):    2644028 kB
Inactive(anon):   883720 kB
Active(file):      14940 kB
Inactive(file):    14696 kB
Unevictable:         184 kB
Mlocked:             184 kB
HighTotal:       3202756 kB
HighFree:          80496 kB
LowTotal:         863720 kB
LowFree:          170072 kB
SwapTotal:        764924 kB
SwapFree:              4 kB
Dirty:               132 kB
Writeback:             8 kB
AnonPages:       3331820 kB
Mapped:           185820 kB
Shmem:            159272 kB
Slab:              45020 kB
SReclaimable:      23132 kB
SUnreclaim:        21888 kB
KernelStack:        6144 kB
PageTables:        33144 kB
NFS_Unstable:          0 kB
Bounce:               28 kB
WritebackTmp:          0 kB
CommitLimit:     2798160 kB
Committed_AS:   13983416 kB
VmallocTotal:     122880 kB
VmallocUsed:       18656 kB
VmallocChunk:      66264 kB
AnonHugePages:   1378304 kB
HugePages_Total:       0
HugePages_Free:        0
HugePages_Rsvd:        0
HugePages_Surp:        0
Hugepagesize:       2048 kB
DirectMap4k:       16376 kB
DirectMap2M:      892928 kB


CPU:total 2 (2 cores per cpu, 1 threads per core) family 6 model 23 stepping 10, cmov, cx8, fxsr, mmx, sse, sse2, sse3, ssse3, sse4.1, tsc

/proc/cpuinfo:
processor	: 0
vendor_id	: GenuineIntel
cpu family	: 6
model		: 23
model name	: Intel(R) Core(TM)2 Duo CPU     E8400  @ 3.00GHz
stepping	: 10
microcode	: 0xa0b
cpu MHz		: 3000.000
cache size	: 6144 KB
physical id	: 0
siblings	: 2
core id		: 0
cpu cores	: 2
apicid		: 0
initial apicid	: 0
fdiv_bug	: no
f00f_bug	: no
coma_bug	: no
fpu		: yes
fpu_exception	: yes
cpuid level	: 13
wp		: yes
flags		: fpu vme de pse tsc msr pae mce cx8 apic sep mtrr pge mca cmov pat pse36 clflush dts acpi mmx fxsr sse sse2 ss ht tm pbe nx lm constant_tsc arch_perfmon pebs bts aperfmperf pni dtes64 monitor ds_cpl vmx smx est tm2 ssse3 cx16 xtpr pdcm sse4_1 xsave lahf_lm dtherm tpr_shadow vnmi flexpriority
bogomips	: 5985.02
clflush size	: 64
cache_alignment	: 64
address sizes	: 36 bits physical, 48 bits virtual
power management:

processor	: 1
vendor_id	: GenuineIntel
cpu family	: 6
model		: 23
model name	: Intel(R) Core(TM)2 Duo CPU     E8400  @ 3.00GHz
stepping	: 10
microcode	: 0xa0b
cpu MHz		: 3000.000
cache size	: 6144 KB
physical id	: 0
siblings	: 2
core id		: 1
cpu cores	: 2
apicid		: 1
initial apicid	: 1
fdiv_bug	: no
f00f_bug	: no
coma_bug	: no
fpu		: yes
fpu_exception	: yes
cpuid level	: 13
wp		: yes
flags		: fpu vme de pse tsc msr pae mce cx8 apic sep mtrr pge mca cmov pat pse36 clflush dts acpi mmx fxsr sse sse2 ss ht tm pbe nx lm constant_tsc arch_perfmon pebs bts aperfmperf pni dtes64 monitor ds_cpl vmx smx est tm2 ssse3 cx16 xtpr pdcm sse4_1 xsave lahf_lm dtherm tpr_shadow vnmi flexpriority
bogomips	: 5985.02
clflush size	: 64
cache_alignment	: 64
address sizes	: 36 bits physical, 48 bits virtual
power management:



Memory: 4k page, physical 4066476k(250568k free), swap 764924k(4k free)

vm_info: Java HotSpot(TM) Server VM (24.79-b02) for linux-x86 JRE (1.7.0_79-b15), built on Apr 10 2015 11:52:49 by "java_re" with gcc 4.3.0 20080428 (Red Hat 4.3.0-8)

time: Sat Dec  5 14:15:52 2015
elapsed time: 17 seconds

